             t       dwdt_avg       dwdt_std         wt_avg         wt_std
  0.000000e+00  -4.724332e+03   1.605408e+03   0.000000e+00   0.000000e+00
  1.000000e-05  -6.295378e+03   1.577551e+03  -5.509855e-02   1.587151e-02
  2.000000e-05  -8.748842e+03   1.580483e+03  -1.303196e-01   3.157053e-02
  3.000000e-05  -1.064471e+04   1.573321e+03  -2.272874e-01   4.717862e-02
  4.000000e-05  -1.270939e+04   1.517129e+03  -3.440579e-01   6.243643e-02
  5.000000e-05  -1.454386e+04   1.483061e+03  -4.803242e-01   7.718794e-02
  6.000000e-05  -1.591084e+04   1.497739e+03  -6.325977e-01   9.179501e-02
  7.000000e-05  -1.740751e+04   1.482282e+03  -7.991894e-01   1.063438e-01
  8.000000e-05  -1.877346e+04   1.482502e+03  -9.800943e-01   1.207397e-01
  9.000000e-05  -2.061515e+04   1.434488e+03  -1.177037e+00   1.348604e-01
  1.000000e-04  -2.178179e+04   1.472341e+03  -1.389022e+00   1.489413e-01
  1.100000e-04  -2.315026e+04   1.479623e+03  -1.613682e+00   1.631699e-01
  1.200000e-04  -2.456360e+04   1.505585e+03  -1.852252e+00   1.774415e-01
  1.300000e-04  -2.625689e+04   1.509416e+03  -2.106354e+00   1.917997e-01
  1.400000e-04  -2.781613e+04   1.498930e+03  -2.376719e+00   2.060759e-01
  1.500000e-04  -2.936837e+04   1.478046e+03  -2.662642e+00   2.201544e-01
  1.600000e-04  -3.110221e+04   1.442945e+03  -2.964995e+00   2.339509e-01
  1.700000e-04  -3.279515e+04   1.446504e+03  -3.284481e+00   2.475746e-01
  1.800000e-04  -3.431682e+04   1.453851e+03  -3.620041e+00   2.612780e-01
  1.900000e-04  -3.574701e+04   1.443631e+03  -3.970360e+00   2.750668e-01
  2.000000e-04  -3.746682e+04   1.420415e+03  -4.336429e+00   2.887369e-01
  2.100000e-04  -3.882456e+04   1.391162e+03  -4.717886e+00   3.020300e-01
  2.200000e-04  -4.002230e+04   1.404399e+03  -5.112121e+00   3.151656e-01
  2.300000e-04  -4.166791e+04   1.430885e+03  -5.520572e+00   3.285169e-01
  2.400000e-04  -4.278283e+04   1.413017e+03  -5.942825e+00   3.418969e-01
  2.500000e-04  -4.410752e+04   1.412081e+03  -6.377277e+00   3.551976e-01
  2.600000e-04  -4.567344e+04   1.378928e+03  -6.826182e+00   3.683056e-01
  2.700000e-04  -4.697112e+04   1.374770e+03  -7.289405e+00   3.811729e-01
  2.800000e-04  -4.824334e+04   1.375998e+03  -7.765477e+00   3.939623e-01
  2.900000e-04  -4.963535e+04   1.374904e+03  -8.254870e+00   4.066084e-01
  3.000000e-04  -5.064083e+04   1.351384e+03  -8.756251e+00   4.190342e-01
  3.100000e-04  -5.172771e+04   1.350205e+03  -9.268094e+00   4.313192e-01
  3.200000e-04  -5.317060e+04   1.367767e+03  -9.792586e+00   4.436265e-01
  3.300000e-04  -5.434673e+04   1.340315e+03  -1.033017e+01   4.558508e-01
  3.400000e-04  -5.553948e+04   1.354670e+03  -1.087960e+01   4.680227e-01
  3.500000e-04  -5.675653e+04   1.365842e+03  -1.144108e+01   4.804137e-01
  3.600000e-04  -5.780657e+04   1.353308e+03  -1.201390e+01   4.929095e-01
  3.700000e-04  -5.910794e+04   1.346814e+03  -1.259847e+01   5.053314e-01
  3.800000e-04  -6.011258e+04   1.365478e+03  -1.319457e+01   5.177742e-01
  3.900000e-04  -6.097070e+04   1.371220e+03  -1.379999e+01   5.302909e-01
  4.000000e-04  -6.200481e+04   1.377543e+03  -1.441487e+01   5.428542e-01
  4.100000e-04  -6.333396e+04   1.382073e+03  -1.504156e+01   5.555486e-01
  4.200000e-04  -6.451853e+04   1.403098e+03  -1.568082e+01   5.683716e-01
  4.300000e-04  -6.545548e+04   1.382115e+03  -1.633069e+01   5.811193e-01
  4.400000e-04  -6.648665e+04   1.353262e+03  -1.699040e+01   5.935956e-01
  4.500000e-04  -6.743829e+04   1.341046e+03  -1.766003e+01   6.058182e-01
  4.600000e-04  -6.865265e+04   1.345088e+03  -1.834048e+01   6.179266e-01
  4.700000e-04  -6.974741e+04   1.321542e+03  -1.903248e+01   6.298710e-01
  4.800000e-04  -7.065485e+04   1.286078e+03  -1.973450e+01   6.414954e-01
  4.900000e-04  -7.159563e+04   1.293997e+03  -2.044575e+01   6.529328e-01
  5.000000e-04  -7.242408e+04   1.281964e+03  -2.116585e+01   6.641777e-01
  5.100000e-04  -7.368700e+04   1.243134e+03  -2.189640e+01   6.750001e-01
  5.200000e-04  -7.451977e+04   1.230170e+03  -2.263744e+01   6.856362e-01
  5.300000e-04  -7.546861e+04   1.208324e+03  -2.338738e+01   6.962028e-01
  5.400000e-04  -7.662376e+04   1.217883e+03  -2.414784e+01   7.066539e-01
  5.500000e-04  -7.748111e+04   1.230630e+03  -2.491836e+01   7.172045e-01
  5.600000e-04  -7.843579e+04   1.243691e+03  -2.569795e+01   7.278946e-01
  5.700000e-04  -7.939473e+04   1.238972e+03  -2.648710e+01   7.386401e-01
  5.800000e-04  -8.060357e+04   1.231171e+03  -2.728709e+01   7.492813e-01
  5.900000e-04  -8.153117e+04   1.242910e+03  -2.809777e+01   7.598064e-01
  6.000000e-04  -8.279294e+04   1.238903e+03  -2.891939e+01   7.703173e-01
  6.100000e-04  -8.362364e+04   1.196718e+03  -2.975147e+01   7.806472e-01
  6.200000e-04  -8.460889e+04   1.196220e+03  -3.059263e+01   7.907976e-01
  6.300000e-04  -8.542893e+04   1.187805e+03  -3.144282e+01   8.008744e-01
  6.400000e-04  -8.628561e+04   1.167354e+03  -3.230139e+01   8.108039e-01
  6.500000e-04  -8.699053e+04   1.126367e+03  -3.316778e+01   8.204570e-01
  6.600000e-04  -8.794235e+04   1.120249e+03  -3.404244e+01   8.298096e-01
  6.700000e-04  -8.862678e+04   1.102828e+03  -3.492529e+01   8.389585e-01
  6.800000e-04  -8.979150e+04   1.100914e+03  -3.581738e+01   8.480445e-01
  6.900000e-04  -9.068753e+04   1.108224e+03  -3.671977e+01   8.571828e-01
  7.000000e-04  -9.151863e+04   1.097787e+03  -3.763080e+01   8.662449e-01
  7.100000e-04  -9.237032e+04   1.067536e+03  -3.855025e+01   8.751172e-01
  7.200000e-04  -9.310033e+04   1.045905e+03  -3.947760e+01   8.837186e-01
  7.300000e-04  -9.378166e+04   1.037101e+03  -4.041201e+01   8.921171e-01
  7.400000e-04  -9.432872e+04   1.048520e+03  -4.135256e+01   9.005845e-01
  7.500000e-04  -9.527873e+04   1.067660e+03  -4.230060e+01   9.091843e-01
  7.600000e-04  -9.610900e+04   1.059556e+03  -4.325754e+01   9.178110e-01
  7.700000e-04  -9.665101e+04   1.037453e+03  -4.422134e+01   9.262894e-01
  7.800000e-04  -9.730998e+04   1.037710e+03  -4.519114e+01   9.346634e-01
  7.900000e-04  -9.792279e+04   1.041932e+03  -4.616731e+01   9.429856e-01
  8.000000e-04  -9.870740e+04   1.026716e+03  -4.715046e+01   9.511805e-01
  8.100000e-04  -9.970318e+04   1.028655e+03  -4.814251e+01   9.593048e-01
  8.200000e-04  -1.002615e+05   1.027476e+03  -4.914233e+01   9.674235e-01
  8.300000e-04  -1.006687e+05   1.036245e+03  -5.014699e+01   9.755724e-01
  8.400000e-04  -1.013746e+05   1.013862e+03  -5.115720e+01   9.836285e-01
  8.500000e-04  -1.018567e+05   1.005075e+03  -5.217336e+01   9.916357e-01
  8.600000e-04  -1.027412e+05   1.018441e+03  -5.319635e+01   9.997087e-01
  8.700000e-04  -1.031186e+05   1.031146e+03  -5.422565e+01   1.007848e+00
  8.800000e-04  -1.040306e+05   1.033823e+03  -5.526139e+01   1.016019e+00
  8.900000e-04  -1.049212e+05   1.029424e+03  -5.630615e+01   1.024148e+00
  9.000000e-04  -1.056596e+05   1.016773e+03  -5.735905e+01   1.032289e+00
  9.100000e-04  -1.068324e+05   1.019150e+03  -5.842151e+01   1.040417e+00
  9.200000e-04  -1.075839e+05   1.018413e+03  -5.949360e+01   1.048498e+00
  9.300000e-04  -1.082685e+05   1.001441e+03  -6.057286e+01   1.056480e+00
  9.400000e-04  -1.090743e+05   9.877597e+02  -6.165957e+01   1.064334e+00
  9.500000e-04  -1.096213e+05   9.696353e+02  -6.275305e+01   1.072034e+00
  9.600000e-04  -1.101231e+05   9.448030e+02  -6.385177e+01   1.079534e+00
  9.700000e-04  -1.110742e+05   9.588949e+02  -6.495776e+01   1.087044e+00
  9.800000e-04  -1.116486e+05   9.443080e+02  -6.607137e+01   1.094622e+00
  9.900000e-04  -1.123040e+05   9.290751e+02  -6.719113e+01   1.102097e+00
  1.000000e-03  -1.129112e+05   8.994875e+02  -6.831721e+01   1.109340e+00
  1.010000e-03  -1.136015e+05   9.103015e+02  -6.944977e+01   1.116428e+00
  1.020000e-03  -1.138558e+05   9.119080e+02  -7.058706e+01   1.123546e+00
  1.030000e-03  -1.145426e+05   9.195035e+02  -7.172905e+01   1.130678e+00
  1.040000e-03  -1.153943e+05   9.214108e+02  -7.287874e+01   1.137671e+00
  1.050000e-03  -1.162209e+05   9.142781e+02  -7.403681e+01   1.144439e+00
  1.060000e-03  -1.166941e+05   9.156955e+02  -7.520139e+01   1.151074e+00
  1.070000e-03  -1.171421e+05   9.222827e+02  -7.637057e+01   1.157705e+00
  1.080000e-03  -1.174371e+05   9.154433e+02  -7.754347e+01   1.164407e+00
  1.090000e-03  -1.180804e+05   8.990498e+02  -7.872105e+01   1.171102e+00
  1.100000e-03  -1.186307e+05   9.217202e+02  -7.990461e+01   1.177771e+00
  1.110000e-03  -1.193688e+05   9.218891e+02  -8.109460e+01   1.184437e+00
  1.120000e-03  -1.198667e+05   9.405083e+02  -8.229078e+01   1.191058e+00
  1.130000e-03  -1.200971e+05   9.459884e+02  -8.349060e+01   1.197647e+00
  1.140000e-03  -1.204293e+05   9.343735e+02  -8.469323e+01   1.204132e+00
  1.150000e-03  -1.211045e+05   9.313752e+02  -8.590090e+01   1.210539e+00
  1.160000e-03  -1.217455e+05   9.320104e+02  -8.711515e+01   1.216952e+00
  1.170000e-03  -1.224281e+05   9.181537e+02  -8.833602e+01   1.223427e+00
  1.180000e-03  -1.230966e+05   8.805765e+02  -8.956365e+01   1.229815e+00
  1.190000e-03  -1.238492e+05   8.700665e+02  -9.079837e+01   1.236084e+00
  1.200000e-03  -1.244754e+05   8.715914e+02  -9.204000e+01   1.242418e+00
  1.210000e-03  -1.253601e+05   8.531156e+02  -9.328917e+01   1.248766e+00
  1.220000e-03  -1.260643e+05   8.490566e+02  -9.454630e+01   1.254917e+00
  1.230000e-03  -1.265758e+05   8.425269e+02  -9.580950e+01   1.260857e+00
  1.240000e-03  -1.269439e+05   8.247954e+02  -9.707710e+01   1.266625e+00
  1.250000e-03  -1.276043e+05   8.379214e+02  -9.834984e+01   1.272244e+00
  1.260000e-03  -1.283075e+05   8.363953e+02  -9.962940e+01   1.277824e+00
  1.270000e-03  -1.289255e+05   8.297698e+02  -1.009156e+02   1.283254e+00
  1.280000e-03  -1.294458e+05   8.395532e+02  -1.022074e+02   1.288518e+00
  1.290000e-03  -1.300550e+05   8.250540e+02  -1.035049e+02   1.293721e+00
  1.300000e-03  -1.306230e+05   8.241537e+02  -1.048083e+02   1.298855e+00
  1.310000e-03  -1.310860e+05   8.242297e+02  -1.061169e+02   1.304039e+00
  1.320000e-03  -1.317757e+05   8.380036e+02  -1.074312e+02   1.309354e+00
  1.330000e-03  -1.322388e+05   8.700449e+02  -1.087512e+02   1.314824e+00
  1.340000e-03  -1.328022e+05   8.917346e+02  -1.100764e+02   1.320458e+00
  1.350000e-03  -1.333384e+05   8.897289e+02  -1.114071e+02   1.326099e+00
  1.360000e-03  -1.339058e+05   8.717620e+02  -1.127434e+02   1.331519e+00
  1.370000e-03  -1.344056e+05   8.643555e+02  -1.140849e+02   1.336710e+00
  1.380000e-03  -1.349183e+05   8.468742e+02  -1.154315e+02   1.341750e+00
  1.390000e-03  -1.353295e+05   8.820367e+02  -1.167828e+02   1.346660e+00
  1.400000e-03  -1.358305e+05   8.807001e+02  -1.181386e+02   1.351505e+00
  1.410000e-03  -1.363547e+05   8.719120e+02  -1.194995e+02   1.356348e+00
  1.420000e-03  -1.367826e+05   8.549928e+02  -1.208652e+02   1.361110e+00
  1.430000e-03  -1.372088e+05   8.505716e+02  -1.222352e+02   1.365769e+00
  1.440000e-03  -1.377528e+05   8.426778e+02  -1.236100e+02   1.370421e+00
  1.450000e-03  -1.383956e+05   8.218281e+02  -1.249907e+02   1.375047e+00
  1.460000e-03  -1.387832e+05   8.264258e+02  -1.263766e+02   1.379732e+00
  1.470000e-03  -1.392217e+05   8.214187e+02  -1.277666e+02   1.384556e+00
  1.480000e-03  -1.395415e+05   8.343012e+02  -1.291604e+02   1.389530e+00
  1.490000e-03  -1.399060e+05   8.246004e+02  -1.305577e+02   1.394482e+00
  1.500000e-03  -1.405549e+05   7.979585e+02  -1.319600e+02   1.399250e+00
  1.510000e-03  -1.411483e+05   8.233625e+02  -1.333685e+02   1.403927e+00
  1.520000e-03  -1.416524e+05   8.307387e+02  -1.347825e+02   1.408645e+00
  1.530000e-03  -1.422169e+05   8.310718e+02  -1.362018e+02   1.413396e+00
  1.540000e-03  -1.427190e+05   8.190870e+02  -1.376265e+02   1.418132e+00
  1.550000e-03  -1.431837e+05   8.040569e+02  -1.390560e+02   1.422814e+00
  1.560000e-03  -1.435960e+05   8.081174e+02  -1.404899e+02   1.427496e+00
  1.570000e-03  -1.442126e+05   7.955589e+02  -1.419290e+02   1.432136e+00
  1.580000e-03  -1.444625e+05   7.916712e+02  -1.433724e+02   1.436636e+00
  1.590000e-03  -1.448284e+05   7.789280e+02  -1.448188e+02   1.441077e+00
  1.600000e-03  -1.454367e+05   7.564406e+02  -1.462701e+02   1.445413e+00
  1.610000e-03  -1.457917e+05   7.392144e+02  -1.477263e+02   1.449592e+00
  1.620000e-03  -1.461630e+05   7.386158e+02  -1.491860e+02   1.453686e+00
  1.630000e-03  -1.467101e+05   7.355653e+02  -1.506504e+02   1.457776e+00
  1.640000e-03  -1.471719e+05   7.426976e+02  -1.521198e+02   1.461793e+00
  1.650000e-03  -1.474751e+05   7.526129e+02  -1.535931e+02   1.465757e+00
  1.660000e-03  -1.478245e+05   7.388561e+02  -1.550696e+02   1.469650e+00
  1.670000e-03  -1.481963e+05   7.297371e+02  -1.565497e+02   1.473402e+00
  1.680000e-03  -1.485125e+05   7.330281e+02  -1.580332e+02   1.477080e+00
  1.690000e-03  -1.489335e+05   7.628765e+02  -1.595204e+02   1.480842e+00
  1.700000e-03  -1.493036e+05   7.484222e+02  -1.610116e+02   1.484617e+00
  1.710000e-03  -1.496190e+05   7.731834e+02  -1.625062e+02   1.488328e+00
  1.720000e-03  -1.500562e+05   7.720855e+02  -1.640046e+02   1.492042e+00
  1.730000e-03  -1.505225e+05   7.642304e+02  -1.655075e+02   1.495692e+00
  1.740000e-03  -1.510979e+05   7.545694e+02  -1.670156e+02   1.499348e+00
  1.750000e-03  -1.514350e+05   7.645472e+02  -1.685283e+02   1.502984e+00
  1.760000e-03  -1.516128e+05   7.823669e+02  -1.700435e+02   1.506612e+00
  1.770000e-03  -1.519749e+05   7.830560e+02  -1.715614e+02   1.510307e+00
  1.780000e-03  -1.523598e+05   7.901684e+02  -1.730831e+02   1.514019e+00
  1.790000e-03  -1.527022e+05   8.004693e+02  -1.746084e+02   1.517765e+00
  1.800000e-03  -1.530111e+05   7.861056e+02  -1.761370e+02   1.521580e+00
  1.810000e-03  -1.536169e+05   7.731584e+02  -1.776701e+02   1.525396e+00
  1.820000e-03  -1.541347e+05   7.761389e+02  -1.792089e+02   1.529280e+00
  1.830000e-03  -1.543895e+05   7.513356e+02  -1.807515e+02   1.533309e+00
  1.840000e-03  -1.546942e+05   7.453878e+02  -1.822969e+02   1.537361e+00
  1.850000e-03  -1.552332e+05   7.406147e+02  -1.838466e+02   1.541386e+00
  1.860000e-03  -1.556980e+05   7.403213e+02  -1.854012e+02   1.545369e+00
  1.870000e-03  -1.562876e+05   7.402246e+02  -1.869612e+02   1.549331e+00
  1.880000e-03  -1.567551e+05   7.247723e+02  -1.885264e+02   1.553166e+00
  1.890000e-03  -1.570715e+05   7.200048e+02  -1.900955e+02   1.556804e+00
  1.900000e-03  -1.574306e+05   7.132014e+02  -1.916680e+02   1.560478e+00
  1.910000e-03  -1.578110e+05   7.227876e+02  -1.932442e+02   1.564324e+00
  1.920000e-03  -1.580436e+05   7.251060e+02  -1.948235e+02   1.568260e+00
  1.930000e-03  -1.584663e+05   7.172890e+02  -1.964060e+02   1.572189e+00
  1.940000e-03  -1.589722e+05   7.102858e+02  -1.979932e+02   1.576138e+00
  1.950000e-03  -1.593061e+05   7.082221e+02  -1.995846e+02   1.580209e+00
  1.960000e-03  -1.596857e+05   7.117341e+02  -2.011796e+02   1.584366e+00
  1.970000e-03  -1.601277e+05   7.233864e+02  -2.027787e+02   1.588580e+00
  1.980000e-03  -1.605431e+05   7.225260e+02  -2.043820e+02   1.592813e+00
  1.990000e-03  -1.606505e+05   7.279766e+02  -2.059880e+02   1.597043e+00
  2.000000e-03  -1.611777e+05   7.428277e+02  -2.075971e+02   1.601381e+00
  2.010000e-03  -1.615079e+05   7.446601e+02  -2.092105e+02   1.605807e+00
  2.020000e-03  -1.619295e+05   7.433057e+02  -2.108277e+02   1.610197e+00
  2.030000e-03  -1.622325e+05   7.219521e+02  -2.124485e+02   1.614439e+00
  2.040000e-03  -1.626930e+05   7.000377e+02  -2.140732e+02   1.618499e+00
  2.050000e-03  -1.629835e+05   7.089496e+02  -2.157016e+02   1.622530e+00
  2.060000e-03  -1.634472e+05   7.044461e+02  -2.173337e+02   1.626489e+00
  2.070000e-03  -1.636603e+05   7.260041e+02  -2.189692e+02   1.630278e+00
  2.080000e-03  -1.639188e+05   7.139953e+02  -2.206071e+02   1.634031e+00
  2.090000e-03  -1.642951e+05   7.138032e+02  -2.222482e+02   1.637748e+00
  2.100000e-03  -1.647376e+05   6.843817e+02  -2.238934e+02   1.641341e+00
  2.110000e-03  -1.653156e+05   6.756912e+02  -2.255436e+02   1.644818e+00
  2.120000e-03  -1.654908e+05   6.672601e+02  -2.271977e+02   1.648228e+00
  2.130000e-03  -1.658575e+05   6.349691e+02  -2.288544e+02   1.651483e+00
  2.140000e-03  -1.661259e+05   6.335481e+02  -2.305143e+02   1.654537e+00
  2.150000e-03  -1.665651e+05   6.170117e+02  -2.321778e+02   1.657431e+00
  2.160000e-03  -1.668302e+05   6.000834e+02  -2.338448e+02   1.660132e+00
  2.170000e-03  -1.669562e+05   6.260981e+02  -2.355137e+02   1.662745e+00
  2.180000e-03  -1.671562e+05   6.190796e+02  -2.371843e+02   1.665377e+00
  2.190000e-03  -1.674121e+05   6.088986e+02  -2.388571e+02   1.668003e+00
  2.200000e-03  -1.677535e+05   6.187135e+02  -2.405329e+02   1.670676e+00
  2.210000e-03  -1.682312e+05   6.080195e+02  -2.422129e+02   1.673363e+00
  2.220000e-03  -1.683430e+05   5.997358e+02  -2.438957e+02   1.676005e+00
  2.230000e-03  -1.687044e+05   5.848973e+02  -2.455810e+02   1.678403e+00
  2.240000e-03  -1.690060e+05   5.765293e+02  -2.472695e+02   1.680460e+00
  2.250000e-03  -1.694318e+05   5.657895e+02  -2.489617e+02   1.682393e+00
  2.260000e-03  -1.698012e+05   5.638243e+02  -2.506579e+02   1.684344e+00
  2.270000e-03  -1.702583e+05   5.681123e+02  -2.523582e+02   1.686331e+00
  2.280000e-03  -1.705540e+05   5.713637e+02  -2.540622e+02   1.688284e+00
  2.290000e-03  -1.710530e+05   5.585891e+02  -2.557703e+02   1.690226e+00
  2.300000e-03  -1.714234e+05   5.597570e+02  -2.574826e+02   1.692219e+00
  2.310000e-03  -1.717855e+05   5.502218e+02  -2.591987e+02   1.694164e+00
  2.320000e-03  -1.722555e+05   5.516043e+02  -2.609189e+02   1.696052e+00
  2.330000e-03  -1.725091e+05   5.495248e+02  -2.626427e+02   1.698028e+00
  2.340000e-03  -1.726668e+05   5.701591e+02  -2.643686e+02   1.700198e+00
  2.350000e-03  -1.730910e+05   5.676741e+02  -2.660974e+02   1.702575e+00
  2.360000e-03  -1.732578e+05   5.719037e+02  -2.678291e+02   1.705077e+00
  2.370000e-03  -1.735806e+05   5.781461e+02  -2.695633e+02   1.707628e+00
  2.380000e-03  -1.739292e+05   5.698835e+02  -2.713009e+02   1.710136e+00
  2.390000e-03  -1.743061e+05   5.721851e+02  -2.730420e+02   1.712473e+00
  2.400000e-03  -1.744455e+05   5.641835e+02  -2.747858e+02   1.714703e+00
  2.410000e-03  -1.745832e+05   5.698135e+02  -2.765309e+02   1.716906e+00
  2.420000e-03  -1.749709e+05   5.732085e+02  -2.782787e+02   1.719042e+00
  2.430000e-03  -1.752612e+05   5.782466e+02  -2.800299e+02   1.721203e+00
  2.440000e-03  -1.755783e+05   5.788197e+02  -2.817841e+02   1.723369e+00
  2.450000e-03  -1.758984e+05   5.716764e+02  -2.835415e+02   1.725418e+00
  2.460000e-03  -1.760314e+05   5.853448e+02  -2.853011e+02   1.727455e+00
  2.470000e-03  -1.764079e+05   5.783272e+02  -2.870633e+02   1.729569e+00
  2.480000e-03  -1.766994e+05   5.653500e+02  -2.888288e+02   1.731705e+00
  2.490000e-03  -1.768383e+05   5.607255e+02  -2.905965e+02   1.733870e+00
  2.500000e-03  -1.771576e+05   5.656870e+02  -2.923665e+02   1.736092e+00
  2.510000e-03  -1.775666e+05   5.667999e+02  -2.941401e+02   1.738313e+00
  2.520000e-03  -1.778644e+05   5.718321e+02  -2.959173e+02   1.740564e+00
  2.530000e-03  -1.779888e+05   5.564044e+02  -2.976965e+02   1.742855e+00
  2.540000e-03  -1.782534e+05   5.554076e+02  -2.994778e+02   1.745136e+00
  2.550000e-03  -1.784309e+05   5.727071e+02  -3.012612e+02   1.747444e+00
  2.560000e-03  -1.786545e+05   5.667131e+02  -3.030466e+02   1.749752e+00
  2.570000e-03  -1.788277e+05   5.782770e+02  -3.048340e+02   1.751946e+00
  2.580000e-03  -1.790331e+05   5.819567e+02  -3.066233e+02   1.754039e+00
  2.590000e-03  -1.793496e+05   5.973156e+02  -3.084152e+02   1.756130e+00
  2.600000e-03  -1.797218e+05   5.787817e+02  -3.102106e+02   1.758254e+00
  2.610000e-03  -1.799789e+05   5.831015e+02  -3.120091e+02   1.760385e+00
  2.620000e-03  -1.802676e+05   5.742905e+02  -3.138103e+02   1.762478e+00
  2.630000e-03  -1.804039e+05   5.755537e+02  -3.156137e+02   1.764507e+00
  2.640000e-03  -1.807730e+05   5.804741e+02  -3.174196e+02   1.766506e+00
  2.650000e-03  -1.811780e+05   5.701673e+02  -3.192293e+02   1.768521e+00
  2.660000e-03  -1.813629e+05   5.499057e+02  -3.210420e+02   1.770399e+00
  2.670000e-03  -1.816299e+05   5.570766e+02  -3.228570e+02   1.772072e+00
  2.680000e-03  -1.819900e+05   5.382630e+02  -3.246751e+02   1.773735e+00
  2.690000e-03  -1.822420e+05   5.227228e+02  -3.264963e+02   1.775350e+00
  2.700000e-03  -1.823279e+05   5.194213e+02  -3.283191e+02   1.776914e+00
  2.710000e-03  -1.825721e+05   5.075782e+02  -3.301436e+02   1.778538e+00
  2.720000e-03  -1.827512e+05   5.181938e+02  -3.319702e+02   1.780180e+00
  2.730000e-03  -1.830477e+05   5.290497e+02  -3.337992e+02   1.781829e+00
  2.740000e-03  -1.832372e+05   5.424463e+02  -3.356306e+02   1.783590e+00
  2.750000e-03  -1.835676e+05   5.505880e+02  -3.374647e+02   1.785518e+00
  2.760000e-03  -1.837920e+05   5.472484e+02  -3.393015e+02   1.787530e+00
  2.770000e-03  -1.841901e+05   5.304164e+02  -3.411414e+02   1.789452e+00
  2.780000e-03  -1.842868e+05   5.207204e+02  -3.429838e+02   1.791268e+00
  2.790000e-03  -1.845691e+05   5.168066e+02  -3.448280e+02   1.793117e+00
  2.800000e-03  -1.849233e+05   5.107064e+02  -3.466755e+02   1.795030e+00
  2.810000e-03  -1.853046e+05   5.164093e+02  -3.485266e+02   1.797008e+00
  2.820000e-03  -1.856934e+05   5.324004e+02  -3.503816e+02   1.799078e+00
  2.830000e-03  -1.859194e+05   5.478769e+02  -3.522397e+02   1.801136e+00
  2.840000e-03  -1.860754e+05   5.456338e+02  -3.540997e+02   1.803129e+00
  2.850000e-03  -1.863324e+05   5.477474e+02  -3.559617e+02   1.805138e+00
  2.860000e-03  -1.865875e+05   5.371201e+02  -3.578263e+02   1.807136e+00
  2.870000e-03  -1.868761e+05   5.254704e+02  -3.596936e+02   1.809040e+00
  2.880000e-03  -1.872550e+05   5.180874e+02  -3.615643e+02   1.810891e+00
  2.890000e-03  -1.875751e+05   5.165635e+02  -3.634384e+02   1.812784e+00
  2.900000e-03  -1.877240e+05   5.190322e+02  -3.653149e+02   1.814670e+00
  2.910000e-03  -1.879299e+05   5.180692e+02  -3.671932e+02   1.816508e+00
  2.920000e-03  -1.882523e+05   5.259717e+02  -3.690741e+02   1.818284e+00
  2.930000e-03  -1.883569e+05   5.155461e+02  -3.709572e+02   1.819977e+00
  2.940000e-03  -1.888267e+05   5.157038e+02  -3.728431e+02   1.821711e+00
  2.950000e-03  -1.891584e+05   5.091314e+02  -3.747330e+02   1.823467e+00
  2.960000e-03  -1.894951e+05   5.108563e+02  -3.766263e+02   1.825085e+00
  2.970000e-03  -1.896830e+05   5.150240e+02  -3.785222e+02   1.826715e+00
  2.980000e-03  -1.898854e+05   5.188708e+02  -3.804200e+02   1.828470e+00
  2.990000e-03  -1.900913e+05   5.356103e+02  -3.823199e+02   1.830250e+00
  3.000000e-03  -1.904081e+05   5.169901e+02  -3.842224e+02   1.832072e+00
  3.010000e-03  -1.906620e+05   5.172943e+02  -3.861277e+02   1.833907e+00
  3.020000e-03  -1.908581e+05   5.071133e+02  -3.880353e+02   1.835613e+00
  3.030000e-03  -1.910705e+05   5.003773e+02  -3.899450e+02   1.837201e+00
  3.040000e-03  -1.912079e+05   5.003693e+02  -3.918564e+02   1.838755e+00
  3.050000e-03  -1.914960e+05   4.945624e+02  -3.937699e+02   1.840300e+00
  3.060000e-03  -1.917629e+05   4.839953e+02  -3.956862e+02   1.841783e+00
  3.070000e-03  -1.919642e+05   4.897618e+02  -3.976048e+02   1.843159e+00
  3.080000e-03  -1.921390e+05   4.890985e+02  -3.995253e+02   1.844412e+00
  3.090000e-03  -1.923756e+05   4.868868e+02  -4.014479e+02   1.845721e+00
  3.100000e-03  -1.927259e+05   4.955432e+02  -4.033734e+02   1.847122e+00
  3.110000e-03  -1.929151e+05   4.955517e+02  -4.053016e+02   1.848520e+00
  3.120000e-03  -1.931245e+05   5.012872e+02  -4.072318e+02   1.849974e+00
  3.130000e-03  -1.932289e+05   4.948445e+02  -4.091636e+02   1.851478e+00
  3.140000e-03  -1.932923e+05   4.960875e+02  -4.110962e+02   1.852981e+00
  3.150000e-03  -1.936289e+05   4.779464e+02  -4.130308e+02   1.854342e+00
  3.160000e-03  -1.938995e+05   4.686132e+02  -4.149684e+02   1.855633e+00
  3.170000e-03  -1.941578e+05   4.589300e+02  -4.169087e+02   1.856958e+00
  3.180000e-03  -1.942403e+05   4.592751e+02  -4.188507e+02   1.858262e+00
  3.190000e-03  -1.943742e+05   4.755263e+02  -4.207938e+02   1.859637e+00
  3.200000e-03  -1.945748e+05   4.796790e+02  -4.227385e+02   1.861077e+00
  3.210000e-03  -1.946951e+05   4.901956e+02  -4.246849e+02   1.862535e+00
  3.220000e-03  -1.948287e+05   4.851526e+02  -4.266325e+02   1.864044e+00
  3.230000e-03  -1.951440e+05   4.886893e+02  -4.285824e+02   1.865557e+00
  3.240000e-03  -1.951859e+05   4.868127e+02  -4.305340e+02   1.867073e+00
  3.250000e-03  -1.953049e+05   4.887239e+02  -4.324865e+02   1.868631e+00
  3.260000e-03  -1.954253e+05   4.641171e+02  -4.344401e+02   1.870138e+00
  3.270000e-03  -1.955673e+05   4.632126e+02  -4.363951e+02   1.871560e+00
  3.280000e-03  -1.957702e+05   4.839965e+02  -4.383518e+02   1.872986e+00
  3.290000e-03  -1.959791e+05   4.892098e+02  -4.403105e+02   1.874403e+00
  3.300000e-03  -1.962096e+05   4.833325e+02  -4.422715e+02   1.875809e+00
  3.310000e-03  -1.964371e+05   4.940529e+02  -4.442347e+02   1.877124e+00
  3.320000e-03  -1.965661e+05   4.848525e+02  -4.461997e+02   1.878250e+00
  3.330000e-03  -1.968090e+05   4.899931e+02  -4.481666e+02   1.879252e+00
  3.340000e-03  -1.970219e+05   4.806683e+02  -4.501357e+02   1.880167e+00
  3.350000e-03  -1.970815e+05   4.768333e+02  -4.521063e+02   1.881076e+00
  3.360000e-03  -1.972010e+05   4.853590e+02  -4.540777e+02   1.882065e+00
  3.370000e-03  -1.975035e+05   5.078912e+02  -4.560512e+02   1.883034e+00
  3.380000e-03  -1.976134e+05   5.179250e+02  -4.580268e+02   1.883974e+00
  3.390000e-03  -1.978841e+05   5.040242e+02  -4.600043e+02   1.884902e+00
  3.400000e-03  -1.979376e+05   5.008217e+02  -4.619834e+02   1.885880e+00
  3.410000e-03  -1.982020e+05   5.090017e+02  -4.639641e+02   1.887000e+00
  3.420000e-03  -1.983535e+05   5.225468e+02  -4.659468e+02   1.888137e+00
  3.430000e-03  -1.986822e+05   5.021522e+02  -4.679320e+02   1.889150e+00
  3.440000e-03  -1.989401e+05   4.975717e+02  -4.699201e+02   1.890119e+00
  3.450000e-03  -1.991657e+05   4.838651e+02  -4.719107e+02   1.891244e+00
  3.460000e-03  -1.993251e+05   4.829419e+02  -4.739031e+02   1.892512e+00
  3.470000e-03  -1.995496e+05   4.760204e+02  -4.758975e+02   1.893820e+00
  3.480000e-03  -1.996350e+05   4.779627e+02  -4.778934e+02   1.895199e+00
  3.490000e-03  -1.996507e+05   4.824162e+02  -4.798898e+02   1.896664e+00
  3.500000e-03  -1.998089e+05   4.749713e+02  -4.818871e+02   1.898185e+00
  3.510000e-03  -2.000979e+05   4.743180e+02  -4.838867e+02   1.899718e+00
  3.520000e-03  -2.001854e+05   4.670094e+02  -4.858881e+02   1.901250e+00
  3.530000e-03  -2.003745e+05   4.703634e+02  -4.878909e+02   1.902766e+00
  3.540000e-03  -2.004740e+05   4.659427e+02  -4.898951e+02   1.904250e+00
  3.550000e-03  -2.006395e+05   4.683409e+02  -4.919007e+02   1.905694e+00
  3.560000e-03  -2.008740e+05   4.517208e+02  -4.939083e+02   1.907113e+00
  3.570000e-03  -2.010894e+05   4.585311e+02  -4.959181e+02   1.908563e+00
  3.580000e-03  -2.012507e+05   4.654675e+02  -4.979298e+02   1.910033e+00
  3.590000e-03  -2.015090e+05   4.607883e+02  -4.999436e+02   1.911460e+00
  3.600000e-03  -2.016867e+05   4.701077e+02  -5.019596e+02   1.912839e+00
  3.610000e-03  -2.017756e+05   4.828971e+02  -5.039769e+02   1.914212e+00
  3.620000e-03  -2.019393e+05   4.965562e+02  -5.059954e+02   1.915566e+00
  3.630000e-03  -2.021479e+05   5.026107e+02  -5.080159e+02   1.916916e+00
  3.640000e-03  -2.023943e+05   4.842005e+02  -5.100386e+02   1.918223e+00
  3.650000e-03  -2.028472e+05   4.979471e+02  -5.120648e+02   1.919502e+00
  3.660000e-03  -2.029461e+05   4.893018e+02  -5.140938e+02   1.920822e+00
  3.670000e-03  -2.031784e+05   4.903758e+02  -5.161244e+02   1.922174e+00
  3.680000e-03  -2.033173e+05   4.886367e+02  -5.181569e+02   1.923519e+00
  3.690000e-03  -2.036810e+05   4.893064e+02  -5.201919e+02   1.924807e+00
  3.700000e-03  -2.040231e+05   4.854504e+02  -5.222304e+02   1.926083e+00
  3.710000e-03  -2.041532e+05   4.757361e+02  -5.242713e+02   1.927308e+00
  3.720000e-03  -2.044145e+05   4.629026e+02  -5.263141e+02   1.928408e+00
  3.730000e-03  -2.045903e+05   4.580983e+02  -5.283591e+02   1.929385e+00
  3.740000e-03  -2.047190e+05   4.663556e+02  -5.304057e+02   1.930371e+00
  3.750000e-03  -2.048586e+05   4.675088e+02  -5.324536e+02   1.931430e+00
  3.760000e-03  -2.049980e+05   4.603359e+02  -5.345028e+02   1.932505e+00
  3.770000e-03  -2.051268e+05   4.681309e+02  -5.365535e+02   1.933625e+00
  3.780000e-03  -2.052358e+05   4.838282e+02  -5.386053e+02   1.934788e+00
  3.790000e-03  -2.053480e+05   4.855804e+02  -5.406582e+02   1.936010e+00
  3.800000e-03  -2.053790e+05   4.909506e+02  -5.427118e+02   1.937327e+00
  3.810000e-03  -2.055195e+05   4.720139e+02  -5.447663e+02   1.938674e+00
  3.820000e-03  -2.056699e+05   4.721604e+02  -5.468223e+02   1.939951e+00
  3.830000e-03  -2.059452e+05   4.615625e+02  -5.488803e+02   1.941127e+00
  3.840000e-03  -2.059360e+05   4.573185e+02  -5.509398e+02   1.942242e+00
  3.850000e-03  -2.061250e+05   4.464940e+02  -5.530001e+02   1.943322e+00
  3.860000e-03  -2.062834e+05   4.458193e+02  -5.550621e+02   1.944384e+00
  3.870000e-03  -2.064665e+05   4.413674e+02  -5.571259e+02   1.945414e+00
  3.880000e-03  -2.067043e+05   4.480300e+02  -5.591917e+02   1.946462e+00
  3.890000e-03  -2.068677e+05   4.367198e+02  -5.612596e+02   1.947566e+00
  3.900000e-03  -2.069509e+05   4.551054e+02  -5.633287e+02   1.948695e+00
  3.910000e-03  -2.071696e+05   4.541702e+02  -5.653993e+02   1.949854e+00
  3.920000e-03  -2.074211e+05   4.547868e+02  -5.674722e+02   1.950948e+00
  3.930000e-03  -2.075570e+05   4.571018e+02  -5.695471e+02   1.951968e+00
  3.940000e-03  -2.078390e+05   4.491713e+02  -5.716241e+02   1.952874e+00
  3.950000e-03  -2.081665e+05   4.622650e+02  -5.737041e+02   1.953689e+00
  3.960000e-03  -2.083309e+05   4.573079e+02  -5.757866e+02   1.954475e+00
  3.970000e-03  -2.084177e+05   4.477713e+02  -5.778703e+02   1.955166e+00
  3.980000e-03  -2.086038e+05   4.384347e+02  -5.799554e+02   1.955836e+00
  3.990000e-03  -2.087562e+05   4.352525e+02  -5.820422e+02   1.956530e+00
  4.000000e-03  -2.089821e+05   4.260536e+02  -5.841309e+02   1.957185e+00
  4.010000e-03  -2.091352e+05   4.186993e+02  -5.862215e+02   1.957711e+00
  4.020000e-03  -2.093807e+05   4.226463e+02  -5.883141e+02   1.958203e+00
  4.030000e-03  -2.095643e+05   4.277748e+02  -5.904088e+02   1.958747e+00
  4.040000e-03  -2.098018e+05   4.268079e+02  -5.925057e+02   1.959355e+00
  4.050000e-03  -2.100285e+05   4.378620e+02  -5.946048e+02   1.960125e+00
  4.060000e-03  -2.101999e+05   4.288422e+02  -5.967060e+02   1.960989e+00
  4.070000e-03  -2.103680e+05   4.340926e+02  -5.988088e+02   1.961813e+00
  4.080000e-03  -2.105227e+05   4.313271e+02  -6.009132e+02   1.962609e+00
  4.090000e-03  -2.107128e+05   4.256170e+02  -6.030194e+02   1.963491e+00
  4.100000e-03  -2.107856e+05   4.334206e+02  -6.051269e+02   1.964475e+00
  4.110000e-03  -2.108902e+05   4.238012e+02  -6.072353e+02   1.965443e+00
  4.120000e-03  -2.109425e+05   4.251890e+02  -6.093445e+02   1.966392e+00
  4.130000e-03  -2.111449e+05   4.162597e+02  -6.114549e+02   1.967447e+00
  4.140000e-03  -2.112069e+05   4.188683e+02  -6.135667e+02   1.968517e+00
  4.150000e-03  -2.114680e+05   4.113479e+02  -6.156800e+02   1.969516e+00
  4.160000e-03  -2.117065e+05   4.254346e+02  -6.177959e+02   1.970461e+00
  4.170000e-03  -2.118432e+05   4.320205e+02  -6.199137e+02   1.971379e+00
  4.180000e-03  -2.121003e+05   4.308662e+02  -6.220334e+02   1.972339e+00
  4.190000e-03  -2.122594e+05   4.310554e+02  -6.241552e+02   1.973263e+00
  4.200000e-03  -2.126579e+05   4.205810e+02  -6.262798e+02   1.974162e+00
  4.210000e-03  -2.127872e+05   4.119334e+02  -6.284070e+02   1.975091e+00
  4.220000e-03  -2.128560e+05   3.969616e+02  -6.305352e+02   1.976007e+00
  4.230000e-03  -2.129398e+05   4.004503e+02  -6.326642e+02   1.976913e+00
  4.240000e-03  -2.131670e+05   4.007935e+02  -6.347947e+02   1.977802e+00
  4.250000e-03  -2.132632e+05   4.134031e+02  -6.369269e+02   1.978660e+00
  4.260000e-03  -2.134090e+05   4.193427e+02  -6.390602e+02   1.979506e+00
  4.270000e-03  -2.133419e+05   4.203041e+02  -6.411940e+02   1.980399e+00
  4.280000e-03  -2.135719e+05   4.228296e+02  -6.433285e+02   1.981297e+00
  4.290000e-03  -2.137713e+05   4.288603e+02  -6.454653e+02   1.982195e+00
  4.300000e-03  -2.139262e+05   4.300484e+02  -6.476037e+02   1.983154e+00
  4.310000e-03  -2.138903e+05   4.237515e+02  -6.497428e+02   1.984162e+00
  4.320000e-03  -2.139916e+05   4.249996e+02  -6.518822e+02   1.985183e+00
  4.330000e-03  -2.141567e+05   4.243454e+02  -6.540230e+02   1.986237e+00
  4.340000e-03  -2.143133e+05   4.301597e+02  -6.561653e+02   1.987304e+00
  4.350000e-03  -2.144899e+05   4.344912e+02  -6.583093e+02   1.988444e+00
  4.360000e-03  -2.146685e+05   4.336568e+02  -6.604551e+02   1.989634e+00
  4.370000e-03  -2.146344e+05   4.306536e+02  -6.626017e+02   1.990794e+00
  4.380000e-03  -2.147056e+05   4.304529e+02  -6.647484e+02   1.991961e+00
  4.390000e-03  -2.148141e+05   4.223275e+02  -6.668959e+02   1.993125e+00
  4.400000e-03  -2.150398e+05   4.279895e+02  -6.690452e+02   1.994344e+00
  4.410000e-03  -2.151957e+05   4.314428e+02  -6.711964e+02   1.995577e+00
  4.420000e-03  -2.154740e+05   4.221497e+02  -6.733497e+02   1.996836e+00
  4.430000e-03  -2.156122e+05   4.355741e+02  -6.755052e+02   1.998204e+00
  4.440000e-03  -2.156112e+05   4.337746e+02  -6.776613e+02   1.999655e+00
  4.450000e-03  -2.157317e+05   4.440128e+02  -6.798180e+02   2.001092e+00
  4.460000e-03  -2.160041e+05   4.370133e+02  -6.819767e+02   2.002514e+00
  4.470000e-03  -2.161794e+05   4.452039e+02  -6.841376e+02   2.003935e+00
  4.480000e-03  -2.164283e+05   4.449047e+02  -6.863006e+02   2.005296e+00
  4.490000e-03  -2.164966e+05   4.469720e+02  -6.884653e+02   2.006658e+00
  4.500000e-03  -2.165421e+05   4.514873e+02  -6.906305e+02   2.008046e+00
  4.510000e-03  -2.166651e+05   4.348403e+02  -6.927965e+02   2.009338e+00
  4.520000e-03  -2.168965e+05   4.289706e+02  -6.949643e+02   2.010560e+00
  4.530000e-03  -2.170899e+05   4.372011e+02  -6.971342e+02   2.011821e+00
  4.540000e-03  -2.173449e+05   4.365053e+02  -6.993064e+02   2.013131e+00
  4.550000e-03  -2.175369e+05   4.219342e+02  -7.014808e+02   2.014444e+00
  4.560000e-03  -2.175574e+05   4.185798e+02  -7.036563e+02   2.015737e+00
  4.570000e-03  -2.177078e+05   4.089373e+02  -7.058326e+02   2.016987e+00
  4.580000e-03  -2.178637e+05   4.179007e+02  -7.080105e+02   2.018269e+00
  4.590000e-03  -2.180565e+05   4.084707e+02  -7.101901e+02   2.019554e+00
  4.600000e-03  -2.180528e+05   4.023669e+02  -7.123706e+02   2.020775e+00
  4.610000e-03  -2.182488e+05   3.950382e+02  -7.145521e+02   2.021997e+00
  4.620000e-03  -2.182715e+05   3.864828e+02  -7.167347e+02   2.023177e+00
  4.630000e-03  -2.182249e+05   3.842124e+02  -7.189172e+02   2.024255e+00
  4.640000e-03  -2.183930e+05   3.899194e+02  -7.211003e+02   2.025264e+00
  4.650000e-03  -2.185002e+05   3.849626e+02  -7.232848e+02   2.026195e+00
  4.660000e-03  -2.186201e+05   3.844996e+02  -7.254704e+02   2.027027e+00
  4.670000e-03  -2.188025e+05   3.938708e+02  -7.276575e+02   2.027831e+00
  4.680000e-03  -2.188925e+05   3.939537e+02  -7.298460e+02   2.028575e+00
  4.690000e-03  -2.190508e+05   3.828966e+02  -7.320357e+02   2.029281e+00
  4.700000e-03  -2.191285e+05   4.033886e+02  -7.342266e+02   2.030058e+00
  4.710000e-03  -2.192915e+05   3.891425e+02  -7.364187e+02   2.030827e+00
  4.720000e-03  -2.192671e+05   3.890967e+02  -7.386115e+02   2.031553e+00
  4.730000e-03  -2.193642e+05   3.884478e+02  -7.408046e+02   2.032310e+00
  4.740000e-03  -2.195123e+05   3.889340e+02  -7.429990e+02   2.033110e+00
  4.750000e-03  -2.195079e+05   3.775665e+02  -7.451941e+02   2.033946e+00
  4.760000e-03  -2.196273e+05   3.739581e+02  -7.473898e+02   2.034786e+00
  4.770000e-03  -2.197961e+05   3.602443e+02  -7.495869e+02   2.035587e+00
  4.780000e-03  -2.198990e+05   3.631657e+02  -7.517854e+02   2.036310e+00
  4.790000e-03  -2.201560e+05   3.485826e+02  -7.539856e+02   2.037067e+00
  4.800000e-03  -2.202762e+05   3.521160e+02  -7.561878e+02   2.037908e+00
  4.810000e-03  -2.203354e+05   3.518874e+02  -7.583909e+02   2.038793e+00
  4.820000e-03  -2.204081e+05   3.549234e+02  -7.605946e+02   2.039653e+00
  4.830000e-03  -2.205681e+05   3.525335e+02  -7.627995e+02   2.040496e+00
  4.840000e-03  -2.206476e+05   3.516631e+02  -7.650055e+02   2.041341e+00
  4.850000e-03  -2.206246e+05   3.596468e+02  -7.672119e+02   2.042169e+00
  4.860000e-03  -2.208354e+05   3.780769e+02  -7.694192e+02   2.042984e+00
  4.870000e-03  -2.210098e+05   3.697723e+02  -7.716284e+02   2.043798e+00
  4.880000e-03  -2.211535e+05   3.651397e+02  -7.738392e+02   2.044599e+00
  4.890000e-03  -2.213140e+05   3.600125e+02  -7.760516e+02   2.045358e+00
  4.900000e-03  -2.215257e+05   3.715278e+02  -7.782658e+02   2.046104e+00
  4.910000e-03  -2.216307e+05   3.821198e+02  -7.804816e+02   2.046846e+00
  4.920000e-03  -2.217715e+05   3.790120e+02  -7.826986e+02   2.047550e+00
  4.930000e-03  -2.219633e+05   3.719087e+02  -7.849172e+02   2.048102e+00
  4.940000e-03  -2.220984e+05   3.536522e+02  -7.871376e+02   2.048571e+00
  4.950000e-03  -2.222519e+05   3.621401e+02  -7.893593e+02   2.049085e+00
  4.960000e-03  -2.223093e+05   3.544370e+02  -7.915821e+02   2.049574e+00
  4.970000e-03  -2.223573e+05   3.600371e+02  -7.938054e+02   2.050051e+00
  4.980000e-03  -2.224175e+05   3.589168e+02  -7.960293e+02   2.050556e+00
  4.990000e-03  -2.226471e+05   3.576648e+02  -7.982546e+02   2.051080e+00
  5.000000e-03  -2.228015e+05   3.680465e+02  -8.004819e+02   2.051656e+00
  5.010000e-03  -2.229501e+05   3.833596e+02  -8.027106e+02   2.052292e+00
  5.020000e-03  -2.230472e+05   3.868939e+02  -8.049406e+02   2.052979e+00
  5.030000e-03  -2.231468e+05   3.922190e+02  -8.071716e+02   2.053709e+00
  5.040000e-03  -2.232872e+05   3.948169e+02  -8.094038e+02   2.054489e+00
  5.050000e-03  -2.233946e+05   4.072170e+02  -8.116372e+02   2.055315e+00
  5.060000e-03  -2.235479e+05   4.053328e+02  -8.138719e+02   2.056123e+00
  5.070000e-03  -2.236348e+05   4.068408e+02  -8.161078e+02   2.056850e+00
  5.080000e-03  -2.237330e+05   4.098473e+02  -8.183446e+02   2.057494e+00
  5.090000e-03  -2.236738e+05   4.056716e+02  -8.205817e+02   2.058081e+00
  5.100000e-03  -2.238765e+05   4.028568e+02  -8.228194e+02   2.058626e+00
  5.110000e-03  -2.239529e+05   4.056609e+02  -8.250586e+02   2.059212e+00
  5.120000e-03  -2.240554e+05   4.047964e+02  -8.272986e+02   2.059831e+00
  5.130000e-03  -2.240174e+05   4.073855e+02  -8.295390e+02   2.060376e+00
  5.140000e-03  -2.242316e+05   4.069289e+02  -8.317802e+02   2.060932e+00
  5.150000e-03  -2.243603e+05   3.963322e+02  -8.340232e+02   2.061492e+00
  5.160000e-03  -2.244677e+05   3.916066e+02  -8.362673e+02   2.061945e+00
  5.170000e-03  -2.246346e+05   3.948678e+02  -8.385128e+02   2.062357e+00
  5.180000e-03  -2.247385e+05   3.912926e+02  -8.407597e+02   2.062808e+00
  5.190000e-03  -2.248430e+05   3.942810e+02  -8.430076e+02   2.063238e+00
  5.200000e-03  -2.249772e+05   3.824631e+02  -8.452567e+02   2.063596e+00
  5.210000e-03  -2.249991e+05   3.764503e+02  -8.475066e+02   2.063944e+00
  5.220000e-03  -2.250566e+05   3.680446e+02  -8.497569e+02   2.064262e+00
  5.230000e-03  -2.253253e+05   3.670441e+02  -8.520088e+02   2.064589e+00
  5.240000e-03  -2.255385e+05   3.564211e+02  -8.542631e+02   2.064918e+00
  5.250000e-03  -2.255284e+05   3.587180e+02  -8.565184e+02   2.065224e+00
  5.260000e-03  -2.256820e+05   3.481074e+02  -8.587745e+02   2.065541e+00
  5.270000e-03  -2.258300e+05   3.443885e+02  -8.610320e+02   2.065833e+00
  5.280000e-03  -2.259858e+05   3.461091e+02  -8.632911e+02   2.066130e+00
  5.290000e-03  -2.260829e+05   3.366082e+02  -8.655515e+02   2.066409e+00
  5.300000e-03  -2.261831e+05   3.364446e+02  -8.678128e+02   2.066733e+00
  5.310000e-03  -2.263062e+05   3.338189e+02  -8.700752e+02   2.067117e+00
  5.320000e-03  -2.263673e+05   3.344615e+02  -8.723386e+02   2.067388e+00
  5.330000e-03  -2.264076e+05   3.249935e+02  -8.746025e+02   2.067537e+00
  5.340000e-03  -2.263995e+05   3.356161e+02  -8.768665e+02   2.067630e+00
  5.350000e-03  -2.265308e+05   3.269958e+02  -8.791312e+02   2.067738e+00
  5.360000e-03  -2.265894e+05   3.371986e+02  -8.813968e+02   2.067897e+00
  5.370000e-03  -2.265990e+05   3.375109e+02  -8.836627e+02   2.068019e+00
  5.380000e-03  -2.267177e+05   3.311322e+02  -8.859293e+02   2.068091e+00
  5.390000e-03  -2.268733e+05   3.365411e+02  -8.881973e+02   2.068210e+00
  5.400000e-03  -2.269758e+05   3.361791e+02  -8.904665e+02   2.068384e+00
  5.410000e-03  -2.270342e+05   3.314429e+02  -8.927365e+02   2.068591e+00
  5.420000e-03  -2.271565e+05   3.374556e+02  -8.950075e+02   2.068794e+00
  5.430000e-03  -2.272769e+05   3.333475e+02  -8.972797e+02   2.069009e+00
  5.440000e-03  -2.275107e+05   3.319309e+02  -8.995536e+02   2.069273e+00
  5.450000e-03  -2.276133e+05   3.264440e+02  -9.018292e+02   2.069478e+00
  5.460000e-03  -2.276104e+05   3.446052e+02  -9.041053e+02   2.069640e+00
  5.470000e-03  -2.278262e+05   3.460101e+02  -9.063825e+02   2.069814e+00
  5.480000e-03  -2.279670e+05   3.392224e+02  -9.086615e+02   2.070033e+00
  5.490000e-03  -2.281314e+05   3.356526e+02  -9.109420e+02   2.070280e+00
  5.500000e-03  -2.282449e+05   3.384541e+02  -9.132239e+02   2.070501e+00
  5.510000e-03  -2.283147e+05   3.418260e+02  -9.155067e+02   2.070713e+00
  5.520000e-03  -2.284851e+05   3.336007e+02  -9.177907e+02   2.070869e+00
  5.530000e-03  -2.286177e+05   3.319815e+02  -9.200762e+02   2.070989e+00
  5.540000e-03  -2.287273e+05   3.297085e+02  -9.223629e+02   2.071155e+00
  5.550000e-03  -2.288538e+05   3.345295e+02  -9.246508e+02   2.071365e+00
  5.560000e-03  -2.290435e+05   3.322983e+02  -9.269403e+02   2.071614e+00
  5.570000e-03  -2.290834e+05   3.320063e+02  -9.292309e+02   2.071867e+00
  5.580000e-03  -2.292733e+05   3.324481e+02  -9.315227e+02   2.072078e+00
  5.590000e-03  -2.292604e+05   3.368601e+02  -9.338154e+02   2.072261e+00
  5.600000e-03  -2.292979e+05   3.289074e+02  -9.361082e+02   2.072447e+00
  5.610000e-03  -2.293944e+05   3.310446e+02  -9.384016e+02   2.072692e+00
  5.620000e-03  -2.295043e+05   3.305125e+02  -9.406961e+02   2.072988e+00
  5.630000e-03  -2.296216e+05   3.270256e+02  -9.429918e+02   2.073292e+00
  5.640000e-03  -2.297681e+05   3.314864e+02  -9.452887e+02   2.073631e+00
  5.650000e-03  -2.299189e+05   3.342523e+02  -9.475871e+02   2.074044e+00
  5.660000e-03  -2.299675e+05   3.278025e+02  -9.498866e+02   2.074541e+00
  5.670000e-03  -2.300266e+05   3.306962e+02  -9.521865e+02   2.075116e+00
  5.680000e-03  -2.302144e+05   3.289849e+02  -9.544878e+02   2.075737e+00
  5.690000e-03  -2.302418e+05   3.252244e+02  -9.567900e+02   2.076385e+00
  5.700000e-03  -2.304256e+05   3.255726e+02  -9.590934e+02   2.077110e+00
  5.710000e-03  -2.304940e+05   3.289733e+02  -9.613980e+02   2.077895e+00
  5.720000e-03  -2.305169e+05   3.218022e+02  -9.637030e+02   2.078635e+00
  5.730000e-03  -2.305565e+05   3.144183e+02  -9.660084e+02   2.079270e+00
  5.740000e-03  -2.307139e+05   3.139594e+02  -9.683147e+02   2.079862e+00
  5.750000e-03  -2.308492e+05   3.222096e+02  -9.706226e+02   2.080523e+00
  5.760000e-03  -2.308950e+05   3.286621e+02  -9.729313e+02   2.081215e+00
  5.770000e-03  -2.309714e+05   3.411127e+02  -9.752406e+02   2.081830e+00
  5.780000e-03  -2.310218e+05   3.393381e+02  -9.775506e+02   2.082398e+00
  5.790000e-03  -2.310378e+05   3.264772e+02  -9.798609e+02   2.082919e+00
  5.800000e-03  -2.311139e+05   3.370522e+02  -9.821716e+02   2.083407e+00
  5.810000e-03  -2.311300e+05   3.203135e+02  -9.844829e+02   2.083874e+00
  5.820000e-03  -2.313189e+05   3.174854e+02  -9.867951e+02   2.084258e+00
  5.830000e-03  -2.314419e+05   3.173129e+02  -9.891089e+02   2.084573e+00
  5.840000e-03  -2.314578e+05   3.176762e+02  -9.914234e+02   2.084853e+00
  5.850000e-03  -2.315865e+05   3.158407e+02  -9.937386e+02   2.085131e+00
  5.860000e-03  -2.316833e+05   2.990576e+02  -9.960550e+02   2.085429e+00
  5.870000e-03  -2.317740e+05   2.938631e+02  -9.983723e+02   2.085775e+00
  5.880000e-03  -2.318894e+05   3.048328e+02  -1.000691e+03   2.086136e+00
  5.890000e-03  -2.319592e+05   3.128727e+02  -1.003010e+03   2.086493e+00
  5.900000e-03  -2.320724e+05   3.155651e+02  -1.005330e+03   2.086903e+00
  5.910000e-03  -2.320535e+05   3.221515e+02  -1.007651e+03   2.087301e+00
  5.920000e-03  -2.322353e+05   3.027482e+02  -1.009972e+03   2.087652e+00
  5.930000e-03  -2.323507e+05   2.985683e+02  -1.012295e+03   2.087987e+00
  5.940000e-03  -2.324033e+05   3.072658e+02  -1.014619e+03   2.088398e+00
  5.950000e-03  -2.325793e+05   3.015038e+02  -1.016944e+03   2.088872e+00
  5.960000e-03  -2.327354e+05   2.953775e+02  -1.019270e+03   2.089287e+00
  5.970000e-03  -2.327156e+05   2.944707e+02  -1.021597e+03   2.089629e+00
  5.980000e-03  -2.327373e+05   2.921262e+02  -1.023925e+03   2.089875e+00
  5.990000e-03  -2.328201e+05   2.960774e+02  -1.026253e+03   2.090072e+00
  6.000000e-03  -2.328762e+05   2.958189e+02  -1.028581e+03   2.090278e+00
  6.010000e-03  -2.329287e+05   2.933154e+02  -1.030910e+03   2.090470e+00
  6.020000e-03  -2.329792e+05   2.934015e+02  -1.033240e+03   2.090681e+00
  6.030000e-03  -2.331338e+05   2.793316e+02  -1.035570e+03   2.090905e+00
  6.040000e-03  -2.332509e+05   2.666715e+02  -1.037902e+03   2.091135e+00
  6.050000e-03  -2.334499e+05   2.750539e+02  -1.040236e+03   2.091373e+00
  6.060000e-03  -2.335518e+05   2.780232e+02  -1.042571e+03   2.091571e+00
  6.070000e-03  -2.337474e+05   2.722521e+02  -1.044907e+03   2.091717e+00
  6.080000e-03  -2.338050e+05   2.661727e+02  -1.047245e+03   2.091897e+00
  6.090000e-03  -2.339288e+05   2.742125e+02  -1.049584e+03   2.092144e+00
  6.100000e-03  -2.339489e+05   2.743737e+02  -1.051923e+03   2.092394e+00
  6.110000e-03  -2.340490e+05   2.823552e+02  -1.054263e+03   2.092639e+00
  6.120000e-03  -2.341439e+05   2.831098e+02  -1.056604e+03   2.092884e+00
  6.130000e-03  -2.342366e+05   2.734041e+02  -1.058946e+03   2.093196e+00
  6.140000e-03  -2.343271e+05   2.623662e+02  -1.061289e+03   2.093581e+00
  6.150000e-03  -2.345419e+05   2.600735e+02  -1.063633e+03   2.093972e+00
  6.160000e-03  -2.346502e+05   2.594083e+02  -1.065979e+03   2.094350e+00
  6.170000e-03  -2.347341e+05   2.623988e+02  -1.068326e+03   2.094757e+00
  6.180000e-03  -2.347917e+05   2.777218e+02  -1.070673e+03   2.095267e+00
  6.190000e-03  -2.347956e+05   2.634852e+02  -1.073021e+03   2.095767e+00
  6.200000e-03  -2.348340e+05   2.602305e+02  -1.075370e+03   2.096150e+00
  6.210000e-03  -2.348669e+05   2.658455e+02  -1.077718e+03   2.096460e+00
  6.220000e-03  -2.349996e+05   2.735619e+02  -1.080067e+03   2.096753e+00
  6.230000e-03  -2.350450e+05   2.781028e+02  -1.082418e+03   2.097003e+00
  6.240000e-03  -2.351276e+05   2.857837e+02  -1.084768e+03   2.097160e+00
  6.250000e-03  -2.352238e+05   2.963198e+02  -1.087120e+03   2.097362e+00
  6.260000e-03  -2.353739e+05   2.973784e+02  -1.089473e+03   2.097682e+00
  6.270000e-03  -2.355296e+05   3.021279e+02  -1.091828e+03   2.098019e+00
  6.280000e-03  -2.356830e+05   3.120225e+02  -1.094184e+03   2.098346e+00
  6.290000e-03  -2.356817e+05   3.063442e+02  -1.096541e+03   2.098636e+00
  6.300000e-03  -2.359002e+05   3.121044e+02  -1.098898e+03   2.098889e+00
  6.310000e-03  -2.360342e+05   3.142568e+02  -1.101258e+03   2.099145e+00
  6.320000e-03  -2.361764e+05   3.045974e+02  -1.103619e+03   2.099435e+00
  6.330000e-03  -2.362966e+05   3.042027e+02  -1.105982e+03   2.099711e+00
  6.340000e-03  -2.362112e+05   2.922956e+02  -1.108344e+03   2.099878e+00
  6.350000e-03  -2.362883e+05   2.822673e+02  -1.110707e+03   2.099953e+00
  6.360000e-03  -2.363476e+05   2.859069e+02  -1.113070e+03   2.100020e+00
  6.370000e-03  -2.364486e+05   2.776929e+02  -1.115434e+03   2.100166e+00
  6.380000e-03  -2.364833e+05   2.819018e+02  -1.117798e+03   2.100359e+00
  6.390000e-03  -2.366070e+05   2.865304e+02  -1.120164e+03   2.100579e+00
  6.400000e-03  -2.366338e+05   2.808767e+02  -1.122530e+03   2.100828e+00
  6.410000e-03  -2.365916e+05   2.783994e+02  -1.124896e+03   2.101110e+00
  6.420000e-03  -2.366971e+05   2.915234e+02  -1.127263e+03   2.101407e+00
  6.430000e-03  -2.368181e+05   2.916975e+02  -1.129630e+03   2.101679e+00
  6.440000e-03  -2.369828e+05   2.812802e+02  -1.131999e+03   2.101928e+00
  6.450000e-03  -2.370103e+05   2.799098e+02  -1.134369e+03   2.102149e+00
  6.460000e-03  -2.371018e+05   2.819974e+02  -1.136740e+03   2.102400e+00
  6.470000e-03  -2.372024e+05   2.823857e+02  -1.139111e+03   2.102681e+00
  6.480000e-03  -2.372379e+05   2.805420e+02  -1.141483e+03   2.102947e+00
  6.490000e-03  -2.373919e+05   2.806603e+02  -1.143857e+03   2.103206e+00
  6.500000e-03  -2.373915e+05   2.861044e+02  -1.146231e+03   2.103442e+00
  6.510000e-03  -2.375262e+05   2.777709e+02  -1.148605e+03   2.103636e+00
  6.520000e-03  -2.376445e+05   2.795884e+02  -1.150981e+03   2.103816e+00
  6.530000e-03  -2.377320e+05   2.931767e+02  -1.153358e+03   2.104022e+00
  6.540000e-03  -2.377391e+05   3.017396e+02  -1.155735e+03   2.104225e+00
  6.550000e-03  -2.378562e+05   3.041634e+02  -1.158113e+03   2.104314e+00
  6.560000e-03  -2.379027e+05   2.994650e+02  -1.160492e+03   2.104316e+00
  6.570000e-03  -2.381393e+05   2.995798e+02  -1.162872e+03   2.104325e+00
  6.580000e-03  -2.382548e+05   2.971361e+02  -1.165254e+03   2.104375e+00
  6.590000e-03  -2.384643e+05   2.952948e+02  -1.167638e+03   2.104497e+00
  6.600000e-03  -2.384707e+05   2.897045e+02  -1.170022e+03   2.104659e+00
  6.610000e-03  -2.384400e+05   2.865937e+02  -1.172407e+03   2.104872e+00
  6.620000e-03  -2.384415e+05   2.829529e+02  -1.174791e+03   2.105111e+00
  6.630000e-03  -2.384850e+05   2.895127e+02  -1.177176e+03   2.105270e+00
  6.640000e-03  -2.383531e+05   2.966793e+02  -1.179560e+03   2.105385e+00
  6.650000e-03  -2.384115e+05   2.997275e+02  -1.181944e+03   2.105557e+00
  6.660000e-03  -2.384664e+05   2.967077e+02  -1.184328e+03   2.105762e+00
  6.670000e-03  -2.384506e+05   3.065037e+02  -1.186713e+03   2.105989e+00
  6.680000e-03  -2.385743e+05   3.121275e+02  -1.189098e+03   2.106229e+00
  6.690000e-03  -2.385834e+05   3.133101e+02  -1.191484e+03   2.106453e+00
  6.700000e-03  -2.386909e+05   2.941460e+02  -1.193870e+03   2.106692e+00
  6.710000e-03  -2.388173e+05   3.019914e+02  -1.196258e+03   2.106958e+00
  6.720000e-03  -2.389959e+05   3.054542e+02  -1.198647e+03   2.107248e+00
  6.730000e-03  -2.391533e+05   3.201047e+02  -1.201038e+03   2.107574e+00
  6.740000e-03  -2.393560e+05   3.104771e+02  -1.203430e+03   2.107968e+00
  6.750000e-03  -2.394483e+05   3.169412e+02  -1.205824e+03   2.108356e+00
  6.760000e-03  -2.396124e+05   3.082112e+02  -1.208220e+03   2.108650e+00
  6.770000e-03  -2.395827e+05   3.136645e+02  -1.210616e+03   2.108878e+00
  6.780000e-03  -2.396703e+05   3.060148e+02  -1.213012e+03   2.109073e+00
  6.790000e-03  -2.396486e+05   3.009630e+02  -1.215408e+03   2.109268e+00
  6.800000e-03  -2.397274e+05   2.982129e+02  -1.217805e+03   2.109485e+00
  6.810000e-03  -2.397086e+05   2.961866e+02  -1.220202e+03   2.109709e+00
  6.820000e-03  -2.397002e+05   2.911317e+02  -1.222599e+03   2.109916e+00
  6.830000e-03  -2.398482e+05   2.948429e+02  -1.224997e+03   2.110069e+00
  6.840000e-03  -2.398760e+05   2.893306e+02  -1.227396e+03   2.110145e+00
  6.850000e-03  -2.399775e+05   3.043825e+02  -1.229795e+03   2.110151e+00
  6.860000e-03  -2.401698e+05   3.123771e+02  -1.232196e+03   2.110133e+00
  6.870000e-03  -2.402303e+05   3.125934e+02  -1.234598e+03   2.110144e+00
  6.880000e-03  -2.403045e+05   3.077052e+02  -1.237001e+03   2.110228e+00
  6.890000e-03  -2.403805e+05   3.077375e+02  -1.239404e+03   2.110319e+00
  6.900000e-03  -2.404440e+05   2.933185e+02  -1.241808e+03   2.110363e+00
  6.910000e-03  -2.404730e+05   2.889370e+02  -1.244213e+03   2.110428e+00
  6.920000e-03  -2.406384e+05   2.780668e+02  -1.246618e+03   2.110523e+00
  6.930000e-03  -2.406427e+05   2.812132e+02  -1.249025e+03   2.110693e+00
  6.940000e-03  -2.407156e+05   2.877013e+02  -1.251431e+03   2.110938e+00
  6.950000e-03  -2.407427e+05   2.924936e+02  -1.253839e+03   2.111193e+00
  6.960000e-03  -2.406623e+05   2.963376e+02  -1.256246e+03   2.111457e+00
  6.970000e-03  -2.407232e+05   3.126408e+02  -1.258653e+03   2.111758e+00
  6.980000e-03  -2.407800e+05   3.101231e+02  -1.261060e+03   2.112072e+00
  6.990000e-03  -2.408146e+05   3.053620e+02  -1.263468e+03   2.112433e+00
  7.000000e-03  -2.409510e+05   3.057667e+02  -1.265877e+03   2.112906e+00
  7.010000e-03  -2.410251e+05   3.144759e+02  -1.268287e+03   2.113386e+00
  7.020000e-03  -2.411082e+05   3.062381e+02  -1.270698e+03   2.113863e+00
  7.030000e-03  -2.412266e+05   3.013601e+02  -1.273109e+03   2.114443e+00
  7.040000e-03  -2.412206e+05   3.001697e+02  -1.275521e+03   2.115045e+00
  7.050000e-03  -2.412989e+05   3.059773e+02  -1.277934e+03   2.115600e+00
  7.060000e-03  -2.413099e+05   3.056618e+02  -1.280347e+03   2.116124e+00
  7.070000e-03  -2.413642e+05   3.025452e+02  -1.282760e+03   2.116570e+00
  7.080000e-03  -2.415354e+05   2.931899e+02  -1.285175e+03   2.116945e+00
  7.090000e-03  -2.416664e+05   2.830413e+02  -1.287591e+03   2.117270e+00
  7.100000e-03  -2.417180e+05   2.774545e+02  -1.290008e+03   2.117547e+00
  7.110000e-03  -2.416848e+05   2.782078e+02  -1.292425e+03   2.117850e+00
  7.120000e-03  -2.416299e+05   2.677694e+02  -1.294841e+03   2.118214e+00
  7.130000e-03  -2.416198e+05   2.702772e+02  -1.297258e+03   2.118639e+00
  7.140000e-03  -2.417070e+05   2.651338e+02  -1.299674e+03   2.119114e+00
  7.150000e-03  -2.417830e+05   2.837373e+02  -1.302092e+03   2.119610e+00
  7.160000e-03  -2.418455e+05   2.873388e+02  -1.304510e+03   2.120191e+00
  7.170000e-03  -2.420134e+05   2.884331e+02  -1.306929e+03   2.120794e+00
  7.180000e-03  -2.421417e+05   2.856037e+02  -1.309350e+03   2.121324e+00
  7.190000e-03  -2.422075e+05   2.900773e+02  -1.311772e+03   2.121798e+00
  7.200000e-03  -2.421175e+05   2.790424e+02  -1.314193e+03   2.122201e+00
  7.210000e-03  -2.421886e+05   2.820572e+02  -1.316615e+03   2.122568e+00
  7.220000e-03  -2.422799e+05   2.806445e+02  -1.319037e+03   2.122970e+00
  7.230000e-03  -2.423115e+05   2.806804e+02  -1.321460e+03   2.123385e+00
  7.240000e-03  -2.424137e+05   2.813420e+02  -1.323884e+03   2.123739e+00
  7.250000e-03  -2.425541e+05   2.937219e+02  -1.326309e+03   2.124024e+00
  7.260000e-03  -2.426742e+05   3.002999e+02  -1.328735e+03   2.124244e+00
  7.270000e-03  -2.427282e+05   2.981905e+02  -1.331162e+03   2.124431e+00
  7.280000e-03  -2.428038e+05   3.006473e+02  -1.333590e+03   2.124612e+00
  7.290000e-03  -2.426924e+05   2.980546e+02  -1.336017e+03   2.124725e+00
  7.300000e-03  -2.426975e+05   2.961551e+02  -1.338444e+03   2.124794e+00
  7.310000e-03  -2.429571e+05   2.919672e+02  -1.340872e+03   2.124855e+00
  7.320000e-03  -2.429759e+05   2.839236e+02  -1.343302e+03   2.124839e+00
  7.330000e-03  -2.429893e+05   2.783647e+02  -1.345732e+03   2.124769e+00
  7.340000e-03  -2.429789e+05   2.773748e+02  -1.348162e+03   2.124744e+00
  7.350000e-03  -2.430381e+05   2.833121e+02  -1.350592e+03   2.124815e+00
  7.360000e-03  -2.430401e+05   2.875177e+02  -1.353022e+03   2.124956e+00
  7.370000e-03  -2.430901e+05   2.871590e+02  -1.355453e+03   2.125133e+00
  7.380000e-03  -2.432014e+05   2.962548e+02  -1.357884e+03   2.125367e+00
  7.390000e-03  -2.433268e+05   2.940300e+02  -1.360317e+03   2.125680e+00
  7.400000e-03  -2.433298e+05   2.930371e+02  -1.362750e+03   2.126081e+00
  7.410000e-03  -2.436035e+05   2.863459e+02  -1.365185e+03   2.126587e+00
  7.420000e-03  -2.436911e+05   2.779468e+02  -1.367621e+03   2.127108e+00
  7.430000e-03  -2.436566e+05   2.769577e+02  -1.370058e+03   2.127590e+00
  7.440000e-03  -2.437090e+05   2.873007e+02  -1.372495e+03   2.128028e+00
  7.450000e-03  -2.437726e+05   2.805667e+02  -1.374932e+03   2.128422e+00
  7.460000e-03  -2.439337e+05   2.719174e+02  -1.377371e+03   2.128831e+00
  7.470000e-03  -2.439079e+05   2.804449e+02  -1.379810e+03   2.129279e+00
  7.480000e-03  -2.439741e+05   2.844488e+02  -1.382249e+03   2.129739e+00
  7.490000e-03  -2.440326e+05   2.813975e+02  -1.384689e+03   2.130209e+00
  7.500000e-03  -2.440308e+05   2.885062e+02  -1.387130e+03   2.130692e+00
  7.510000e-03  -2.440287e+05   2.829536e+02  -1.389570e+03   2.131186e+00
  7.520000e-03  -2.441282e+05   2.804078e+02  -1.392011e+03   2.131688e+00
  7.530000e-03  -2.441368e+05   2.732294e+02  -1.394452e+03   2.132134e+00
  7.540000e-03  -2.441578e+05   2.690823e+02  -1.396894e+03   2.132522e+00
  7.550000e-03  -2.442381e+05   2.793237e+02  -1.399336e+03   2.132907e+00
  7.560000e-03  -2.443091e+05   2.803937e+02  -1.401778e+03   2.133334e+00
  7.570000e-03  -2.444224e+05   2.722544e+02  -1.404222e+03   2.133755e+00
  7.580000e-03  -2.444723e+05   2.735250e+02  -1.406666e+03   2.134121e+00
  7.590000e-03  -2.445008e+05   2.818060e+02  -1.409111e+03   2.134444e+00
  7.600000e-03  -2.446652e+05   2.796506e+02  -1.411557e+03   2.134753e+00
  7.610000e-03  -2.447698e+05   2.850073e+02  -1.414004e+03   2.135062e+00
  7.620000e-03  -2.447592e+05   2.813301e+02  -1.416452e+03   2.135347e+00
  7.630000e-03  -2.447629e+05   2.747722e+02  -1.418900e+03   2.135620e+00
  7.640000e-03  -2.448252e+05   2.780081e+02  -1.421347e+03   2.135872e+00
  7.650000e-03  -2.448501e+05   2.759092e+02  -1.423796e+03   2.136114e+00
  7.660000e-03  -2.449683e+05   2.715513e+02  -1.426245e+03   2.136352e+00
  7.670000e-03  -2.451138e+05   2.733415e+02  -1.428695e+03   2.136607e+00
  7.680000e-03  -2.451276e+05   2.665006e+02  -1.431147e+03   2.136873e+00
  7.690000e-03  -2.452065e+05   2.606103e+02  -1.433598e+03   2.137146e+00
  7.700000e-03  -2.452252e+05   2.612653e+02  -1.436050e+03   2.137468e+00
  7.710000e-03  -2.451896e+05   2.544431e+02  -1.438502e+03   2.137815e+00
  7.720000e-03  -2.454327e+05   2.553689e+02  -1.440956e+03   2.138163e+00
  7.730000e-03  -2.454180e+05   2.578496e+02  -1.443410e+03   2.138462e+00
  7.740000e-03  -2.455389e+05   2.485646e+02  -1.445865e+03   2.138704e+00
  7.750000e-03  -2.455879e+05   2.450820e+02  -1.448320e+03   2.139011e+00
  7.760000e-03  -2.458090e+05   2.518373e+02  -1.450777e+03   2.139443e+00
  7.770000e-03  -2.457764e+05   2.614134e+02  -1.453235e+03   2.139971e+00
  7.780000e-03  -2.459239e+05   2.638492e+02  -1.455694e+03   2.140560e+00
  7.790000e-03  -2.460041e+05   2.618684e+02  -1.458153e+03   2.141139e+00
  7.800000e-03  -2.459917e+05   2.647253e+02  -1.460613e+03   2.141757e+00
  7.810000e-03  -2.461186e+05   2.597751e+02  -1.463074e+03   2.142448e+00
  7.820000e-03  -2.461773e+05   2.656471e+02  -1.465535e+03   2.143156e+00
  7.830000e-03  -2.462975e+05   2.528133e+02  -1.467998e+03   2.143870e+00
  7.840000e-03  -2.464118e+05   2.512877e+02  -1.470461e+03   2.144592e+00
  7.850000e-03  -2.463740e+05   2.475373e+02  -1.472925e+03   2.145257e+00
  7.860000e-03  -2.464583e+05   2.490177e+02  -1.475389e+03   2.145890e+00
  7.870000e-03  -2.464547e+05   2.487015e+02  -1.477854e+03   2.146494e+00
  7.880000e-03  -2.465470e+05   2.550886e+02  -1.480319e+03   2.147056e+00
  7.890000e-03  -2.465945e+05   2.600441e+02  -1.482785e+03   2.147620e+00
  7.900000e-03  -2.466920e+05   2.492044e+02  -1.485251e+03   2.148157e+00
  7.910000e-03  -2.467185e+05   2.592154e+02  -1.487718e+03   2.148718e+00
  7.920000e-03  -2.467627e+05   2.595526e+02  -1.490185e+03   2.149307e+00
  7.930000e-03  -2.468630e+05   2.568764e+02  -1.492654e+03   2.149910e+00
  7.940000e-03  -2.468448e+05   2.622036e+02  -1.495122e+03   2.150544e+00
  7.950000e-03  -2.469377e+05   2.594598e+02  -1.497591e+03   2.151149e+00
  7.960000e-03  -2.470471e+05   2.581651e+02  -1.500061e+03   2.151691e+00
  7.970000e-03  -2.470399e+05   2.499422e+02  -1.502531e+03   2.152181e+00
  7.980000e-03  -2.471396e+05   2.540446e+02  -1.505002e+03   2.152615e+00
  7.990000e-03  -2.472060e+05   2.518516e+02  -1.507474e+03   2.153014e+00
  8.000000e-03  -2.472515e+05   2.521521e+02  -1.509946e+03   2.153429e+00
  8.010000e-03  -2.471756e+05   2.564322e+02  -1.512418e+03   2.153826e+00
  8.020000e-03  -2.471649e+05   2.577849e+02  -1.514890e+03   2.154186e+00
  8.030000e-03  -2.472222e+05   2.519170e+02  -1.517362e+03   2.154525e+00
  8.040000e-03  -2.473175e+05   2.490449e+02  -1.519835e+03   2.154862e+00
  8.050000e-03  -2.473692e+05   2.479117e+02  -1.522308e+03   2.155179e+00
  8.060000e-03  -2.474204e+05   2.466634e+02  -1.524782e+03   2.155454e+00
  8.070000e-03  -2.474401e+05   2.580391e+02  -1.527256e+03   2.155775e+00
  8.080000e-03  -2.475327e+05   2.600030e+02  -1.529731e+03   2.156158e+00
  8.090000e-03  -2.476108e+05   2.633553e+02  -1.532207e+03   2.156525e+00
  8.100000e-03  -2.476514e+05   2.727723e+02  -1.534683e+03   2.156881e+00
  8.110000e-03  -2.476774e+05   2.587080e+02  -1.537160e+03   2.157278e+00
  8.120000e-03  -2.478353e+05   2.657541e+02  -1.539638e+03   2.157714e+00
  8.130000e-03  -2.478788e+05   2.613007e+02  -1.542116e+03   2.158147e+00
  8.140000e-03  -2.479883e+05   2.500256e+02  -1.544595e+03   2.158541e+00
  8.150000e-03  -2.479873e+05   2.403437e+02  -1.547075e+03   2.158857e+00
  8.160000e-03  -2.481643e+05   2.523376e+02  -1.549556e+03   2.159081e+00
  8.170000e-03  -2.482064e+05   2.629086e+02  -1.552038e+03   2.159389e+00
  8.180000e-03  -2.482748e+05   2.609075e+02  -1.554520e+03   2.159796e+00
  8.190000e-03  -2.483399e+05   2.541212e+02  -1.557003e+03   2.160215e+00
  8.200000e-03  -2.484165e+05   2.566578e+02  -1.559487e+03   2.160617e+00
  8.210000e-03  -2.483818e+05   2.594966e+02  -1.561971e+03   2.160970e+00
  8.220000e-03  -2.484416e+05   2.525553e+02  -1.564455e+03   2.161326e+00
  8.230000e-03  -2.484854e+05   2.548969e+02  -1.566940e+03   2.161666e+00
  8.240000e-03  -2.484798e+05   2.587649e+02  -1.569425e+03   2.162015e+00
  8.250000e-03  -2.484757e+05   2.570904e+02  -1.571910e+03   2.162354e+00
  8.260000e-03  -2.485544e+05   2.603330e+02  -1.574395e+03   2.162634e+00
  8.270000e-03  -2.485987e+05   2.529710e+02  -1.576880e+03   2.162900e+00
  8.280000e-03  -2.487192e+05   2.603688e+02  -1.579367e+03   2.163160e+00
  8.290000e-03  -2.488498e+05   2.562048e+02  -1.581855e+03   2.163470e+00
  8.300000e-03  -2.489341e+05   2.665084e+02  -1.584344e+03   2.163822e+00
  8.310000e-03  -2.490168e+05   2.649505e+02  -1.586834e+03   2.164183e+00
  8.320000e-03  -2.491081e+05   2.647522e+02  -1.589324e+03   2.164566e+00
  8.330000e-03  -2.490924e+05   2.686911e+02  -1.591815e+03   2.165000e+00
  8.340000e-03  -2.490676e+05   2.614729e+02  -1.594306e+03   2.165466e+00
  8.350000e-03  -2.489927e+05   2.648251e+02  -1.596796e+03   2.165866e+00
  8.360000e-03  -2.491045e+05   2.608590e+02  -1.599287e+03   2.166254e+00
  8.370000e-03  -2.490350e+05   2.594407e+02  -1.601778e+03   2.166720e+00
  8.380000e-03  -2.490989e+05   2.615015e+02  -1.604268e+03   2.167258e+00
  8.390000e-03  -2.491630e+05   2.623205e+02  -1.606759e+03   2.167793e+00
  8.400000e-03  -2.491626e+05   2.585135e+02  -1.609251e+03   2.168283e+00
  8.410000e-03  -2.491755e+05   2.670806e+02  -1.611743e+03   2.168789e+00
  8.420000e-03  -2.492034e+05   2.625374e+02  -1.614235e+03   2.169334e+00
  8.430000e-03  -2.492825e+05   2.616529e+02  -1.616727e+03   2.169904e+00
  8.440000e-03  -2.492803e+05   2.601837e+02  -1.619220e+03   2.170485e+00
  8.450000e-03  -2.493038e+05   2.622552e+02  -1.621713e+03   2.171107e+00
  8.460000e-03  -2.493517e+05   2.679937e+02  -1.624206e+03   2.171738e+00
  8.470000e-03  -2.493188e+05   2.738828e+02  -1.626700e+03   2.172372e+00
  8.480000e-03  -2.494391e+05   2.671328e+02  -1.629193e+03   2.173093e+00
  8.490000e-03  -2.493859e+05   2.614655e+02  -1.631687e+03   2.173855e+00
  8.500000e-03  -2.494692e+05   2.630436e+02  -1.634182e+03   2.174602e+00
  8.510000e-03  -2.494732e+05   2.525991e+02  -1.636676e+03   2.175345e+00
  8.520000e-03  -2.495171e+05   2.481102e+02  -1.639171e+03   2.176069e+00
  8.530000e-03  -2.495983e+05   2.314823e+02  -1.641667e+03   2.176690e+00
  8.540000e-03  -2.496087e+05   2.339336e+02  -1.644163e+03   2.177173e+00
  8.550000e-03  -2.496620e+05   2.321421e+02  -1.646659e+03   2.177630e+00
  8.560000e-03  -2.497741e+05   2.322894e+02  -1.649157e+03   2.178077e+00
  8.570000e-03  -2.498312e+05   2.225313e+02  -1.651655e+03   2.178480e+00
  8.580000e-03  -2.498253e+05   2.414506e+02  -1.654153e+03   2.178931e+00
  8.590000e-03  -2.499152e+05   2.477615e+02  -1.656652e+03   2.179459e+00
  8.600000e-03  -2.500602e+05   2.447486e+02  -1.659151e+03   2.180014e+00
  8.610000e-03  -2.500704e+05   2.338686e+02  -1.661652e+03   2.180580e+00
  8.620000e-03  -2.501438e+05   2.156387e+02  -1.664153e+03   2.181104e+00
  8.630000e-03  -2.501241e+05   2.242319e+02  -1.666654e+03   2.181612e+00
  8.640000e-03  -2.501748e+05   2.321723e+02  -1.669156e+03   2.182143e+00
  8.650000e-03  -2.502573e+05   2.303020e+02  -1.671658e+03   2.182702e+00
  8.660000e-03  -2.502925e+05   2.332127e+02  -1.674161e+03   2.183328e+00
  8.670000e-03  -2.503671e+05   2.319923e+02  -1.676664e+03   2.184023e+00
  8.680000e-03  -2.503623e+05   2.332739e+02  -1.679168e+03   2.184734e+00
  8.690000e-03  -2.504789e+05   2.315454e+02  -1.681672e+03   2.185438e+00
  8.700000e-03  -2.504839e+05   2.348342e+02  -1.684177e+03   2.186173e+00
  8.710000e-03  -2.505765e+05   2.373107e+02  -1.686682e+03   2.186971e+00
  8.720000e-03  -2.506103e+05   2.246255e+02  -1.689188e+03   2.187810e+00
  8.730000e-03  -2.506500e+05   2.302128e+02  -1.691694e+03   2.188682e+00
  8.740000e-03  -2.507131e+05   2.256613e+02  -1.694201e+03   2.189608e+00
  8.750000e-03  -2.507885e+05   2.225777e+02  -1.696709e+03   2.190542e+00
  8.760000e-03  -2.507729e+05   2.278193e+02  -1.699216e+03   2.191469e+00
  8.770000e-03  -2.507975e+05   2.271662e+02  -1.701724e+03   2.192380e+00
  8.780000e-03  -2.508866e+05   2.211761e+02  -1.704233e+03   2.193209e+00
  8.790000e-03  -2.508441e+05   2.202344e+02  -1.706741e+03   2.193990e+00
  8.800000e-03  -2.509078e+05   2.206641e+02  -1.709250e+03   2.194781e+00
  8.810000e-03  -2.509084e+05   2.215495e+02  -1.711759e+03   2.195557e+00
  8.820000e-03  -2.509553e+05   2.290795e+02  -1.714269e+03   2.196323e+00
  8.830000e-03  -2.509807e+05   2.329672e+02  -1.716778e+03   2.197098e+00
  8.840000e-03  -2.510672e+05   2.208074e+02  -1.719288e+03   2.197845e+00
  8.850000e-03  -2.511173e+05   2.174644e+02  -1.721799e+03   2.198505e+00
  8.860000e-03  -2.512368e+05   2.151950e+02  -1.724311e+03   2.199060e+00
  8.870000e-03  -2.512509e+05   2.157762e+02  -1.726824e+03   2.199566e+00
  8.880000e-03  -2.512819e+05   2.136313e+02  -1.729336e+03   2.200035e+00
  8.890000e-03  -2.513328e+05   2.186134e+02  -1.731849e+03   2.200507e+00
  8.900000e-03  -2.512711e+05   2.296876e+02  -1.734362e+03   2.200976e+00
  8.910000e-03  -2.513055e+05   2.299255e+02  -1.736875e+03   2.201421e+00
  8.920000e-03  -2.513823e+05   2.390247e+02  -1.739389e+03   2.201872e+00
  8.930000e-03  -2.514500e+05   2.410169e+02  -1.741903e+03   2.202274e+00
  8.940000e-03  -2.514241e+05   2.387516e+02  -1.744417e+03   2.202649e+00
  8.950000e-03  -2.514174e+05   2.425173e+02  -1.746931e+03   2.203067e+00
  8.960000e-03  -2.513726e+05   2.468968e+02  -1.749445e+03   2.203511e+00
  8.970000e-03  -2.514509e+05   2.472109e+02  -1.751960e+03   2.203969e+00
  8.980000e-03  -2.514620e+05   2.372558e+02  -1.754474e+03   2.204432e+00
  8.990000e-03  -2.514764e+05   2.334569e+02  -1.756989e+03   2.204853e+00
  9.000000e-03  -2.514396e+05   2.362626e+02  -1.759503e+03   2.205232e+00
  9.010000e-03  -2.514461e+05   2.442949e+02  -1.762018e+03   2.205634e+00
  9.020000e-03  -2.514427e+05   2.483300e+02  -1.764532e+03   2.206043e+00
  9.030000e-03  -2.515464e+05   2.343881e+02  -1.767047e+03   2.206407e+00
  9.040000e-03  -2.515177e+05   2.283859e+02  -1.769562e+03   2.206734e+00
  9.050000e-03  -2.516631e+05   2.230280e+02  -1.772078e+03   2.207060e+00
  9.060000e-03  -2.517188e+05   2.243206e+02  -1.774595e+03   2.207400e+00
  9.070000e-03  -2.518048e+05   2.321039e+02  -1.777113e+03   2.207721e+00
  9.080000e-03  -2.518953e+05   2.347887e+02  -1.779631e+03   2.208031e+00
  9.090000e-03  -2.518960e+05   2.314344e+02  -1.782150e+03   2.208352e+00
  9.100000e-03  -2.519329e+05   2.298276e+02  -1.784670e+03   2.208701e+00
  9.110000e-03  -2.518960e+05   2.238109e+02  -1.787189e+03   2.209031e+00
  9.120000e-03  -2.519058e+05   2.179502e+02  -1.789708e+03   2.209338e+00
  9.130000e-03  -2.518918e+05   2.258909e+02  -1.792227e+03   2.209657e+00
  9.140000e-03  -2.519449e+05   2.171937e+02  -1.794746e+03   2.210011e+00
  9.150000e-03  -2.519812e+05   2.188551e+02  -1.797265e+03   2.210394e+00
  9.160000e-03  -2.520360e+05   2.238749e+02  -1.799786e+03   2.210795e+00
  9.170000e-03  -2.521048e+05   2.286500e+02  -1.802306e+03   2.211223e+00
  9.180000e-03  -2.520883e+05   2.312062e+02  -1.804827e+03   2.211656e+00
  9.190000e-03  -2.521275e+05   2.230067e+02  -1.807348e+03   2.212117e+00
  9.200000e-03  -2.521133e+05   2.196314e+02  -1.809870e+03   2.212600e+00
  9.210000e-03  -2.520930e+05   2.129022e+02  -1.812391e+03   2.213033e+00
  9.220000e-03  -2.520453e+05   2.181045e+02  -1.814911e+03   2.213443e+00
  9.230000e-03  -2.519744e+05   2.190405e+02  -1.817431e+03   2.213894e+00
  9.240000e-03  -2.519437e+05   2.211344e+02  -1.819951e+03   2.214331e+00
  9.250000e-03  -2.519615e+05   2.153340e+02  -1.822470e+03   2.214678e+00
  9.260000e-03  -2.519487e+05   2.240828e+02  -1.824990e+03   2.215001e+00
  9.270000e-03  -2.519077e+05   2.284906e+02  -1.827509e+03   2.215357e+00
  9.280000e-03  -2.518885e+05   2.242311e+02  -1.830028e+03   2.215744e+00
  9.290000e-03  -2.519387e+05   2.296423e+02  -1.832547e+03   2.216119e+00
  9.300000e-03  -2.519018e+05   2.193871e+02  -1.835067e+03   2.216453e+00
  9.310000e-03  -2.519721e+05   2.285015e+02  -1.837586e+03   2.216790e+00
  9.320000e-03  -2.519918e+05   2.262063e+02  -1.840106e+03   2.217165e+00
  9.330000e-03  -2.520374e+05   2.268270e+02  -1.842626e+03   2.217603e+00
  9.340000e-03  -2.521209e+05   2.267904e+02  -1.845147e+03   2.218049e+00
  9.350000e-03  -2.522275e+05   2.255266e+02  -1.847668e+03   2.218480e+00
  9.360000e-03  -2.522140e+05   2.275090e+02  -1.850191e+03   2.218933e+00
  9.370000e-03  -2.522002e+05   2.271155e+02  -1.852713e+03   2.219415e+00
  9.380000e-03  -2.522840e+05   2.298955e+02  -1.855235e+03   2.219924e+00
  9.390000e-03  -2.523499e+05   2.349051e+02  -1.857758e+03   2.220389e+00
  9.400000e-03  -2.522777e+05   2.364471e+02  -1.860281e+03   2.220813e+00
  9.410000e-03  -2.522568e+05   2.371279e+02  -1.862804e+03   2.221276e+00
  9.420000e-03  -2.522138e+05   2.444745e+02  -1.865327e+03   2.221784e+00
  9.430000e-03  -2.522277e+05   2.404065e+02  -1.867849e+03   2.222272e+00
  9.440000e-03  -2.522129e+05   2.418789e+02  -1.870371e+03   2.222704e+00
  9.450000e-03  -2.521866e+05   2.479561e+02  -1.872893e+03   2.223107e+00
  9.460000e-03  -2.521579e+05   2.412555e+02  -1.875415e+03   2.223521e+00
  9.470000e-03  -2.522471e+05   2.419122e+02  -1.877937e+03   2.223939e+00
  9.480000e-03  -2.522958e+05   2.417729e+02  -1.880459e+03   2.224329e+00
  9.490000e-03  -2.523695e+05   2.367451e+02  -1.882983e+03   2.224691e+00
  9.500000e-03  -2.523799e+05   2.426198e+02  -1.885506e+03   2.225013e+00
  9.510000e-03  -2.523155e+05   2.475597e+02  -1.888030e+03   2.225309e+00
  9.520000e-03  -2.522803e+05   2.518607e+02  -1.890553e+03   2.225572e+00
  9.530000e-03  -2.524444e+05   2.524881e+02  -1.893077e+03   2.225825e+00
  9.540000e-03  -2.524162e+05   2.572230e+02  -1.895601e+03   2.226132e+00
  9.550000e-03  -2.525159e+05   2.511265e+02  -1.898125e+03   2.226496e+00
  9.560000e-03  -2.524680e+05   2.500295e+02  -1.900650e+03   2.226878e+00
  9.570000e-03  -2.525127e+05   2.588302e+02  -1.903175e+03   2.227218e+00
  9.580000e-03  -2.525097e+05   2.547196e+02  -1.905700e+03   2.227485e+00
  9.590000e-03  -2.524910e+05   2.440933e+02  -1.908225e+03   2.227749e+00
  9.600000e-03  -2.523987e+05   2.338139e+02  -1.910750e+03   2.228062e+00
  9.610000e-03  -2.523970e+05   2.525769e+02  -1.913274e+03   2.228361e+00
  9.620000e-03  -2.523895e+05   2.506460e+02  -1.915798e+03   2.228588e+00
  9.630000e-03  -2.523644e+05   2.522372e+02  -1.918322e+03   2.228754e+00
  9.640000e-03  -2.523520e+05   2.532534e+02  -1.920845e+03   2.228933e+00
  9.650000e-03  -2.524852e+05   2.588064e+02  -1.923369e+03   2.229182e+00
  9.660000e-03  -2.524969e+05   2.569484e+02  -1.925894e+03   2.229433e+00
  9.670000e-03  -2.525138e+05   2.492526e+02  -1.928419e+03   2.229662e+00
  9.680000e-03  -2.524783e+05   2.516430e+02  -1.930944e+03   2.229894e+00
  9.690000e-03  -2.524150e+05   2.512032e+02  -1.933469e+03   2.230148e+00
  9.700000e-03  -2.524217e+05   2.585675e+02  -1.935993e+03   2.230434e+00
  9.710000e-03  -2.524439e+05   2.659598e+02  -1.938517e+03   2.230697e+00
  9.720000e-03  -2.525102e+05   2.610911e+02  -1.941042e+03   2.230940e+00
  9.730000e-03  -2.525496e+05   2.602551e+02  -1.943567e+03   2.231148e+00
  9.740000e-03  -2.524966e+05   2.511348e+02  -1.946093e+03   2.231300e+00
  9.750000e-03  -2.524641e+05   2.584986e+02  -1.948617e+03   2.231460e+00
  9.760000e-03  -2.523901e+05   2.523228e+02  -1.951142e+03   2.231687e+00
  9.770000e-03  -2.524508e+05   2.556903e+02  -1.953666e+03   2.231948e+00
  9.780000e-03  -2.524894e+05   2.557656e+02  -1.956191e+03   2.232200e+00
  9.790000e-03  -2.524879e+05   2.509674e+02  -1.958715e+03   2.232467e+00
  9.800000e-03  -2.524986e+05   2.554717e+02  -1.961240e+03   2.232827e+00
  9.810000e-03  -2.525820e+05   2.480652e+02  -1.963766e+03   2.233222e+00
  9.820000e-03  -2.525492e+05   2.510498e+02  -1.966291e+03   2.233587e+00
  9.830000e-03  -2.525326e+05   2.441317e+02  -1.968817e+03   2.233942e+00
  9.840000e-03  -2.525247e+05   2.422216e+02  -1.971342e+03   2.234263e+00
  9.850000e-03  -2.525159e+05   2.311773e+02  -1.973867e+03   2.234551e+00
  9.860000e-03  -2.524241e+05   2.286330e+02  -1.976392e+03   2.234809e+00
  9.870000e-03  -2.524318e+05   2.346728e+02  -1.978916e+03   2.235045e+00
  9.880000e-03  -2.524236e+05   2.336606e+02  -1.981441e+03   2.235237e+00
  9.890000e-03  -2.524104e+05   2.253430e+02  -1.983965e+03   2.235394e+00
  9.900000e-03  -2.524062e+05   2.256841e+02  -1.986489e+03   2.235517e+00
  9.910000e-03  -2.524248e+05   2.222207e+02  -1.989013e+03   2.235604e+00
  9.920000e-03  -2.523838e+05   2.167477e+02  -1.991537e+03   2.235646e+00
  9.930000e-03  -2.523803e+05   2.202820e+02  -1.994061e+03   2.235633e+00
  9.940000e-03  -2.523925e+05   2.253013e+02  -1.996585e+03   2.235547e+00
  9.950000e-03  -2.522612e+05   2.289610e+02  -1.999108e+03   2.235428e+00
  9.960000e-03  -2.521762e+05   2.365853e+02  -2.001630e+03   2.235377e+00
  9.970000e-03  -2.521647e+05   2.386939e+02  -2.004152e+03   2.235395e+00
  9.980000e-03  -2.521154e+05   2.358241e+02  -2.006673e+03   2.235351e+00
  9.990000e-03  -2.520638e+05   2.347093e+02  -2.009194e+03   2.235228e+00
  1.000000e-02  -2.520126e+05   2.301035e+02  -2.011715e+03   2.235109e+00