             t       dwdt_avg       dwdt_std         wt_avg         wt_std
  0.000000e+00   2.882467e+06   1.094948e+05   0.000000e+00   0.000000e+00
  1.000000e-05   2.869043e+06   1.088992e+05   2.875755e+01   1.089020e+00
  2.000000e-05   2.757068e+06   8.985353e+04   5.688810e+01   2.068113e+00
  3.000000e-05   2.611558e+06   7.049180e+04   8.373124e+01   2.840706e+00
  4.000000e-05   2.503335e+06   6.079866e+04   1.093057e+02   3.460713e+00
  5.000000e-05   2.397485e+06   5.172059e+04   1.338098e+02   3.984120e+00
  6.000000e-05   2.308059e+06   4.605980e+04   1.573375e+02   4.432791e+00
  7.000000e-05   2.218228e+06   4.161228e+04   1.799689e+02   4.832248e+00
  8.000000e-05   2.138803e+06   3.823466e+04   2.017541e+02   5.192898e+00
  9.000000e-05   2.063550e+06   3.490930e+04   2.227659e+02   5.519282e+00
  1.000000e-04   1.993789e+06   3.267790e+04   2.430526e+02   5.816984e+00
  1.100000e-04   1.932382e+06   3.014000e+04   2.626834e+02   6.091327e+00
  1.200000e-04   1.876501e+06   2.790785e+04   2.817278e+02   6.343055e+00
  1.300000e-04   1.824856e+06   2.648555e+04   3.002346e+02   6.577177e+00
  1.400000e-04   1.773335e+06   2.549779e+04   3.182256e+02   6.799112e+00
  1.500000e-04   1.726951e+06   2.376742e+04   3.357270e+02   7.007453e+00
  1.600000e-04   1.680935e+06   2.272499e+04   3.527664e+02   7.203417e+00
  1.700000e-04   1.635764e+06   2.165665e+04   3.693499e+02   7.389982e+00
  1.800000e-04   1.592230e+06   2.112217e+04   3.854899e+02   7.569443e+00
  1.900000e-04   1.550572e+06   2.026078e+04   4.012039e+02   7.743292e+00
  2.000000e-04   1.512727e+06   1.955452e+04   4.165204e+02   7.910249e+00
  2.100000e-04   1.477580e+06   1.851428e+04   4.314719e+02   8.068878e+00
  2.200000e-04   1.445922e+06   1.784688e+04   4.460894e+02   8.220612e+00
  2.300000e-04   1.412083e+06   1.704606e+04   4.603795e+02   8.366650e+00
  2.400000e-04   1.382990e+06   1.658462e+04   4.743548e+02   8.506156e+00
  2.500000e-04   1.350421e+06   1.584951e+04   4.880219e+02   8.640200e+00
  2.600000e-04   1.319628e+06   1.524397e+04   5.013721e+02   8.768116e+00
  2.700000e-04   1.290026e+06   1.453102e+04   5.144204e+02   8.889485e+00
  2.800000e-04   1.263739e+06   1.393530e+04   5.271892e+02   9.004948e+00
  2.900000e-04   1.236557e+06   1.330419e+04   5.396907e+02   9.115108e+00
  3.000000e-04   1.211110e+06   1.280150e+04   5.519290e+02   9.220241e+00
  3.100000e-04   1.188555e+06   1.225682e+04   5.639274e+02   9.320978e+00
  3.200000e-04   1.162766e+06   1.191364e+04   5.756840e+02   9.418365e+00
  3.300000e-04   1.138377e+06   1.155701e+04   5.871897e+02   9.512727e+00
  3.400000e-04   1.114737e+06   1.131710e+04   5.984553e+02   9.604423e+00
  3.500000e-04   1.093932e+06   1.104921e+04   6.094986e+02   9.694652e+00
  3.600000e-04   1.072424e+06   1.065471e+04   6.203304e+02   9.782067e+00
  3.700000e-04   1.050903e+06   1.039088e+04   6.309470e+02   9.866239e+00
  3.800000e-04   1.031557e+06   1.028169e+04   6.413593e+02   9.948720e+00
  3.900000e-04   1.013589e+06   9.991654e+03   6.515850e+02   1.002915e+01
  4.000000e-04   9.923107e+05   9.570806e+03   6.616145e+02   1.010703e+01
  4.100000e-04   9.739584e+05   9.303840e+03   6.714459e+02   1.018257e+01
  4.200000e-04   9.554450e+05   9.201973e+03   6.810929e+02   1.025641e+01
  4.300000e-04   9.369289e+05   8.937440e+03   6.905548e+02   1.032853e+01
  4.400000e-04   9.203216e+05   8.872570e+03   6.998410e+02   1.039895e+01
  4.500000e-04   9.030342e+05   8.748110e+03   7.089578e+02   1.046844e+01
  4.600000e-04   8.864349e+05   8.615659e+03   7.179052e+02   1.053700e+01
  4.700000e-04   8.704886e+05   8.399610e+03   7.266898e+02   1.060465e+01
  4.800000e-04   8.545211e+05   8.066473e+03   7.353148e+02   1.067044e+01
  4.900000e-04   8.383996e+05   7.907112e+03   7.437794e+02   1.073379e+01
  5.000000e-04   8.229122e+05   7.730544e+03   7.520860e+02   1.079541e+01
  5.100000e-04   8.081069e+05   7.417636e+03   7.602411e+02   1.085477e+01
  5.200000e-04   7.957740e+05   7.397780e+03   7.682605e+02   1.091202e+01
  5.300000e-04   7.825681e+05   7.287443e+03   7.761522e+02   1.096822e+01
  5.400000e-04   7.684642e+05   7.095084e+03   7.839074e+02   1.102331e+01
  5.500000e-04   7.544530e+05   6.894711e+03   7.915219e+02   1.107716e+01
  5.600000e-04   7.406426e+05   6.768278e+03   7.989974e+02   1.112953e+01
  5.700000e-04   7.276778e+05   6.686973e+03   8.063390e+02   1.118013e+01
  5.800000e-04   7.162901e+05   6.587823e+03   8.135589e+02   1.122984e+01
  5.900000e-04   7.025893e+05   6.364250e+03   8.206533e+02   1.127836e+01
  6.000000e-04   6.901842e+05   6.254602e+03   8.276171e+02   1.132542e+01
  6.100000e-04   6.775609e+05   6.071698e+03   8.344559e+02   1.137101e+01
  6.200000e-04   6.654950e+05   5.970600e+03   8.411711e+02   1.141501e+01
  6.300000e-04   6.535243e+05   5.784958e+03   8.477662e+02   1.145809e+01
  6.400000e-04   6.417383e+05   5.724294e+03   8.542425e+02   1.150066e+01
  6.500000e-04   6.305882e+05   5.681035e+03   8.606042e+02   1.154307e+01
  6.600000e-04   6.204765e+05   5.641687e+03   8.668595e+02   1.158485e+01
  6.700000e-04   6.092934e+05   5.405946e+03   8.730083e+02   1.162532e+01
  6.800000e-04   5.997611e+05   5.467230e+03   8.790536e+02   1.166516e+01
  6.900000e-04   5.897554e+05   5.434617e+03   8.850012e+02   1.170479e+01
  7.000000e-04   5.809623e+05   5.279942e+03   8.908548e+02   1.174350e+01
  7.100000e-04   5.712995e+05   5.240950e+03   8.966161e+02   1.178125e+01
  7.200000e-04   5.615628e+05   5.116024e+03   9.022804e+02   1.181811e+01
  7.300000e-04   5.521873e+05   4.943978e+03   9.078492e+02   1.185370e+01
  7.400000e-04   5.421793e+05   4.817227e+03   9.133210e+02   1.188795e+01
  7.500000e-04   5.339918e+05   4.790809e+03   9.187018e+02   1.192134e+01
  7.600000e-04   5.254879e+05   4.733189e+03   9.239992e+02   1.195378e+01
  7.700000e-04   5.169388e+05   4.602506e+03   9.292114e+02   1.198509e+01
  7.800000e-04   5.080840e+05   4.556329e+03   9.343365e+02   1.201577e+01
  7.900000e-04   5.008323e+05   4.574796e+03   9.393811e+02   1.204622e+01
  8.000000e-04   4.929171e+05   4.532781e+03   9.443498e+02   1.207625e+01
  8.100000e-04   4.851201e+05   4.473240e+03   9.492400e+02   1.210594e+01
  8.200000e-04   4.771045e+05   4.374363e+03   9.540511e+02   1.213502e+01
  8.300000e-04   4.699379e+05   4.370847e+03   9.587863e+02   1.216343e+01
  8.400000e-04   4.630059e+05   4.328227e+03   9.634511e+02   1.219117e+01
  8.500000e-04   4.559599e+05   4.267736e+03   9.680459e+02   1.221827e+01
  8.600000e-04   4.485151e+05   4.161733e+03   9.725683e+02   1.224490e+01
  8.700000e-04   4.409123e+05   4.036887e+03   9.770154e+02   1.227078e+01
  8.800000e-04   4.338420e+05   3.987695e+03   9.813892e+02   1.229570e+01
  8.900000e-04   4.261083e+05   4.041445e+03   9.856889e+02   1.232057e+01
  9.000000e-04   4.200228e+05   4.026686e+03   9.899196e+02   1.234587e+01
  9.100000e-04   4.126608e+05   3.928511e+03   9.940830e+02   1.237088e+01
  9.200000e-04   4.059362e+05   3.825523e+03   9.981760e+02   1.239557e+01
  9.300000e-04   3.999544e+05   3.758391e+03   1.002205e+03   1.241999e+01
  9.400000e-04   3.932707e+05   3.717661e+03   1.006172e+03   1.244380e+01
  9.500000e-04   3.868068e+05   3.589268e+03   1.010072e+03   1.246686e+01
  9.600000e-04   3.806885e+05   3.556896e+03   1.013909e+03   1.248927e+01
  9.700000e-04   3.744376e+05   3.541172e+03   1.017685e+03   1.251155e+01
  9.800000e-04   3.677146e+05   3.466567e+03   1.021396e+03   1.253378e+01
  9.900000e-04   3.612816e+05   3.474121e+03   1.025041e+03   1.255557e+01
  1.000000e-03   3.554380e+05   3.488960e+03   1.028624e+03   1.257704e+01
  1.010000e-03   3.484182e+05   3.403034e+03   1.032144e+03   1.259806e+01
  1.020000e-03   3.418718e+05   3.259822e+03   1.035595e+03   1.261830e+01
  1.030000e-03   3.361022e+05   3.241697e+03   1.038985e+03   1.263795e+01
  1.040000e-03   3.297373e+05   3.132260e+03   1.042314e+03   1.265704e+01
  1.050000e-03   3.242783e+05   3.072460e+03   1.045584e+03   1.267534e+01
  1.060000e-03   3.187292e+05   3.016692e+03   1.048799e+03   1.269323e+01
  1.070000e-03   3.130742e+05   2.924019e+03   1.051958e+03   1.271081e+01
  1.080000e-03   3.077580e+05   2.948164e+03   1.055062e+03   1.272813e+01
  1.090000e-03   3.028768e+05   2.906811e+03   1.058116e+03   1.274538e+01
  1.100000e-03   2.972141e+05   2.835754e+03   1.061116e+03   1.276197e+01
  1.110000e-03   2.923846e+05   2.874106e+03   1.064064e+03   1.277798e+01
  1.120000e-03   2.873577e+05   2.799866e+03   1.066963e+03   1.279395e+01
  1.130000e-03   2.823359e+05   2.815644e+03   1.069811e+03   1.281003e+01
  1.140000e-03   2.777523e+05   2.802569e+03   1.072612e+03   1.282611e+01
  1.150000e-03   2.736614e+05   2.769516e+03   1.075369e+03   1.284209e+01
  1.160000e-03   2.689004e+05   2.728310e+03   1.078082e+03   1.285784e+01
  1.170000e-03   2.633144e+05   2.632231e+03   1.080743e+03   1.287310e+01
  1.180000e-03   2.584200e+05   2.690925e+03   1.083351e+03   1.288820e+01
  1.190000e-03   2.537156e+05   2.606239e+03   1.085912e+03   1.290315e+01
  1.200000e-03   2.486034e+05   2.534201e+03   1.088424e+03   1.291750e+01
  1.210000e-03   2.442182e+05   2.473565e+03   1.090888e+03   1.293151e+01
  1.220000e-03   2.395273e+05   2.429740e+03   1.093306e+03   1.294550e+01
  1.230000e-03   2.349393e+05   2.435658e+03   1.095679e+03   1.295936e+01
  1.240000e-03   2.310093e+05   2.428737e+03   1.098009e+03   1.297308e+01
  1.250000e-03   2.264553e+05   2.402615e+03   1.100296e+03   1.298622e+01
  1.260000e-03   2.228393e+05   2.350785e+03   1.102542e+03   1.299863e+01
  1.270000e-03   2.190912e+05   2.331508e+03   1.104752e+03   1.301065e+01
  1.280000e-03   2.148401e+05   2.284102e+03   1.106922e+03   1.302227e+01
  1.290000e-03   2.104840e+05   2.271827e+03   1.109048e+03   1.303392e+01
  1.300000e-03   2.067715e+05   2.216428e+03   1.111135e+03   1.304551e+01
  1.310000e-03   2.030794e+05   2.169397e+03   1.113184e+03   1.305650e+01
  1.320000e-03   1.996956e+05   2.129008e+03   1.115198e+03   1.306699e+01
  1.330000e-03   1.962805e+05   2.102817e+03   1.117178e+03   1.307730e+01
  1.340000e-03   1.926330e+05   2.066265e+03   1.119122e+03   1.308759e+01
  1.350000e-03   1.894477e+05   2.108067e+03   1.121033e+03   1.309801e+01
  1.360000e-03   1.855981e+05   2.114857e+03   1.122908e+03   1.310844e+01
  1.370000e-03   1.823046e+05   2.082707e+03   1.124747e+03   1.311845e+01
  1.380000e-03   1.788555e+05   2.031225e+03   1.126553e+03   1.312793e+01
  1.390000e-03   1.750164e+05   2.007342e+03   1.128322e+03   1.313699e+01
  1.400000e-03   1.713492e+05   1.955095e+03   1.130054e+03   1.314573e+01
  1.410000e-03   1.682992e+05   1.951245e+03   1.131752e+03   1.315422e+01
  1.420000e-03   1.650409e+05   1.949788e+03   1.133419e+03   1.316255e+01
  1.430000e-03   1.616878e+05   1.957009e+03   1.135053e+03   1.317072e+01
  1.440000e-03   1.590332e+05   1.953959e+03   1.136656e+03   1.317897e+01
  1.450000e-03   1.558924e+05   1.954949e+03   1.138231e+03   1.318735e+01
  1.460000e-03   1.527990e+05   1.941989e+03   1.139775e+03   1.319546e+01
  1.470000e-03   1.494971e+05   1.952832e+03   1.141286e+03   1.320351e+01
  1.480000e-03   1.463744e+05   1.969420e+03   1.142765e+03   1.321163e+01
  1.490000e-03   1.435951e+05   1.978007e+03   1.144215e+03   1.321956e+01
  1.500000e-03   1.403806e+05   1.962673e+03   1.145635e+03   1.322729e+01
  1.510000e-03   1.373017e+05   1.927951e+03   1.147024e+03   1.323499e+01
  1.520000e-03   1.340544e+05   1.879010e+03   1.148380e+03   1.324266e+01
  1.530000e-03   1.309490e+05   1.886944e+03   1.149705e+03   1.325024e+01
  1.540000e-03   1.278462e+05   1.820857e+03   1.150999e+03   1.325760e+01
  1.550000e-03   1.250058e+05   1.786005e+03   1.152264e+03   1.326458e+01
  1.560000e-03   1.220646e+05   1.804421e+03   1.153499e+03   1.327147e+01
  1.570000e-03   1.195496e+05   1.754193e+03   1.154707e+03   1.327833e+01
  1.580000e-03   1.169450e+05   1.768738e+03   1.155889e+03   1.328513e+01
  1.590000e-03   1.145282e+05   1.736188e+03   1.157047e+03   1.329164e+01
  1.600000e-03   1.120230e+05   1.694324e+03   1.158180e+03   1.329778e+01
  1.610000e-03   1.092139e+05   1.703538e+03   1.159286e+03   1.330363e+01
  1.620000e-03   1.066762e+05   1.658759e+03   1.160365e+03   1.330893e+01
  1.630000e-03   1.042382e+05   1.624577e+03   1.161420e+03   1.331409e+01
  1.640000e-03   1.019451e+05   1.605397e+03   1.162451e+03   1.331948e+01
  1.650000e-03   9.963538e+04   1.602878e+03   1.163459e+03   1.332473e+01
  1.660000e-03   9.753243e+04   1.570381e+03   1.164444e+03   1.332980e+01
  1.670000e-03   9.535266e+04   1.620884e+03   1.165409e+03   1.333502e+01
  1.680000e-03   9.225229e+04   1.561932e+03   1.166347e+03   1.334020e+01
  1.690000e-03   8.987773e+04   1.545043e+03   1.167258e+03   1.334526e+01
  1.700000e-03   8.759603e+04   1.511334e+03   1.168145e+03   1.335024e+01
  1.710000e-03   8.516444e+04   1.487017e+03   1.169009e+03   1.335497e+01
  1.720000e-03   8.285947e+04   1.458528e+03   1.169849e+03   1.335947e+01
  1.730000e-03   7.995392e+04   1.434558e+03   1.170663e+03   1.336394e+01
  1.740000e-03   7.794471e+04   1.419438e+03   1.171452e+03   1.336847e+01
  1.750000e-03   7.549334e+04   1.425922e+03   1.172220e+03   1.337296e+01
  1.760000e-03   7.327002e+04   1.425193e+03   1.172963e+03   1.337740e+01
  1.770000e-03   7.142002e+04   1.459980e+03   1.173687e+03   1.338176e+01
  1.780000e-03   6.907724e+04   1.437860e+03   1.174389e+03   1.338610e+01
  1.790000e-03   6.699356e+04   1.446711e+03   1.175070e+03   1.339046e+01
  1.800000e-03   6.456970e+04   1.425067e+03   1.175727e+03   1.339466e+01
  1.810000e-03   6.240784e+04   1.405755e+03   1.176362e+03   1.339877e+01
  1.820000e-03   6.060843e+04   1.411595e+03   1.176977e+03   1.340295e+01
  1.830000e-03   5.863635e+04   1.417078e+03   1.177574e+03   1.340718e+01
  1.840000e-03   5.687469e+04   1.376146e+03   1.178151e+03   1.341146e+01
  1.850000e-03   5.457354e+04   1.414843e+03   1.178708e+03   1.341590e+01
  1.860000e-03   5.249700e+04   1.393501e+03   1.179244e+03   1.342050e+01
  1.870000e-03   5.084030e+04   1.381427e+03   1.179761e+03   1.342508e+01
  1.880000e-03   4.852628e+04   1.354905e+03   1.180257e+03   1.342957e+01
  1.890000e-03   4.667538e+04   1.349568e+03   1.180733e+03   1.343399e+01
  1.900000e-03   4.472311e+04   1.313030e+03   1.181190e+03   1.343826e+01
  1.910000e-03   4.302527e+04   1.300755e+03   1.181629e+03   1.344227e+01
  1.920000e-03   4.132716e+04   1.264514e+03   1.182051e+03   1.344587e+01
  1.930000e-03   3.943341e+04   1.264033e+03   1.182455e+03   1.344914e+01
  1.940000e-03   3.709819e+04   1.273918e+03   1.182837e+03   1.345244e+01
  1.950000e-03   3.500342e+04   1.276872e+03   1.183198e+03   1.345571e+01
  1.960000e-03   3.291149e+04   1.283500e+03   1.183537e+03   1.345871e+01
  1.970000e-03   3.107539e+04   1.294586e+03   1.183857e+03   1.346167e+01
  1.980000e-03   2.926427e+04   1.297907e+03   1.184159e+03   1.346477e+01
  1.990000e-03   2.751730e+04   1.288249e+03   1.184443e+03   1.346805e+01
  2.000000e-03   2.590043e+04   1.275912e+03   1.184710e+03   1.347140e+01
  2.010000e-03   2.408477e+04   1.292683e+03   1.184960e+03   1.347455e+01
  2.020000e-03   2.216895e+04   1.272184e+03   1.185191e+03   1.347757e+01
  2.030000e-03   2.054291e+04   1.278677e+03   1.185405e+03   1.348054e+01
  2.040000e-03   1.901520e+04   1.280043e+03   1.185603e+03   1.348345e+01
  2.050000e-03   1.703931e+04   1.251138e+03   1.185783e+03   1.348626e+01
  2.060000e-03   1.530173e+04   1.294309e+03   1.185945e+03   1.348902e+01
  2.070000e-03   1.367146e+04   1.287530e+03   1.186089e+03   1.349184e+01
  2.080000e-03   1.215592e+04   1.276584e+03   1.186219e+03   1.349474e+01
  2.090000e-03   1.058539e+04   1.266256e+03   1.186332e+03   1.349773e+01
  2.100000e-03   9.189899e+03   1.269934e+03   1.186431e+03   1.350072e+01
  2.110000e-03   7.445214e+03   1.281348e+03   1.186514e+03   1.350364e+01
  2.120000e-03   6.047260e+03   1.254664e+03   1.186582e+03   1.350657e+01
  2.130000e-03   4.404203e+03   1.265394e+03   1.186634e+03   1.350963e+01
  2.140000e-03   2.649164e+03   1.217051e+03   1.186669e+03   1.351273e+01
  2.150000e-03   1.203204e+03   1.206177e+03   1.186689e+03   1.351578e+01
  2.160000e-03  -4.706680e+02   1.258133e+03   1.186692e+03   1.351876e+01
  2.170000e-03  -1.986047e+03   1.275601e+03   1.186680e+03   1.352177e+01
  2.180000e-03  -3.497256e+03   1.274462e+03   1.186653e+03   1.352487e+01
  2.190000e-03  -5.183253e+03   1.273761e+03   1.186609e+03   1.352801e+01
  2.200000e-03  -6.686772e+03   1.265859e+03   1.186550e+03   1.353113e+01
  2.210000e-03  -8.166258e+03   1.221836e+03   1.186476e+03   1.353430e+01
  2.220000e-03  -9.624770e+03   1.181377e+03   1.186387e+03   1.353745e+01
  2.230000e-03  -1.122131e+04   1.152782e+03   1.186282e+03   1.354041e+01
  2.240000e-03  -1.244435e+04   1.115698e+03   1.186164e+03   1.354324e+01
  2.250000e-03  -1.397386e+04   1.122933e+03   1.186032e+03   1.354606e+01
  2.260000e-03  -1.501889e+04   1.125833e+03   1.185887e+03   1.354904e+01
  2.270000e-03  -1.625026e+04   1.120334e+03   1.185731e+03   1.355212e+01
  2.280000e-03  -1.763208e+04   1.106269e+03   1.185561e+03   1.355515e+01
  2.290000e-03  -1.885350e+04   1.085216e+03   1.185379e+03   1.355833e+01
  2.300000e-03  -2.025652e+04   1.075695e+03   1.185183e+03   1.356161e+01
  2.310000e-03  -2.168687e+04   1.095546e+03   1.184973e+03   1.356491e+01
  2.320000e-03  -2.292246e+04   1.057760e+03   1.184750e+03   1.356819e+01
  2.330000e-03  -2.423227e+04   1.065282e+03   1.184515e+03   1.357146e+01
  2.340000e-03  -2.563764e+04   1.100009e+03   1.184265e+03   1.357492e+01
  2.350000e-03  -2.696815e+04   1.095960e+03   1.184002e+03   1.357838e+01
  2.360000e-03  -2.807376e+04   1.059173e+03   1.183727e+03   1.358161e+01
  2.370000e-03  -2.917315e+04   1.069389e+03   1.183441e+03   1.358460e+01
  2.380000e-03  -3.039003e+04   1.074802e+03   1.183143e+03   1.358748e+01
  2.390000e-03  -3.194156e+04   1.070977e+03   1.182831e+03   1.359041e+01
  2.400000e-03  -3.298980e+04   1.099993e+03   1.182507e+03   1.359347e+01
  2.410000e-03  -3.422596e+04   1.091342e+03   1.182171e+03   1.359659e+01
  2.420000e-03  -3.555229e+04   1.086814e+03   1.181822e+03   1.359974e+01
  2.430000e-03  -3.662792e+04   1.058630e+03   1.181461e+03   1.360289e+01
  2.440000e-03  -3.752438e+04   1.050272e+03   1.181090e+03   1.360590e+01
  2.450000e-03  -3.857846e+04   1.057482e+03   1.180710e+03   1.360874e+01
  2.460000e-03  -3.979167e+04   1.068022e+03   1.180318e+03   1.361148e+01
  2.470000e-03  -4.089756e+04   1.047495e+03   1.179914e+03   1.361401e+01
  2.480000e-03  -4.219780e+04   1.042073e+03   1.179499e+03   1.361638e+01
  2.490000e-03  -4.314227e+04   1.054343e+03   1.179072e+03   1.361864e+01
  2.500000e-03  -4.415505e+04   1.053797e+03   1.178636e+03   1.362085e+01
  2.510000e-03  -4.543254e+04   1.039671e+03   1.178188e+03   1.362305e+01
  2.520000e-03  -4.653443e+04   1.031087e+03   1.177728e+03   1.362522e+01
  2.530000e-03  -4.754026e+04   1.044653e+03   1.177257e+03   1.362734e+01
  2.540000e-03  -4.874560e+04   1.029578e+03   1.176776e+03   1.362935e+01
  2.550000e-03  -4.992027e+04   1.019043e+03   1.176283e+03   1.363143e+01
  2.560000e-03  -5.114571e+04   1.008060e+03   1.175777e+03   1.363350e+01
  2.570000e-03  -5.251931e+04   9.930502e+02   1.175259e+03   1.363550e+01
  2.580000e-03  -5.365295e+04   9.753845e+02   1.174728e+03   1.363754e+01
  2.590000e-03  -5.478401e+04   9.769474e+02   1.174186e+03   1.363963e+01
  2.600000e-03  -5.560543e+04   9.841968e+02   1.173634e+03   1.364179e+01
  2.610000e-03  -5.667443e+04   9.777814e+02   1.173073e+03   1.364402e+01
  2.620000e-03  -5.780924e+04   9.582000e+02   1.172500e+03   1.364628e+01
  2.630000e-03  -5.892816e+04   9.658051e+02   1.171917e+03   1.364838e+01
  2.640000e-03  -5.978796e+04   9.910657e+02   1.171323e+03   1.365041e+01
  2.650000e-03  -6.060936e+04   9.969474e+02   1.170721e+03   1.365244e+01
  2.660000e-03  -6.163807e+04   9.895150e+02   1.170110e+03   1.365437e+01
  2.670000e-03  -6.277748e+04   9.854912e+02   1.169488e+03   1.365626e+01
  2.680000e-03  -6.366767e+04   9.841877e+02   1.168855e+03   1.365824e+01
  2.690000e-03  -6.478578e+04   9.438819e+02   1.168213e+03   1.366034e+01
  2.700000e-03  -6.581643e+04   9.498329e+02   1.167560e+03   1.366244e+01
  2.710000e-03  -6.689033e+04   9.834696e+02   1.166897e+03   1.366450e+01
  2.720000e-03  -6.790059e+04   9.803771e+02   1.166223e+03   1.366665e+01
  2.730000e-03  -6.880546e+04   9.855984e+02   1.165539e+03   1.366892e+01
  2.740000e-03  -6.984631e+04   9.829496e+02   1.164846e+03   1.367123e+01
  2.750000e-03  -7.062015e+04   9.847755e+02   1.164144e+03   1.367365e+01
  2.760000e-03  -7.161398e+04   9.766592e+02   1.163432e+03   1.367622e+01
  2.770000e-03  -7.281495e+04   9.781922e+02   1.162710e+03   1.367879e+01
  2.780000e-03  -7.386550e+04   9.642557e+02   1.161977e+03   1.368121e+01
  2.790000e-03  -7.492125e+04   9.734067e+02   1.161233e+03   1.368357e+01
  2.800000e-03  -7.590375e+04   9.927457e+02   1.160479e+03   1.368599e+01
  2.810000e-03  -7.707968e+04   9.948754e+02   1.159714e+03   1.368833e+01
  2.820000e-03  -7.809439e+04   9.725114e+02   1.158938e+03   1.369058e+01
  2.830000e-03  -7.906836e+04   9.602026e+02   1.158152e+03   1.369265e+01
  2.840000e-03  -8.000871e+04   9.338341e+02   1.157357e+03   1.369460e+01
  2.850000e-03  -8.077594e+04   9.244895e+02   1.156553e+03   1.369649e+01
  2.860000e-03  -8.146890e+04   9.175997e+02   1.155742e+03   1.369828e+01
  2.870000e-03  -8.199563e+04   9.350044e+02   1.154924e+03   1.370006e+01
  2.880000e-03  -8.278552e+04   9.142590e+02   1.154100e+03   1.370188e+01
  2.890000e-03  -8.362937e+04   9.427454e+02   1.153268e+03   1.370370e+01
  2.900000e-03  -8.492000e+04   9.446393e+02   1.152426e+03   1.370552e+01
  2.910000e-03  -8.569524e+04   9.584372e+02   1.151573e+03   1.370725e+01
  2.920000e-03  -8.645362e+04   9.647830e+02   1.150712e+03   1.370901e+01
  2.930000e-03  -8.734175e+04   9.672270e+02   1.149843e+03   1.371092e+01
  2.940000e-03  -8.829897e+04   9.616901e+02   1.148965e+03   1.371296e+01
  2.950000e-03  -8.913006e+04   9.700816e+02   1.148077e+03   1.371503e+01
  2.960000e-03  -8.989662e+04   9.519945e+02   1.147182e+03   1.371705e+01
  2.970000e-03  -9.049358e+04   9.512349e+02   1.146280e+03   1.371908e+01
  2.980000e-03  -9.134676e+04   9.478174e+02   1.145371e+03   1.372114e+01
  2.990000e-03  -9.210038e+04   9.434434e+02   1.144454e+03   1.372312e+01
  3.000000e-03  -9.284204e+04   9.337437e+02   1.143529e+03   1.372512e+01
  3.010000e-03  -9.379029e+04   9.066371e+02   1.142596e+03   1.372713e+01
  3.020000e-03  -9.442561e+04   8.933494e+02   1.141655e+03   1.372901e+01
  3.030000e-03  -9.538074e+04   8.782075e+02   1.140706e+03   1.373068e+01
  3.040000e-03  -9.633927e+04   8.686811e+02   1.139747e+03   1.373224e+01
  3.050000e-03  -9.714255e+04   8.541560e+02   1.138780e+03   1.373378e+01
  3.060000e-03  -9.789573e+04   8.431639e+02   1.137805e+03   1.373527e+01
  3.070000e-03  -9.873587e+04   8.598387e+02   1.136822e+03   1.373668e+01
  3.080000e-03  -9.966595e+04   8.679870e+02   1.135830e+03   1.373799e+01
  3.090000e-03  -1.003796e+05   8.583336e+02   1.134829e+03   1.373915e+01
  3.100000e-03  -1.010636e+05   8.805251e+02   1.133822e+03   1.374020e+01
  3.110000e-03  -1.019513e+05   8.738507e+02   1.132807e+03   1.374123e+01
  3.120000e-03  -1.026118e+05   8.650335e+02   1.131784e+03   1.374231e+01
  3.130000e-03  -1.034336e+05   8.608204e+02   1.130754e+03   1.374342e+01
  3.140000e-03  -1.042480e+05   8.573447e+02   1.129716e+03   1.374452e+01
  3.150000e-03  -1.051660e+05   8.182840e+02   1.128669e+03   1.374567e+01
  3.160000e-03  -1.059938e+05   8.225921e+02   1.127613e+03   1.374688e+01
  3.170000e-03  -1.067113e+05   8.370737e+02   1.126549e+03   1.374821e+01
  3.180000e-03  -1.073441e+05   8.295366e+02   1.125479e+03   1.374955e+01
  3.190000e-03  -1.081039e+05   8.083167e+02   1.124402e+03   1.375088e+01
  3.200000e-03  -1.086686e+05   8.118402e+02   1.123318e+03   1.375237e+01
  3.210000e-03  -1.093496e+05   8.312452e+02   1.122228e+03   1.375405e+01
  3.220000e-03  -1.102077e+05   8.303817e+02   1.121130e+03   1.375586e+01
  3.230000e-03  -1.108545e+05   8.413276e+02   1.120025e+03   1.375775e+01
  3.240000e-03  -1.111493e+05   8.334248e+02   1.118915e+03   1.375961e+01
  3.250000e-03  -1.121015e+05   8.073930e+02   1.117798e+03   1.376133e+01
  3.260000e-03  -1.125408e+05   8.143221e+02   1.116675e+03   1.376301e+01
  3.270000e-03  -1.134189e+05   8.369719e+02   1.115545e+03   1.376480e+01
  3.280000e-03  -1.141517e+05   8.551213e+02   1.114407e+03   1.376659e+01
  3.290000e-03  -1.145793e+05   8.412380e+02   1.113264e+03   1.376831e+01
  3.300000e-03  -1.151257e+05   8.241804e+02   1.112115e+03   1.376989e+01
  3.310000e-03  -1.157328e+05   8.097573e+02   1.110961e+03   1.377127e+01
  3.320000e-03  -1.164130e+05   7.948476e+02   1.109800e+03   1.377248e+01
  3.330000e-03  -1.170522e+05   7.611925e+02   1.108633e+03   1.377361e+01
  3.340000e-03  -1.176848e+05   7.505082e+02   1.107459e+03   1.377461e+01
  3.350000e-03  -1.182849e+05   7.649492e+02   1.106279e+03   1.377568e+01
  3.360000e-03  -1.189118e+05   7.604720e+02   1.105093e+03   1.377681e+01
  3.370000e-03  -1.194151e+05   7.764610e+02   1.103902e+03   1.377783e+01
  3.380000e-03  -1.200386e+05   7.931423e+02   1.102705e+03   1.377895e+01
  3.390000e-03  -1.204755e+05   8.050926e+02   1.101502e+03   1.378015e+01
  3.400000e-03  -1.210193e+05   7.863689e+02   1.100295e+03   1.378123e+01
  3.410000e-03  -1.217963e+05   7.919806e+02   1.099080e+03   1.378231e+01
  3.420000e-03  -1.224578e+05   7.807091e+02   1.097859e+03   1.378339e+01
  3.430000e-03  -1.230518e+05   7.812238e+02   1.096632e+03   1.378435e+01
  3.440000e-03  -1.235886e+05   7.741909e+02   1.095398e+03   1.378532e+01
  3.450000e-03  -1.241474e+05   7.699858e+02   1.094160e+03   1.378635e+01
  3.460000e-03  -1.248147e+05   7.606497e+02   1.092915e+03   1.378738e+01
  3.470000e-03  -1.254056e+05   7.527162e+02   1.091664e+03   1.378845e+01
  3.480000e-03  -1.261301e+05   7.429504e+02   1.090406e+03   1.378952e+01
  3.490000e-03  -1.267860e+05   7.382066e+02   1.089142e+03   1.379059e+01
  3.500000e-03  -1.273662e+05   7.229448e+02   1.087871e+03   1.379170e+01
  3.510000e-03  -1.279359e+05   6.969161e+02   1.086594e+03   1.379286e+01
  3.520000e-03  -1.283724e+05   6.889420e+02   1.085313e+03   1.379402e+01
  3.530000e-03  -1.290636e+05   6.786775e+02   1.084026e+03   1.379509e+01
  3.540000e-03  -1.294817e+05   6.623878e+02   1.082733e+03   1.379617e+01
  3.550000e-03  -1.302534e+05   6.609297e+02   1.081434e+03   1.379731e+01
  3.560000e-03  -1.306987e+05   6.880553e+02   1.080129e+03   1.379840e+01
  3.570000e-03  -1.312672e+05   6.874877e+02   1.078820e+03   1.379942e+01
  3.580000e-03  -1.318342e+05   6.867428e+02   1.077504e+03   1.380042e+01
  3.590000e-03  -1.325289e+05   6.612265e+02   1.076182e+03   1.380145e+01
  3.600000e-03  -1.331193e+05   6.799100e+02   1.074854e+03   1.380245e+01
  3.610000e-03  -1.334359e+05   6.827891e+02   1.073521e+03   1.380334e+01
  3.620000e-03  -1.340518e+05   6.605281e+02   1.072184e+03   1.380420e+01
  3.630000e-03  -1.347021e+05   6.829947e+02   1.070840e+03   1.380511e+01
  3.640000e-03  -1.353288e+05   6.810779e+02   1.069490e+03   1.380599e+01
  3.650000e-03  -1.358250e+05   6.802881e+02   1.068134e+03   1.380685e+01
  3.660000e-03  -1.362815e+05   6.780074e+02   1.066774e+03   1.380765e+01
  3.670000e-03  -1.367047e+05   6.875423e+02   1.065409e+03   1.380822e+01
  3.680000e-03  -1.373548e+05   6.872956e+02   1.064038e+03   1.380869e+01
  3.690000e-03  -1.378774e+05   6.840138e+02   1.062662e+03   1.380921e+01
  3.700000e-03  -1.384650e+05   7.004260e+02   1.061280e+03   1.380973e+01
  3.710000e-03  -1.391085e+05   7.084596e+02   1.059893e+03   1.381038e+01
  3.720000e-03  -1.397549e+05   6.920268e+02   1.058498e+03   1.381106e+01
  3.730000e-03  -1.401974e+05   6.830176e+02   1.057099e+03   1.381164e+01
  3.740000e-03  -1.407832e+05   6.770539e+02   1.055694e+03   1.381222e+01
  3.750000e-03  -1.413912e+05   6.856342e+02   1.054283e+03   1.381279e+01
  3.760000e-03  -1.418243e+05   6.940579e+02   1.052867e+03   1.381337e+01
  3.770000e-03  -1.423157e+05   6.971542e+02   1.051446e+03   1.381397e+01
  3.780000e-03  -1.427093e+05   7.055786e+02   1.050021e+03   1.381460e+01
  3.790000e-03  -1.431920e+05   7.011697e+02   1.048591e+03   1.381520e+01
  3.800000e-03  -1.436648e+05   7.065802e+02   1.047157e+03   1.381583e+01
  3.810000e-03  -1.442289e+05   7.025847e+02   1.045718e+03   1.381652e+01
  3.820000e-03  -1.448379e+05   6.918088e+02   1.044272e+03   1.381720e+01
  3.830000e-03  -1.455204e+05   6.850078e+02   1.042820e+03   1.381788e+01
  3.840000e-03  -1.461765e+05   6.731844e+02   1.041362e+03   1.381855e+01
  3.850000e-03  -1.467751e+05   6.777739e+02   1.039897e+03   1.381915e+01
  3.860000e-03  -1.471869e+05   6.673801e+02   1.038427e+03   1.381972e+01
  3.870000e-03  -1.476579e+05   6.662691e+02   1.036953e+03   1.382033e+01
  3.880000e-03  -1.482082e+05   6.651366e+02   1.035474e+03   1.382097e+01
  3.890000e-03  -1.490034e+05   6.701709e+02   1.033988e+03   1.382174e+01
  3.900000e-03  -1.494062e+05   6.615107e+02   1.032496e+03   1.382257e+01
  3.910000e-03  -1.499050e+05   6.523826e+02   1.030999e+03   1.382338e+01
  3.920000e-03  -1.503278e+05   6.419158e+02   1.029498e+03   1.382424e+01
  3.930000e-03  -1.506897e+05   6.187279e+02   1.027993e+03   1.382515e+01
  3.940000e-03  -1.511907e+05   6.122423e+02   1.026484e+03   1.382601e+01
  3.950000e-03  -1.515412e+05   6.389804e+02   1.024970e+03   1.382684e+01
  3.960000e-03  -1.519035e+05   6.205146e+02   1.023453e+03   1.382768e+01
  3.970000e-03  -1.522574e+05   6.296827e+02   1.021932e+03   1.382852e+01
  3.980000e-03  -1.528061e+05   6.184804e+02   1.020407e+03   1.382935e+01
  3.990000e-03  -1.532344e+05   6.171775e+02   1.018876e+03   1.383004e+01
  4.000000e-03  -1.537799e+05   6.230684e+02   1.017341e+03   1.383070e+01
  4.010000e-03  -1.540855e+05   6.267060e+02   1.015802e+03   1.383137e+01
  4.020000e-03  -1.544859e+05   6.261394e+02   1.014259e+03   1.383203e+01
  4.030000e-03  -1.548855e+05   6.272223e+02   1.012712e+03   1.383259e+01
  4.040000e-03  -1.552011e+05   6.299938e+02   1.011162e+03   1.383311e+01
  4.050000e-03  -1.553881e+05   6.093601e+02   1.009609e+03   1.383372e+01
  4.060000e-03  -1.557883e+05   6.110499e+02   1.008053e+03   1.383432e+01
  4.070000e-03  -1.563118e+05   6.333303e+02   1.006492e+03   1.383489e+01
  4.080000e-03  -1.567378e+05   6.437744e+02   1.004927e+03   1.383549e+01
  4.090000e-03  -1.572097e+05   6.458183e+02   1.003357e+03   1.383614e+01
  4.100000e-03  -1.574517e+05   6.474847e+02   1.001784e+03   1.383693e+01
  4.110000e-03  -1.578347e+05   6.546581e+02   1.000208e+03   1.383787e+01
  4.120000e-03  -1.581646e+05   6.482627e+02   9.986277e+02   1.383883e+01
  4.130000e-03  -1.586310e+05   6.294787e+02   9.970438e+02   1.383968e+01
  4.140000e-03  -1.589245e+05   6.273811e+02   9.954560e+02   1.384039e+01
  4.150000e-03  -1.592568e+05   6.275872e+02   9.938651e+02   1.384104e+01
  4.160000e-03  -1.597584e+05   6.065929e+02   9.922700e+02   1.384160e+01
  4.170000e-03  -1.600628e+05   6.007698e+02   9.906709e+02   1.384207e+01
  4.180000e-03  -1.603804e+05   6.041226e+02   9.890687e+02   1.384241e+01
  4.190000e-03  -1.605894e+05   6.039837e+02   9.874638e+02   1.384265e+01
  4.200000e-03  -1.610212e+05   6.115179e+02   9.858558e+02   1.384285e+01
  4.210000e-03  -1.613860e+05   6.060532e+02   9.842437e+02   1.384298e+01
  4.220000e-03  -1.617065e+05   6.152900e+02   9.826283e+02   1.384310e+01
  4.230000e-03  -1.621197e+05   6.156845e+02   9.810091e+02   1.384323e+01
  4.240000e-03  -1.626484e+05   6.155857e+02   9.793853e+02   1.384336e+01
  4.250000e-03  -1.628795e+05   6.328375e+02   9.777577e+02   1.384354e+01
  4.260000e-03  -1.633506e+05   6.385370e+02   9.761265e+02   1.384381e+01
  4.270000e-03  -1.636164e+05   6.318823e+02   9.744917e+02   1.384419e+01
  4.280000e-03  -1.640191e+05   6.100972e+02   9.728535e+02   1.384456e+01
  4.290000e-03  -1.644472e+05   6.177459e+02   9.712112e+02   1.384489e+01
  4.300000e-03  -1.650144e+05   6.144976e+02   9.695639e+02   1.384526e+01
  4.310000e-03  -1.654383e+05   6.038799e+02   9.679116e+02   1.384571e+01
  4.320000e-03  -1.656496e+05   6.138825e+02   9.662562e+02   1.384615e+01
  4.330000e-03  -1.658832e+05   6.113361e+02   9.645985e+02   1.384651e+01
  4.340000e-03  -1.662616e+05   6.098471e+02   9.629378e+02   1.384679e+01
  4.350000e-03  -1.664337e+05   5.998500e+02   9.612743e+02   1.384708e+01
  4.360000e-03  -1.667808e+05   6.015679e+02   9.596082e+02   1.384732e+01
  4.370000e-03  -1.673496e+05   6.072530e+02   9.579376e+02   1.384749e+01
  4.380000e-03  -1.677186e+05   6.054897e+02   9.562622e+02   1.384767e+01
  4.390000e-03  -1.680416e+05   5.987446e+02   9.545834e+02   1.384784e+01
  4.400000e-03  -1.684183e+05   5.994072e+02   9.529011e+02   1.384805e+01
  4.410000e-03  -1.688107e+05   6.148709e+02   9.512150e+02   1.384825e+01
  4.420000e-03  -1.691783e+05   6.066862e+02   9.495250e+02   1.384839e+01
  4.430000e-03  -1.694133e+05   6.001803e+02   9.478321e+02   1.384862e+01
  4.440000e-03  -1.696121e+05   5.965390e+02   9.461370e+02   1.384887e+01
  4.450000e-03  -1.699007e+05   6.062939e+02   9.444394e+02   1.384908e+01
  4.460000e-03  -1.703144e+05   5.902005e+02   9.427383e+02   1.384932e+01
  4.470000e-03  -1.705070e+05   5.983653e+02   9.410342e+02   1.384962e+01
  4.480000e-03  -1.708666e+05   6.099179e+02   9.393273e+02   1.384992e+01
  4.490000e-03  -1.711738e+05   6.237755e+02   9.376171e+02   1.385015e+01
  4.500000e-03  -1.715430e+05   6.159652e+02   9.359036e+02   1.385031e+01
  4.510000e-03  -1.718175e+05   6.122423e+02   9.341867e+02   1.385033e+01
  4.520000e-03  -1.722161e+05   6.187571e+02   9.324666e+02   1.385027e+01
  4.530000e-03  -1.724889e+05   6.186833e+02   9.307431e+02   1.385024e+01
  4.540000e-03  -1.728432e+05   6.249661e+02   9.290164e+02   1.385022e+01
  4.550000e-03  -1.731595e+05   6.156787e+02   9.272864e+02   1.385015e+01
  4.560000e-03  -1.732161e+05   6.054124e+02   9.255545e+02   1.385015e+01
  4.570000e-03  -1.735669e+05   6.002472e+02   9.238206e+02   1.385025e+01
  4.580000e-03  -1.739584e+05   5.949457e+02   9.220830e+02   1.385038e+01
  4.590000e-03  -1.744378e+05   6.015795e+02   9.203410e+02   1.385066e+01
  4.600000e-03  -1.748301e+05   5.962286e+02   9.185946e+02   1.385101e+01
  4.610000e-03  -1.752965e+05   5.906316e+02   9.168440e+02   1.385136e+01
  4.620000e-03  -1.755467e+05   5.869066e+02   9.150898e+02   1.385184e+01
  4.630000e-03  -1.758290e+05   5.793245e+02   9.133329e+02   1.385238e+01
  4.640000e-03  -1.762146e+05   5.656987e+02   9.115727e+02   1.385294e+01
  4.650000e-03  -1.765797e+05   5.722700e+02   9.098087e+02   1.385359e+01
  4.660000e-03  -1.769685e+05   5.596926e+02   9.080410e+02   1.385426e+01
  4.670000e-03  -1.773366e+05   5.779042e+02   9.062695e+02   1.385489e+01
  4.680000e-03  -1.778154e+05   5.594388e+02   9.044937e+02   1.385550e+01
  4.690000e-03  -1.782292e+05   5.612449e+02   9.027135e+02   1.385611e+01
  4.700000e-03  -1.786207e+05   5.605732e+02   9.009292e+02   1.385670e+01
  4.710000e-03  -1.788505e+05   5.682454e+02   8.991419e+02   1.385727e+01
  4.720000e-03  -1.791381e+05   5.627466e+02   8.973519e+02   1.385778e+01
  4.730000e-03  -1.794522e+05   5.680732e+02   8.955590e+02   1.385824e+01
  4.740000e-03  -1.797221e+05   5.618898e+02   8.937631e+02   1.385865e+01
  4.750000e-03  -1.800306e+05   5.618942e+02   8.919643e+02   1.385896e+01
  4.760000e-03  -1.801720e+05   5.609681e+02   8.901633e+02   1.385914e+01
  4.770000e-03  -1.805290e+05   5.547042e+02   8.883598e+02   1.385932e+01
  4.780000e-03  -1.810312e+05   5.527922e+02   8.865520e+02   1.385954e+01
  4.790000e-03  -1.813670e+05   5.367106e+02   8.847400e+02   1.385984e+01
  4.800000e-03  -1.817568e+05   5.437519e+02   8.829244e+02   1.386025e+01
  4.810000e-03  -1.821146e+05   5.244523e+02   8.811051e+02   1.386066e+01
  4.820000e-03  -1.825092e+05   5.029622e+02   8.792819e+02   1.386102e+01
  4.830000e-03  -1.828249e+05   5.021227e+02   8.774553e+02   1.386143e+01
  4.840000e-03  -1.829988e+05   5.063720e+02   8.756261e+02   1.386179e+01
  4.850000e-03  -1.832507e+05   5.040245e+02   8.737949e+02   1.386209e+01
  4.860000e-03  -1.835359e+05   5.124562e+02   8.719610e+02   1.386241e+01
  4.870000e-03  -1.837580e+05   5.207193e+02   8.701245e+02   1.386267e+01
  4.880000e-03  -1.840749e+05   5.205512e+02   8.682853e+02   1.386298e+01
  4.890000e-03  -1.843472e+05   5.236229e+02   8.664432e+02   1.386342e+01
  4.900000e-03  -1.845420e+05   5.340270e+02   8.645988e+02   1.386383e+01
  4.910000e-03  -1.846748e+05   5.262994e+02   8.627527e+02   1.386420e+01
  4.920000e-03  -1.850038e+05   5.335802e+02   8.609043e+02   1.386461e+01
  4.930000e-03  -1.851455e+05   5.297115e+02   8.590536e+02   1.386508e+01
  4.940000e-03  -1.856491e+05   5.269770e+02   8.571996e+02   1.386552e+01
  4.950000e-03  -1.859128e+05   5.265904e+02   8.553418e+02   1.386592e+01
  4.960000e-03  -1.862358e+05   5.099502e+02   8.534810e+02   1.386632e+01
  4.970000e-03  -1.864740e+05   5.017059e+02   8.516175e+02   1.386677e+01
  4.980000e-03  -1.868204e+05   4.831026e+02   8.497510e+02   1.386725e+01
  4.990000e-03  -1.870880e+05   4.777810e+02   8.478815e+02   1.386767e+01
  5.000000e-03  -1.873401e+05   4.613369e+02   8.460093e+02   1.386801e+01
  5.010000e-03  -1.875784e+05   4.650749e+02   8.441347e+02   1.386840e+01
  5.020000e-03  -1.878124e+05   4.757077e+02   8.422578e+02   1.386874e+01
  5.030000e-03  -1.880785e+05   4.736302e+02   8.403783e+02   1.386895e+01
  5.040000e-03  -1.884298e+05   4.718910e+02   8.384958e+02   1.386914e+01
  5.050000e-03  -1.886356e+05   4.710216e+02   8.366105e+02   1.386938e+01
  5.060000e-03  -1.888725e+05   4.666869e+02   8.347229e+02   1.386967e+01
  5.070000e-03  -1.891109e+05   4.632657e+02   8.328330e+02   1.386995e+01
  5.080000e-03  -1.892931e+05   4.755971e+02   8.309410e+02   1.387021e+01
  5.090000e-03  -1.894797e+05   4.670048e+02   8.290471e+02   1.387047e+01
  5.100000e-03  -1.898495e+05   4.605354e+02   8.271505e+02   1.387070e+01
  5.110000e-03  -1.902910e+05   4.599932e+02   8.252498e+02   1.387097e+01
  5.120000e-03  -1.906827e+05   4.571127e+02   8.233449e+02   1.387131e+01
  5.130000e-03  -1.909906e+05   4.563787e+02   8.214365e+02   1.387168e+01
  5.140000e-03  -1.910576e+05   4.433659e+02   8.195263e+02   1.387205e+01
  5.150000e-03  -1.912362e+05   4.296272e+02   8.176148e+02   1.387236e+01
  5.160000e-03  -1.915632e+05   4.225694e+02   8.157008e+02   1.387263e+01
  5.170000e-03  -1.917769e+05   4.236792e+02   8.137841e+02   1.387291e+01
  5.180000e-03  -1.919921e+05   4.301764e+02   8.118653e+02   1.387312e+01
  5.190000e-03  -1.922890e+05   4.286910e+02   8.099439e+02   1.387320e+01
  5.200000e-03  -1.926074e+05   4.365136e+02   8.080194e+02   1.387320e+01
  5.210000e-03  -1.927850e+05   4.400046e+02   8.060924e+02   1.387321e+01
  5.220000e-03  -1.931628e+05   4.488585e+02   8.041627e+02   1.387325e+01
  5.230000e-03  -1.934672e+05   4.596868e+02   8.022295e+02   1.387334e+01
  5.240000e-03  -1.937191e+05   4.558945e+02   8.002936e+02   1.387355e+01
  5.250000e-03  -1.940469e+05   4.504908e+02   7.983548e+02   1.387389e+01
  5.260000e-03  -1.942953e+05   4.429078e+02   7.964131e+02   1.387424e+01
  5.270000e-03  -1.947857e+05   4.322210e+02   7.944677e+02   1.387444e+01
  5.280000e-03  -1.950152e+05   4.270620e+02   7.925187e+02   1.387454e+01
  5.290000e-03  -1.953139e+05   4.388715e+02   7.905670e+02   1.387466e+01
  5.300000e-03  -1.954140e+05   4.379404e+02   7.886134e+02   1.387481e+01
  5.310000e-03  -1.956882e+05   4.394847e+02   7.866579e+02   1.387500e+01
  5.320000e-03  -1.958591e+05   4.357390e+02   7.847001e+02   1.387523e+01
  5.330000e-03  -1.961273e+05   4.456241e+02   7.827402e+02   1.387552e+01
  5.340000e-03  -1.963627e+05   4.367748e+02   7.807777e+02   1.387580e+01
  5.350000e-03  -1.966483e+05   4.339180e+02   7.788127e+02   1.387600e+01
  5.360000e-03  -1.969654e+05   4.309420e+02   7.768446e+02   1.387625e+01
  5.370000e-03  -1.971682e+05   4.283794e+02   7.748740e+02   1.387651e+01
  5.380000e-03  -1.974391e+05   4.152163e+02   7.729009e+02   1.387667e+01
  5.390000e-03  -1.977147e+05   4.167978e+02   7.709251e+02   1.387684e+01
  5.400000e-03  -1.979604e+05   4.325305e+02   7.689468e+02   1.387704e+01
  5.410000e-03  -1.981620e+05   4.225893e+02   7.669662e+02   1.387726e+01
  5.420000e-03  -1.982468e+05   4.117011e+02   7.649841e+02   1.387748e+01
  5.430000e-03  -1.984226e+05   4.103706e+02   7.630008e+02   1.387771e+01
  5.440000e-03  -1.985445e+05   4.162044e+02   7.610159e+02   1.387800e+01
  5.450000e-03  -1.987286e+05   4.071185e+02   7.590296e+02   1.387824e+01
  5.460000e-03  -1.988450e+05   4.092267e+02   7.570417e+02   1.387845e+01
  5.470000e-03  -1.991454e+05   3.969684e+02   7.550518e+02   1.387874e+01
  5.480000e-03  -1.994386e+05   3.761315e+02   7.530588e+02   1.387909e+01
  5.490000e-03  -1.997101e+05   3.765429e+02   7.510631e+02   1.387942e+01
  5.500000e-03  -1.999939e+05   3.789156e+02   7.490646e+02   1.387970e+01
  5.510000e-03  -2.001268e+05   3.647601e+02   7.470640e+02   1.387995e+01
  5.520000e-03  -2.002227e+05   3.719562e+02   7.450622e+02   1.388023e+01
  5.530000e-03  -2.004638e+05   3.690862e+02   7.430588e+02   1.388053e+01
  5.540000e-03  -2.006022e+05   3.761405e+02   7.410535e+02   1.388085e+01
  5.550000e-03  -2.007567e+05   3.702399e+02   7.390467e+02   1.388119e+01
  5.560000e-03  -2.009097e+05   3.856618e+02   7.370383e+02   1.388147e+01
  5.570000e-03  -2.011064e+05   3.769881e+02   7.350282e+02   1.388172e+01
  5.580000e-03  -2.013306e+05   3.829685e+02   7.330161e+02   1.388196e+01
  5.590000e-03  -2.016095e+05   3.790015e+02   7.310014e+02   1.388218e+01
  5.600000e-03  -2.018160e+05   3.841892e+02   7.289842e+02   1.388239e+01
  5.610000e-03  -2.021195e+05   3.979202e+02   7.269646e+02   1.388261e+01
  5.620000e-03  -2.023100e+05   4.190294e+02   7.249424e+02   1.388289e+01
  5.630000e-03  -2.024662e+05   4.145869e+02   7.229185e+02   1.388323e+01
  5.640000e-03  -2.028430e+05   4.100097e+02   7.208920e+02   1.388352e+01
  5.650000e-03  -2.029466e+05   4.071057e+02   7.188630e+02   1.388367e+01
  5.660000e-03  -2.031125e+05   3.992306e+02   7.168327e+02   1.388377e+01
  5.670000e-03  -2.032928e+05   4.000844e+02   7.148007e+02   1.388394e+01
  5.680000e-03  -2.036080e+05   3.929493e+02   7.127662e+02   1.388415e+01
  5.690000e-03  -2.037706e+05   3.973740e+02   7.107293e+02   1.388435e+01
  5.700000e-03  -2.039678e+05   4.137432e+02   7.086906e+02   1.388455e+01
  5.710000e-03  -2.042091e+05   4.025466e+02   7.066497e+02   1.388482e+01
  5.720000e-03  -2.044939e+05   4.055440e+02   7.046062e+02   1.388521e+01
  5.730000e-03  -2.047367e+05   3.937703e+02   7.025601e+02   1.388563e+01
  5.740000e-03  -2.048731e+05   3.839230e+02   7.005120e+02   1.388604e+01
  5.750000e-03  -2.050023e+05   3.776153e+02   6.984626e+02   1.388642e+01
  5.760000e-03  -2.052296e+05   3.861953e+02   6.964115e+02   1.388677e+01
  5.770000e-03  -2.054968e+05   3.888126e+02   6.943579e+02   1.388714e+01
  5.780000e-03  -2.057637e+05   3.780985e+02   6.923016e+02   1.388749e+01
  5.790000e-03  -2.060292e+05   3.780961e+02   6.902426e+02   1.388778e+01
  5.800000e-03  -2.061370e+05   3.881009e+02   6.881818e+02   1.388807e+01
  5.810000e-03  -2.062874e+05   3.858450e+02   6.861196e+02   1.388831e+01
  5.820000e-03  -2.066377e+05   3.871818e+02   6.840550e+02   1.388848e+01
  5.830000e-03  -2.066779e+05   3.802746e+02   6.819884e+02   1.388858e+01
  5.840000e-03  -2.068593e+05   3.839374e+02   6.799207e+02   1.388870e+01
  5.850000e-03  -2.070852e+05   3.816937e+02   6.778510e+02   1.388888e+01
  5.860000e-03  -2.070570e+05   3.908185e+02   6.757803e+02   1.388896e+01
  5.870000e-03  -2.071908e+05   3.995331e+02   6.737091e+02   1.388902e+01
  5.880000e-03  -2.073617e+05   3.875718e+02   6.716363e+02   1.388913e+01
  5.890000e-03  -2.076066e+05   3.949855e+02   6.695615e+02   1.388924e+01
  5.900000e-03  -2.077658e+05   3.902513e+02   6.674846e+02   1.388932e+01
  5.910000e-03  -2.078233e+05   3.904708e+02   6.654067e+02   1.388938e+01
  5.920000e-03  -2.079218e+05   3.920612e+02   6.633279e+02   1.388949e+01
  5.930000e-03  -2.081377e+05   3.856221e+02   6.612476e+02   1.388968e+01
  5.940000e-03  -2.083969e+05   3.886103e+02   6.591650e+02   1.388993e+01
  5.950000e-03  -2.084568e+05   3.985947e+02   6.570807e+02   1.389018e+01
  5.960000e-03  -2.087222e+05   3.933856e+02   6.549948e+02   1.389040e+01
  5.970000e-03  -2.089517e+05   3.971058e+02   6.529064e+02   1.389065e+01
  5.980000e-03  -2.091813e+05   3.978108e+02   6.508158e+02   1.389090e+01
  5.990000e-03  -2.093538e+05   3.962950e+02   6.487231e+02   1.389110e+01
  6.000000e-03  -2.095122e+05   3.952127e+02   6.466288e+02   1.389131e+01
  6.010000e-03  -2.096552e+05   3.884255e+02   6.445329e+02   1.389152e+01
  6.020000e-03  -2.098916e+05   3.741659e+02   6.424352e+02   1.389173e+01
  6.030000e-03  -2.101370e+05   3.790251e+02   6.403350e+02   1.389198e+01
  6.040000e-03  -2.103740e+05   3.883562e+02   6.382325e+02   1.389224e+01
  6.050000e-03  -2.104805e+05   3.905170e+02   6.361282e+02   1.389252e+01
  6.060000e-03  -2.107955e+05   3.934331e+02   6.340218e+02   1.389288e+01
  6.070000e-03  -2.109056e+05   3.832221e+02   6.319133e+02   1.389327e+01
  6.080000e-03  -2.111702e+05   3.840900e+02   6.298030e+02   1.389361e+01
  6.090000e-03  -2.113788e+05   3.776126e+02   6.276902e+02   1.389390e+01
  6.100000e-03  -2.115006e+05   3.779055e+02   6.255758e+02   1.389418e+01
  6.110000e-03  -2.115329e+05   3.884757e+02   6.234606e+02   1.389447e+01
  6.120000e-03  -2.117364e+05   3.882822e+02   6.213443e+02   1.389474e+01
  6.130000e-03  -2.119867e+05   3.846220e+02   6.192257e+02   1.389496e+01
  6.140000e-03  -2.121719e+05   3.848829e+02   6.171049e+02   1.389509e+01
  6.150000e-03  -2.123356e+05   3.786378e+02   6.149824e+02   1.389515e+01
  6.160000e-03  -2.125204e+05   3.865487e+02   6.128581e+02   1.389518e+01
  6.170000e-03  -2.126680e+05   3.866412e+02   6.107321e+02   1.389522e+01
  6.180000e-03  -2.128841e+05   4.009668e+02   6.086044e+02   1.389530e+01
  6.190000e-03  -2.131278e+05   3.942131e+02   6.064743e+02   1.389541e+01
  6.200000e-03  -2.133244e+05   3.800347e+02   6.043421e+02   1.389546e+01
  6.210000e-03  -2.135945e+05   3.744153e+02   6.022075e+02   1.389551e+01
  6.220000e-03  -2.137219e+05   3.613449e+02   6.000709e+02   1.389562e+01
  6.230000e-03  -2.137290e+05   3.569321e+02   5.979336e+02   1.389575e+01
  6.240000e-03  -2.140319e+05   3.599393e+02   5.957948e+02   1.389590e+01
  6.250000e-03  -2.142993e+05   3.601860e+02   5.936532e+02   1.389613e+01
  6.260000e-03  -2.144374e+05   3.456344e+02   5.915095e+02   1.389644e+01
  6.270000e-03  -2.147622e+05   3.557101e+02   5.893635e+02   1.389683e+01
  6.280000e-03  -2.148939e+05   3.485045e+02   5.872152e+02   1.389724e+01
  6.290000e-03  -2.151810e+05   3.572466e+02   5.850648e+02   1.389769e+01
  6.300000e-03  -2.153917e+05   3.636081e+02   5.829120e+02   1.389817e+01
  6.310000e-03  -2.155485e+05   3.465486e+02   5.807573e+02   1.389859e+01
  6.320000e-03  -2.157187e+05   3.488165e+02   5.786009e+02   1.389902e+01
  6.330000e-03  -2.157987e+05   3.478799e+02   5.764433e+02   1.389939e+01
  6.340000e-03  -2.159854e+05   3.459509e+02   5.742844e+02   1.389969e+01
  6.350000e-03  -2.159758e+05   3.514332e+02   5.721246e+02   1.389995e+01
  6.360000e-03  -2.159991e+05   3.545531e+02   5.699647e+02   1.390013e+01
  6.370000e-03  -2.161374e+05   3.493468e+02   5.678041e+02   1.390026e+01
  6.380000e-03  -2.163795e+05   3.506092e+02   5.656415e+02   1.390040e+01
  6.390000e-03  -2.164958e+05   3.490877e+02   5.634771e+02   1.390053e+01
  6.400000e-03  -2.166051e+05   3.506871e+02   5.613116e+02   1.390077e+01
  6.410000e-03  -2.167477e+05   3.493174e+02   5.591448e+02   1.390116e+01
  6.420000e-03  -2.168795e+05   3.452164e+02   5.569767e+02   1.390163e+01
  6.430000e-03  -2.171378e+05   3.470571e+02   5.548066e+02   1.390212e+01
  6.440000e-03  -2.172334e+05   3.444316e+02   5.526347e+02   1.390264e+01
  6.450000e-03  -2.174153e+05   3.322435e+02   5.504615e+02   1.390315e+01
  6.460000e-03  -2.174357e+05   3.287063e+02   5.482872e+02   1.390353e+01
  6.470000e-03  -2.176558e+05   3.286499e+02   5.461118e+02   1.390391e+01
  6.480000e-03  -2.179670e+05   3.236644e+02   5.439337e+02   1.390439e+01
  6.490000e-03  -2.179723e+05   3.300846e+02   5.417540e+02   1.390497e+01
  6.500000e-03  -2.181548e+05   3.302639e+02   5.395733e+02   1.390558e+01
  6.510000e-03  -2.181996e+05   3.420809e+02   5.373916e+02   1.390618e+01
  6.520000e-03  -2.185070e+05   3.407462e+02   5.352080e+02   1.390674e+01
  6.530000e-03  -2.186504e+05   3.433059e+02   5.330223e+02   1.390726e+01
  6.540000e-03  -2.188898e+05   3.358801e+02   5.308345e+02   1.390782e+01
  6.550000e-03  -2.190267e+05   3.352808e+02   5.286450e+02   1.390841e+01
  6.560000e-03  -2.191358e+05   3.382806e+02   5.264542e+02   1.390901e+01
  6.570000e-03  -2.192594e+05   3.454732e+02   5.242622e+02   1.390956e+01
  6.580000e-03  -2.194466e+05   3.430084e+02   5.220686e+02   1.391004e+01
  6.590000e-03  -2.196082e+05   3.423164e+02   5.198734e+02   1.391047e+01
  6.600000e-03  -2.198156e+05   3.398943e+02   5.176763e+02   1.391087e+01
  6.610000e-03  -2.198712e+05   3.308072e+02   5.154778e+02   1.391117e+01
  6.620000e-03  -2.198681e+05   3.363297e+02   5.132791e+02   1.391140e+01
  6.630000e-03  -2.199620e+05   3.583215e+02   5.110800e+02   1.391164e+01
  6.640000e-03  -2.202136e+05   3.537514e+02   5.088791e+02   1.391187e+01
  6.650000e-03  -2.202689e+05   3.535398e+02   5.066767e+02   1.391210e+01
  6.660000e-03  -2.203619e+05   3.475888e+02   5.044735e+02   1.391242e+01
  6.670000e-03  -2.205713e+05   3.356025e+02   5.022689e+02   1.391278e+01
  6.680000e-03  -2.207527e+05   3.327756e+02   5.000622e+02   1.391306e+01
  6.690000e-03  -2.208479e+05   3.381118e+02   4.978542e+02   1.391329e+01
  6.700000e-03  -2.209689e+05   3.420665e+02   4.956452e+02   1.391347e+01
  6.710000e-03  -2.211135e+05   3.368252e+02   4.934347e+02   1.391360e+01
  6.720000e-03  -2.212233e+05   3.453349e+02   4.912231e+02   1.391369e+01
  6.730000e-03  -2.213880e+05   3.385446e+02   4.890100e+02   1.391374e+01
  6.740000e-03  -2.214159e+05   3.342286e+02   4.867960e+02   1.391378e+01
  6.750000e-03  -2.215517e+05   3.207363e+02   4.845811e+02   1.391384e+01
  6.760000e-03  -2.217134e+05   3.237778e+02   4.823648e+02   1.391391e+01
  6.770000e-03  -2.219076e+05   3.260346e+02   4.801467e+02   1.391396e+01
  6.780000e-03  -2.219883e+05   3.335763e+02   4.779272e+02   1.391390e+01
  6.790000e-03  -2.221347e+05   3.312361e+02   4.757066e+02   1.391377e+01
  6.800000e-03  -2.223093e+05   3.339591e+02   4.734844e+02   1.391368e+01
  6.810000e-03  -2.223540e+05   3.425211e+02   4.712611e+02   1.391361e+01
  6.820000e-03  -2.225379e+05   3.457130e+02   4.690366e+02   1.391352e+01
  6.830000e-03  -2.226911e+05   3.338149e+02   4.668105e+02   1.391343e+01
  6.840000e-03  -2.229269e+05   3.344855e+02   4.645824e+02   1.391337e+01
  6.850000e-03  -2.229360e+05   3.364991e+02   4.623531e+02   1.391326e+01
  6.860000e-03  -2.230657e+05   3.417515e+02   4.601231e+02   1.391312e+01
  6.870000e-03  -2.231493e+05   3.368713e+02   4.578920e+02   1.391298e+01
  6.880000e-03  -2.231839e+05   3.295269e+02   4.556603e+02   1.391288e+01
  6.890000e-03  -2.232472e+05   3.374481e+02   4.534282e+02   1.391284e+01
  6.900000e-03  -2.234192e+05   3.457712e+02   4.511948e+02   1.391282e+01
  6.910000e-03  -2.234291e+05   3.328997e+02   4.489606e+02   1.391281e+01
  6.920000e-03  -2.235896e+05   3.337354e+02   4.467255e+02   1.391281e+01
  6.930000e-03  -2.238702e+05   3.300178e+02   4.444882e+02   1.391279e+01
  6.940000e-03  -2.241085e+05   3.353013e+02   4.422483e+02   1.391280e+01
  6.950000e-03  -2.242377e+05   3.464515e+02   4.400066e+02   1.391291e+01
  6.960000e-03  -2.244592e+05   3.486897e+02   4.377631e+02   1.391310e+01
  6.970000e-03  -2.246420e+05   3.513980e+02   4.355176e+02   1.391331e+01
  6.980000e-03  -2.248107e+05   3.509967e+02   4.332703e+02   1.391351e+01
  6.990000e-03  -2.249831e+05   3.528854e+02   4.310214e+02   1.391366e+01
  7.000000e-03  -2.251420e+05   3.584393e+02   4.287707e+02   1.391374e+01
  7.010000e-03  -2.252375e+05   3.531655e+02   4.265188e+02   1.391377e+01
  7.020000e-03  -2.253978e+05   3.612921e+02   4.242657e+02   1.391376e+01
  7.030000e-03  -2.254849e+05   3.617409e+02   4.220112e+02   1.391376e+01
  7.040000e-03  -2.255210e+05   3.648756e+02   4.197562e+02   1.391370e+01
  7.050000e-03  -2.257877e+05   3.599647e+02   4.174997e+02   1.391364e+01
  7.060000e-03  -2.259341e+05   3.610896e+02   4.152411e+02   1.391364e+01
  7.070000e-03  -2.259803e+05   3.561425e+02   4.129815e+02   1.391365e+01
  7.080000e-03  -2.261847e+05   3.658101e+02   4.107207e+02   1.391364e+01
  7.090000e-03  -2.262421e+05   3.596480e+02   4.084585e+02   1.391363e+01
  7.100000e-03  -2.264057e+05   3.644390e+02   4.061953e+02   1.391362e+01
  7.110000e-03  -2.265162e+05   3.559080e+02   4.039307e+02   1.391366e+01
  7.120000e-03  -2.267617e+05   3.465723e+02   4.016643e+02   1.391376e+01
  7.130000e-03  -2.268404e+05   3.501298e+02   3.993963e+02   1.391385e+01
  7.140000e-03  -2.270151e+05   3.690756e+02   3.971270e+02   1.391392e+01
  7.150000e-03  -2.270201e+05   3.509333e+02   3.948568e+02   1.391401e+01
  7.160000e-03  -2.270463e+05   3.523863e+02   3.925865e+02   1.391408e+01
  7.170000e-03  -2.271730e+05   3.529619e+02   3.903154e+02   1.391412e+01
  7.180000e-03  -2.272827e+05   3.410589e+02   3.880431e+02   1.391415e+01
  7.190000e-03  -2.273837e+05   3.360256e+02   3.857698e+02   1.391420e+01
  7.200000e-03  -2.273645e+05   3.373262e+02   3.834960e+02   1.391427e+01
  7.210000e-03  -2.275327e+05   3.384773e+02   3.812216e+02   1.391437e+01
  7.220000e-03  -2.277387e+05   3.494192e+02   3.789452e+02   1.391448e+01
  7.230000e-03  -2.278875e+05   3.494682e+02   3.766671e+02   1.391459e+01
  7.240000e-03  -2.279542e+05   3.410333e+02   3.743879e+02   1.391476e+01
  7.250000e-03  -2.280570e+05   3.392152e+02   3.721078e+02   1.391495e+01
  7.260000e-03  -2.280990e+05   3.375276e+02   3.698270e+02   1.391505e+01
  7.270000e-03  -2.282649e+05   3.418770e+02   3.675452e+02   1.391509e+01
  7.280000e-03  -2.283859e+05   3.333758e+02   3.652620e+02   1.391512e+01
  7.290000e-03  -2.284455e+05   3.475222e+02   3.629778e+02   1.391522e+01
  7.300000e-03  -2.285406e+05   3.332560e+02   3.606929e+02   1.391537e+01
  7.310000e-03  -2.287314e+05   3.303154e+02   3.584065e+02   1.391556e+01
  7.320000e-03  -2.288535e+05   3.248242e+02   3.561186e+02   1.391582e+01
  7.330000e-03  -2.289725e+05   3.194024e+02   3.538295e+02   1.391607e+01
  7.340000e-03  -2.291628e+05   3.175200e+02   3.515388e+02   1.391624e+01
  7.350000e-03  -2.292498e+05   3.220474e+02   3.492467e+02   1.391638e+01
  7.360000e-03  -2.294584e+05   3.235138e+02   3.469532e+02   1.391653e+01
  7.370000e-03  -2.295770e+05   3.196985e+02   3.446580e+02   1.391666e+01
  7.380000e-03  -2.297480e+05   3.215540e+02   3.423614e+02   1.391680e+01
  7.390000e-03  -2.298326e+05   3.158827e+02   3.400635e+02   1.391701e+01
  7.400000e-03  -2.299640e+05   3.164559e+02   3.377645e+02   1.391725e+01
  7.410000e-03  -2.301093e+05   3.036384e+02   3.354641e+02   1.391741e+01
  7.420000e-03  -2.301591e+05   3.081274e+02   3.331628e+02   1.391752e+01
  7.430000e-03  -2.301412e+05   3.114234e+02   3.308613e+02   1.391766e+01
  7.440000e-03  -2.303745e+05   3.154445e+02   3.285587e+02   1.391774e+01
  7.450000e-03  -2.304387e+05   3.157060e+02   3.262546e+02   1.391770e+01
  7.460000e-03  -2.304682e+05   3.337740e+02   3.239501e+02   1.391760e+01
  7.470000e-03  -2.306113e+05   3.477918e+02   3.216447e+02   1.391757e+01
  7.480000e-03  -2.307426e+05   3.421310e+02   3.193379e+02   1.391759e+01
  7.490000e-03  -2.308529e+05   3.449134e+02   3.170300e+02   1.391764e+01
  7.500000e-03  -2.309561e+05   3.443070e+02   3.147209e+02   1.391775e+01
  7.510000e-03  -2.311558e+05   3.459520e+02   3.124103e+02   1.391792e+01
  7.520000e-03  -2.312745e+05   3.485075e+02   3.100982e+02   1.391811e+01
  7.530000e-03  -2.313883e+05   3.437971e+02   3.077849e+02   1.391830e+01
  7.540000e-03  -2.315002e+05   3.421824e+02   3.054704e+02   1.391857e+01
  7.550000e-03  -2.315731e+05   3.414016e+02   3.031551e+02   1.391889e+01
  7.560000e-03  -2.316416e+05   3.479198e+02   3.008390e+02   1.391928e+01
  7.570000e-03  -2.319151e+05   3.459756e+02   2.985212e+02   1.391968e+01
  7.580000e-03  -2.319979e+05   3.387448e+02   2.962017e+02   1.392007e+01
  7.590000e-03  -2.320149e+05   3.289028e+02   2.938816e+02   1.392042e+01
  7.600000e-03  -2.320551e+05   3.290085e+02   2.915612e+02   1.392072e+01
  7.610000e-03  -2.321130e+05   3.237469e+02   2.892404e+02   1.392107e+01
  7.620000e-03  -2.322984e+05   3.235805e+02   2.869183e+02   1.392145e+01
  7.630000e-03  -2.324641e+05   3.211937e+02   2.845945e+02   1.392185e+01
  7.640000e-03  -2.325948e+05   3.243183e+02   2.822692e+02   1.392222e+01
  7.650000e-03  -2.326711e+05   3.286403e+02   2.799429e+02   1.392255e+01
  7.660000e-03  -2.327562e+05   3.135350e+02   2.776158e+02   1.392282e+01
  7.670000e-03  -2.328388e+05   3.109158e+02   2.752878e+02   1.392307e+01
  7.680000e-03  -2.328530e+05   3.123106e+02   2.729593e+02   1.392332e+01
  7.690000e-03  -2.329757e+05   3.122759e+02   2.706302e+02   1.392352e+01
  7.700000e-03  -2.330838e+05   3.035534e+02   2.682999e+02   1.392364e+01
  7.710000e-03  -2.332737e+05   3.043473e+02   2.659681e+02   1.392369e+01
  7.720000e-03  -2.333940e+05   3.026450e+02   2.636348e+02   1.392373e+01
  7.730000e-03  -2.335373e+05   2.980565e+02   2.613001e+02   1.392381e+01
  7.740000e-03  -2.337190e+05   2.990644e+02   2.589638e+02   1.392393e+01
  7.750000e-03  -2.337696e+05   2.968968e+02   2.566264e+02   1.392403e+01
  7.760000e-03  -2.338691e+05   3.004695e+02   2.542882e+02   1.392411e+01
  7.770000e-03  -2.339257e+05   3.011022e+02   2.519492e+02   1.392421e+01
  7.780000e-03  -2.340740e+05   3.070314e+02   2.496092e+02   1.392431e+01
  7.790000e-03  -2.342420e+05   3.127389e+02   2.472676e+02   1.392439e+01
  7.800000e-03  -2.342252e+05   3.165555e+02   2.449253e+02   1.392438e+01
  7.810000e-03  -2.342869e+05   3.179661e+02   2.425827e+02   1.392434e+01
  7.820000e-03  -2.343006e+05   3.090271e+02   2.402398e+02   1.392434e+01
  7.830000e-03  -2.344529e+05   3.131060e+02   2.378960e+02   1.392437e+01
  7.840000e-03  -2.345943e+05   3.012861e+02   2.355508e+02   1.392440e+01
  7.850000e-03  -2.347190e+05   3.052694e+02   2.332042e+02   1.392448e+01
  7.860000e-03  -2.347545e+05   3.066714e+02   2.308569e+02   1.392460e+01
  7.870000e-03  -2.348557e+05   3.073174e+02   2.285088e+02   1.392470e+01
  7.880000e-03  -2.348518e+05   3.101959e+02   2.261603e+02   1.392474e+01
  7.890000e-03  -2.350578e+05   3.172173e+02   2.238107e+02   1.392472e+01
  7.900000e-03  -2.351676e+05   3.165047e+02   2.214596e+02   1.392464e+01
  7.910000e-03  -2.353367e+05   3.086138e+02   2.191071e+02   1.392450e+01
  7.920000e-03  -2.354458e+05   3.050966e+02   2.167532e+02   1.392431e+01
  7.930000e-03  -2.355394e+05   2.980324e+02   2.143982e+02   1.392409e+01
  7.940000e-03  -2.356645e+05   2.940363e+02   2.120422e+02   1.392388e+01
  7.950000e-03  -2.357702e+05   2.968064e+02   2.096851e+02   1.392371e+01
  7.960000e-03  -2.356782e+05   3.004125e+02   2.073278e+02   1.392358e+01
  7.970000e-03  -2.357744e+05   3.012549e+02   2.049705e+02   1.392347e+01
  7.980000e-03  -2.358959e+05   2.988029e+02   2.026122e+02   1.392337e+01
  7.990000e-03  -2.359810e+05   2.970530e+02   2.002528e+02   1.392324e+01
  8.000000e-03  -2.361792e+05   2.975528e+02   1.978920e+02   1.392300e+01
  8.010000e-03  -2.362806e+05   2.923073e+02   1.955297e+02   1.392270e+01
  8.020000e-03  -2.363866e+05   2.926920e+02   1.931664e+02   1.392244e+01
  8.030000e-03  -2.364858e+05   2.893923e+02   1.908020e+02   1.392218e+01
  8.040000e-03  -2.365125e+05   2.870022e+02   1.884370e+02   1.392194e+01
  8.050000e-03  -2.367939e+05   2.900884e+02   1.860705e+02   1.392179e+01
  8.060000e-03  -2.368684e+05   2.974111e+02   1.837022e+02   1.392175e+01
  8.070000e-03  -2.369199e+05   3.005546e+02   1.813332e+02   1.392181e+01
  8.080000e-03  -2.370032e+05   2.846223e+02   1.789636e+02   1.392196e+01
  8.090000e-03  -2.370933e+05   2.827477e+02   1.765931e+02   1.392210e+01
  8.100000e-03  -2.371552e+05   2.907707e+02   1.742219e+02   1.392221e+01
  8.110000e-03  -2.373962e+05   2.945931e+02   1.718491e+02   1.392228e+01
  8.120000e-03  -2.374925e+05   2.935399e+02   1.694747e+02   1.392234e+01
  8.130000e-03  -2.375525e+05   2.934564e+02   1.670995e+02   1.392242e+01
  8.140000e-03  -2.375540e+05   2.834112e+02   1.647239e+02   1.392254e+01
  8.150000e-03  -2.376406e+05   2.808741e+02   1.623480e+02   1.392272e+01
  8.160000e-03  -2.378572e+05   2.913277e+02   1.599705e+02   1.392296e+01
  8.170000e-03  -2.379230e+05   2.855463e+02   1.575916e+02   1.392320e+01
  8.180000e-03  -2.379711e+05   2.747749e+02   1.552121e+02   1.392339e+01
  8.190000e-03  -2.380781e+05   2.726131e+02   1.528319e+02   1.392355e+01
  8.200000e-03  -2.381590e+05   2.759114e+02   1.504507e+02   1.392367e+01
  8.210000e-03  -2.382320e+05   2.788667e+02   1.480687e+02   1.392381e+01
  8.220000e-03  -2.383508e+05   2.808351e+02   1.456858e+02   1.392394e+01
  8.230000e-03  -2.384918e+05   2.856563e+02   1.433016e+02   1.392405e+01
  8.240000e-03  -2.385332e+05   2.963336e+02   1.409165e+02   1.392423e+01
  8.250000e-03  -2.385796e+05   2.966297e+02   1.385309e+02   1.392443e+01
  8.260000e-03  -2.385937e+05   2.896123e+02   1.361450e+02   1.392465e+01
  8.270000e-03  -2.387178e+05   2.870221e+02   1.337585e+02   1.392490e+01
  8.280000e-03  -2.387672e+05   2.883036e+02   1.313711e+02   1.392519e+01
  8.290000e-03  -2.388446e+05   2.917799e+02   1.289830e+02   1.392552e+01
  8.300000e-03  -2.389127e+05   2.992666e+02   1.265942e+02   1.392587e+01
  8.310000e-03  -2.391559e+05   2.935808e+02   1.242039e+02   1.392618e+01
  8.320000e-03  -2.393015e+05   2.933610e+02   1.218116e+02   1.392641e+01
  8.330000e-03  -2.393940e+05   3.000173e+02   1.194181e+02   1.392652e+01
  8.340000e-03  -2.394457e+05   3.062041e+02   1.170239e+02   1.392660e+01
  8.350000e-03  -2.396080e+05   3.101818e+02   1.146286e+02   1.392672e+01
  8.360000e-03  -2.396659e+05   3.065514e+02   1.122323e+02   1.392685e+01
  8.370000e-03  -2.398262e+05   3.026353e+02   1.098348e+02   1.392699e+01
  8.380000e-03  -2.397976e+05   2.995728e+02   1.074367e+02   1.392714e+01
  8.390000e-03  -2.398471e+05   2.997464e+02   1.050385e+02   1.392721e+01
  8.400000e-03  -2.399248e+05   2.981749e+02   1.026396e+02   1.392717e+01
  8.410000e-03  -2.400456e+05   2.956809e+02   1.002397e+02   1.392709e+01
  8.420000e-03  -2.400811e+05   2.926997e+02   9.783911e+01   1.392697e+01
  8.430000e-03  -2.401536e+05   2.914842e+02   9.543794e+01   1.392687e+01
  8.440000e-03  -2.402138e+05   2.917633e+02   9.303610e+01   1.392681e+01
  8.450000e-03  -2.403535e+05   2.980781e+02   9.063327e+01   1.392675e+01
  8.460000e-03  -2.404895e+05   3.007446e+02   8.822905e+01   1.392674e+01
  8.470000e-03  -2.405666e+05   3.092718e+02   8.582377e+01   1.392683e+01
  8.480000e-03  -2.405617e+05   3.175639e+02   8.341813e+01   1.392701e+01
  8.490000e-03  -2.406414e+05   3.155216e+02   8.101211e+01   1.392718e+01
  8.500000e-03  -2.407873e+05   3.144766e+02   7.860497e+01   1.392728e+01
  8.510000e-03  -2.409021e+05   3.152316e+02   7.619652e+01   1.392740e+01
  8.520000e-03  -2.409568e+05   3.135544e+02   7.378723e+01   1.392752e+01
  8.530000e-03  -2.410348e+05   3.095889e+02   7.137727e+01   1.392761e+01
  8.540000e-03  -2.411648e+05   3.024119e+02   6.896627e+01   1.392768e+01
  8.550000e-03  -2.413070e+05   3.006946e+02   6.655391e+01   1.392778e+01
  8.560000e-03  -2.413426e+05   2.983173e+02   6.414067e+01   1.392786e+01
  8.570000e-03  -2.414520e+05   2.921794e+02   6.172669e+01   1.392794e+01
  8.580000e-03  -2.413534e+05   2.898323e+02   5.931267e+01   1.392802e+01
  8.590000e-03  -2.414276e+05   2.903506e+02   5.689876e+01   1.392809e+01
  8.600000e-03  -2.415738e+05   2.835958e+02   5.448375e+01   1.392815e+01
  8.610000e-03  -2.415701e+05   2.816538e+02   5.206804e+01   1.392820e+01
  8.620000e-03  -2.416763e+05   2.877701e+02   4.965180e+01   1.392828e+01
  8.630000e-03  -2.416851e+05   2.851869e+02   4.723500e+01   1.392838e+01
  8.640000e-03  -2.417759e+05   2.792945e+02   4.481769e+01   1.392846e+01
  8.650000e-03  -2.418636e+05   2.817013e+02   4.239949e+01   1.392850e+01
  8.660000e-03  -2.419917e+05   2.789132e+02   3.998022e+01   1.392851e+01
  8.670000e-03  -2.420187e+05   2.664576e+02   3.756017e+01   1.392851e+01
  8.680000e-03  -2.422070e+05   2.640841e+02   3.513904e+01   1.392851e+01
  8.690000e-03  -2.422876e+05   2.699877e+02   3.271656e+01   1.392854e+01
  8.700000e-03  -2.424035e+05   2.685883e+02   3.029311e+01   1.392857e+01
  8.710000e-03  -2.424909e+05   2.731336e+02   2.786864e+01   1.392857e+01
  8.720000e-03  -2.426412e+05   2.708009e+02   2.544298e+01   1.392850e+01
  8.730000e-03  -2.426903e+05   2.640738e+02   2.301632e+01   1.392841e+01
  8.740000e-03  -2.427849e+05   2.604469e+02   2.058894e+01   1.392832e+01
  8.750000e-03  -2.428488e+05   2.643571e+02   1.816077e+01   1.392822e+01
  8.760000e-03  -2.429603e+05   2.646871e+02   1.573173e+01   1.392810e+01
  8.770000e-03  -2.431036e+05   2.559406e+02   1.330141e+01   1.392798e+01
  8.780000e-03  -2.432303e+05   2.532610e+02   1.086974e+01   1.392790e+01
  8.790000e-03  -2.432903e+05   2.536091e+02   8.437135e+00   1.392787e+01
  8.800000e-03  -2.434196e+05   2.591108e+02   6.003586e+00   1.392785e+01
  8.810000e-03  -2.435056e+05   2.697255e+02   3.568960e+00   1.392785e+01
  8.820000e-03  -2.436318e+05   2.676950e+02   1.133273e+00   1.392790e+01
  8.830000e-03  -2.436745e+05   2.680335e+02  -1.303259e+00   1.392798e+01
  8.840000e-03  -2.437761e+05   2.737315e+02  -3.740512e+00   1.392809e+01
  8.850000e-03  -2.438215e+05   2.671340e+02  -6.178500e+00   1.392827e+01
  8.860000e-03  -2.439177e+05   2.633525e+02  -8.617196e+00   1.392851e+01
  8.870000e-03  -2.440143e+05   2.644744e+02  -1.105686e+01   1.392883e+01
  8.880000e-03  -2.441495e+05   2.704269e+02  -1.349768e+01   1.392923e+01
  8.890000e-03  -2.442599e+05   2.631330e+02  -1.593972e+01   1.392970e+01
  8.900000e-03  -2.443230e+05   2.652597e+02  -1.838264e+01   1.393018e+01
  8.910000e-03  -2.443422e+05   2.637975e+02  -2.082596e+01   1.393061e+01
  8.920000e-03  -2.444119e+05   2.640379e+02  -2.326973e+01   1.393102e+01
  8.930000e-03  -2.445175e+05   2.677539e+02  -2.571438e+01   1.393145e+01
  8.940000e-03  -2.446802e+05   2.621981e+02  -2.816037e+01   1.393186e+01
  8.950000e-03  -2.447298e+05   2.608430e+02  -3.060742e+01   1.393227e+01
  8.960000e-03  -2.448077e+05   2.537747e+02  -3.305511e+01   1.393276e+01
  8.970000e-03  -2.449401e+05   2.496137e+02  -3.550385e+01   1.393327e+01
  8.980000e-03  -2.449378e+05   2.468462e+02  -3.795324e+01   1.393381e+01
  8.990000e-03  -2.449807e+05   2.562812e+02  -4.040283e+01   1.393433e+01
  9.000000e-03  -2.450547e+05   2.474896e+02  -4.285301e+01   1.393481e+01
  9.010000e-03  -2.451042e+05   2.488437e+02  -4.530380e+01   1.393528e+01
  9.020000e-03  -2.452138e+05   2.435415e+02  -4.775539e+01   1.393574e+01
  9.030000e-03  -2.452933e+05   2.428570e+02  -5.020793e+01   1.393616e+01
  9.040000e-03  -2.453731e+05   2.402570e+02  -5.266126e+01   1.393652e+01
  9.050000e-03  -2.453849e+05   2.322216e+02  -5.511505e+01   1.393685e+01
  9.060000e-03  -2.454746e+05   2.356204e+02  -5.756934e+01   1.393715e+01
  9.070000e-03  -2.455645e+05   2.419564e+02  -6.002454e+01   1.393739e+01
  9.080000e-03  -2.456584e+05   2.368075e+02  -6.248065e+01   1.393759e+01
  9.090000e-03  -2.457911e+05   2.411463e+02  -6.493790e+01   1.393781e+01
  9.100000e-03  -2.458668e+05   2.442862e+02  -6.739619e+01   1.393803e+01
  9.110000e-03  -2.459749e+05   2.516931e+02  -6.985540e+01   1.393826e+01
  9.120000e-03  -2.460330e+05   2.629260e+02  -7.231544e+01   1.393851e+01
  9.130000e-03  -2.461375e+05   2.587462e+02  -7.477629e+01   1.393877e+01
  9.140000e-03  -2.461680e+05   2.497525e+02  -7.723782e+01   1.393904e+01
  9.150000e-03  -2.461870e+05   2.501878e+02  -7.969959e+01   1.393925e+01
  9.160000e-03  -2.462676e+05   2.574594e+02  -8.216187e+01   1.393942e+01
  9.170000e-03  -2.463666e+05   2.584376e+02  -8.462504e+01   1.393958e+01
  9.180000e-03  -2.464113e+05   2.629583e+02  -8.708893e+01   1.393976e+01
  9.190000e-03  -2.464572e+05   2.641877e+02  -8.955327e+01   1.393990e+01
  9.200000e-03  -2.465718e+05   2.576856e+02  -9.201842e+01   1.393997e+01
  9.210000e-03  -2.466187e+05   2.622464e+02  -9.448437e+01   1.394000e+01
  9.220000e-03  -2.467641e+05   2.657479e+02  -9.695128e+01   1.394003e+01
  9.230000e-03  -2.468113e+05   2.678670e+02  -9.941916e+01   1.394005e+01
  9.240000e-03  -2.468956e+05   2.708617e+02  -1.018877e+02   1.394007e+01
  9.250000e-03  -2.469648e+05   2.623434e+02  -1.043570e+02   1.394004e+01
  9.260000e-03  -2.471139e+05   2.648925e+02  -1.068274e+02   1.393997e+01
  9.270000e-03  -2.472593e+05   2.598296e+02  -1.092993e+02   1.393996e+01
  9.280000e-03  -2.473713e+05   2.599689e+02  -1.117724e+02   1.394000e+01
  9.290000e-03  -2.474088e+05   2.629728e+02  -1.142463e+02   1.394005e+01
  9.300000e-03  -2.475614e+05   2.653252e+02  -1.167212e+02   1.394013e+01
  9.310000e-03  -2.476081e+05   2.632990e+02  -1.191970e+02   1.394028e+01
  9.320000e-03  -2.477286e+05   2.586995e+02  -1.216737e+02   1.394040e+01
  9.330000e-03  -2.477532e+05   2.586197e+02  -1.241511e+02   1.394052e+01
  9.340000e-03  -2.477790e+05   2.710820e+02  -1.266288e+02   1.394067e+01
  9.350000e-03  -2.476605e+05   2.793699e+02  -1.291060e+02   1.394086e+01
  9.360000e-03  -2.476884e+05   2.822935e+02  -1.315827e+02   1.394111e+01
  9.370000e-03  -2.477818e+05   2.819240e+02  -1.340601e+02   1.394134e+01
  9.380000e-03  -2.478034e+05   2.810875e+02  -1.365380e+02   1.394156e+01
  9.390000e-03  -2.478413e+05   2.726191e+02  -1.390162e+02   1.394178e+01
  9.400000e-03  -2.478384e+05   2.661633e+02  -1.414946e+02   1.394198e+01
  9.410000e-03  -2.479708e+05   2.653000e+02  -1.439736e+02   1.394219e+01
  9.420000e-03  -2.481022e+05   2.537869e+02  -1.464540e+02   1.394246e+01
  9.430000e-03  -2.481784e+05   2.473851e+02  -1.489354e+02   1.394273e+01
  9.440000e-03  -2.482635e+05   2.510137e+02  -1.514176e+02   1.394295e+01
  9.450000e-03  -2.482618e+05   2.462884e+02  -1.539003e+02   1.394319e+01
  9.460000e-03  -2.483651e+05   2.455632e+02  -1.563834e+02   1.394347e+01
  9.470000e-03  -2.484045e+05   2.459034e+02  -1.588672e+02   1.394380e+01
  9.480000e-03  -2.484779e+05   2.424364e+02  -1.613516e+02   1.394417e+01
  9.490000e-03  -2.486322e+05   2.367223e+02  -1.638372e+02   1.394457e+01
  9.500000e-03  -2.486141e+05   2.471428e+02  -1.663234e+02   1.394493e+01
  9.510000e-03  -2.486773e+05   2.494453e+02  -1.688099e+02   1.394530e+01
  9.520000e-03  -2.487854e+05   2.489688e+02  -1.712972e+02   1.394566e+01
  9.530000e-03  -2.488985e+05   2.510421e+02  -1.737856e+02   1.394600e+01
  9.540000e-03  -2.489367e+05   2.446598e+02  -1.762748e+02   1.394635e+01
  9.550000e-03  -2.489595e+05   2.417366e+02  -1.787643e+02   1.394674e+01
  9.560000e-03  -2.489890e+05   2.453750e+02  -1.812540e+02   1.394716e+01
  9.570000e-03  -2.490965e+05   2.477169e+02  -1.837444e+02   1.394754e+01
  9.580000e-03  -2.492034e+05   2.358358e+02  -1.862359e+02   1.394791e+01
  9.590000e-03  -2.491717e+05   2.388735e+02  -1.887278e+02   1.394830e+01
  9.600000e-03  -2.493213e+05   2.432203e+02  -1.912203e+02   1.394868e+01
  9.610000e-03  -2.493114e+05   2.523627e+02  -1.937134e+02   1.394902e+01
  9.620000e-03  -2.494027e+05   2.406906e+02  -1.962070e+02   1.394933e+01
  9.630000e-03  -2.494966e+05   2.464745e+02  -1.987015e+02   1.394960e+01
  9.640000e-03  -2.495522e+05   2.452965e+02  -2.011968e+02   1.394990e+01
  9.650000e-03  -2.496259e+05   2.504194e+02  -2.036926e+02   1.395031e+01
  9.660000e-03  -2.497349e+05   2.521314e+02  -2.061895e+02   1.395078e+01
  9.670000e-03  -2.498545e+05   2.479517e+02  -2.086874e+02   1.395132e+01
  9.680000e-03  -2.499265e+05   2.516427e+02  -2.111863e+02   1.395190e+01
  9.690000e-03  -2.500041e+05   2.650953e+02  -2.136860e+02   1.395249e+01
  9.700000e-03  -2.500807e+05   2.663914e+02  -2.161864e+02   1.395316e+01
  9.710000e-03  -2.501136e+05   2.591928e+02  -2.186874e+02   1.395388e+01
  9.720000e-03  -2.501676e+05   2.527271e+02  -2.211888e+02   1.395455e+01
  9.730000e-03  -2.502341e+05   2.475438e+02  -2.236908e+02   1.395510e+01
  9.740000e-03  -2.503309e+05   2.415098e+02  -2.261936e+02   1.395555e+01
  9.750000e-03  -2.505207e+05   2.448060e+02  -2.286979e+02   1.395601e+01
  9.760000e-03  -2.505250e+05   2.294839e+02  -2.312031e+02   1.395650e+01
  9.770000e-03  -2.506225e+05   2.283666e+02  -2.337088e+02   1.395692e+01
  9.780000e-03  -2.506026e+05   2.385481e+02  -2.362149e+02   1.395731e+01
  9.790000e-03  -2.506309e+05   2.456922e+02  -2.387211e+02   1.395772e+01
  9.800000e-03  -2.507315e+05   2.374820e+02  -2.412279e+02   1.395811e+01
  9.810000e-03  -2.507027e+05   2.354027e+02  -2.437351e+02   1.395846e+01
  9.820000e-03  -2.507247e+05   2.372759e+02  -2.462422e+02   1.395884e+01
  9.830000e-03  -2.507235e+05   2.322514e+02  -2.487495e+02   1.395923e+01
  9.840000e-03  -2.508879e+05   2.310307e+02  -2.512575e+02   1.395956e+01
  9.850000e-03  -2.508731e+05   2.277105e+02  -2.537663e+02   1.395982e+01
  9.860000e-03  -2.509199e+05   2.221072e+02  -2.562753e+02   1.396005e+01
  9.870000e-03  -2.509670e+05   2.196876e+02  -2.587847e+02   1.396029e+01
  9.880000e-03  -2.510893e+05   2.265408e+02  -2.612950e+02   1.396053e+01
  9.890000e-03  -2.511840e+05   2.274051e+02  -2.638064e+02   1.396068e+01
  9.900000e-03  -2.513004e+05   2.225345e+02  -2.663188e+02   1.396078e+01
  9.910000e-03  -2.513944e+05   2.174447e+02  -2.688323e+02   1.396088e+01
  9.920000e-03  -2.514738e+05   2.158544e+02  -2.713466e+02   1.396100e+01
  9.930000e-03  -2.515521e+05   2.216948e+02  -2.738617e+02   1.396109e+01
  9.940000e-03  -2.516774e+05   2.222558e+02  -2.763779e+02   1.396114e+01
  9.950000e-03  -2.516911e+05   2.225592e+02  -2.788947e+02   1.396116e+01
  9.960000e-03  -2.516872e+05   2.241907e+02  -2.814116e+02   1.396119e+01
  9.970000e-03  -2.516840e+05   2.329753e+02  -2.839285e+02   1.396123e+01
  9.980000e-03  -2.518000e+05   2.329209e+02  -2.864459e+02   1.396128e+01
  9.990000e-03  -2.518690e+05   2.242279e+02  -2.889643e+02   1.396134e+01
  1.000000e-02  -2.519781e+05   2.293897e+02  -2.914835e+02   1.396143e+01